#
# There is insufficient memory for the Java Runtime Environment to continue.
# Native memory allocation (mmap) failed to map 222298112 bytes for G1 virtual space
# Possible reasons:
#   The system is out of physical RAM or swap space
#   The process is running with CompressedOops enabled, and the Java Heap may be blocking the growth of the native heap
# Possible solutions:
#   Reduce memory load on the system
#   Increase physical memory or swap space
#   Check if swap backing store is full
#   Decrease Java heap size (-Xmx/-Xms)
#   Decrease number of Java threads
#   Decrease Java thread stack sizes (-Xss)
#   Set larger code cache with -XX:ReservedCodeCacheSize=
#   JVM is running with Unscaled Compressed Oops mode in which the Java heap is
#     placed in the first 4GB address space. The Java Heap base address is the
#     maximum limit for the native heap growth. Please use -XX:HeapBaseMinAddress
#     to set the Java Heap base and to place the Java Heap above 4GB virtual address.
# This output file may be truncated or incomplete.
#
#  Out of Memory Error (os_windows.cpp:3535), pid=11884, tid=6248
#
# JRE version: Java(TM) SE Runtime Environment (17.0.4+11) (build 17.0.4+11-LTS-179)
# Java VM: Java HotSpot(TM) 64-Bit Server VM (17.0.4+11-LTS-179, mixed mode, sharing, tiered, compressed oops, compressed class ptrs, g1 gc, windows-amd64)
# No core dump will be written. Minidumps are not enabled by default on client versions of Windows
#

---------------  S U M M A R Y ------------

Command Line: --add-opens=java.base/java.util=ALL-UNNAMED --add-opens=java.base/java.lang=ALL-UNNAMED --add-opens=java.base/java.lang.invoke=ALL-UNNAMED --add-opens=java.prefs/java.util.prefs=ALL-UNNAMED --add-opens=java.base/java.nio.charset=ALL-UNNAMED --add-opens=java.base/java.net=ALL-UNNAMED --add-opens=java.base/java.util.concurrent.atomic=ALL-UNNAMED -Xmx2048m -Dfile.encoding=UTF-8 -Duser.country=US -Duser.language=en -Duser.variant org.gradle.launcher.daemon.bootstrap.GradleDaemon 8.0

Host: Intel(R) Core(TM) i5-2410M CPU @ 2.30GHz, 4 cores, 7G,  Windows 10 , 64 bit Build 19041 (10.0.19041.3636)
Time: Thu Dec 14 20:32:13 2023 Sri Lanka Standard Time elapsed time: 31.265658 seconds (0d 0h 0m 31s)

---------------  T H R E A D  ---------------

Current thread (0x000002123c21c300):  VMThread "VM Thread" [stack: 0x0000008bf8b00000,0x0000008bf8c00000] [id=6248]

Stack: [0x0000008bf8b00000,0x0000008bf8c00000]
Native frames: (J=compiled Java code, j=interpreted, Vv=VM code, C=native code)
V  [jvm.dll+0x6723da]
V  [jvm.dll+0x7d1f74]
V  [jvm.dll+0x7d371e]
V  [jvm.dll+0x7d3d83]
V  [jvm.dll+0x242ed5]
V  [jvm.dll+0x66f2f9]
V  [jvm.dll+0x663c42]
V  [jvm.dll+0x30103b]
V  [jvm.dll+0x3085d6]
V  [jvm.dll+0x35844e]
V  [jvm.dll+0x35867f]
V  [jvm.dll+0x2d8258]
V  [jvm.dll+0x2d6524]
V  [jvm.dll+0x2d5b2c]
V  [jvm.dll+0x31959b]
V  [jvm.dll+0x7d825b]
V  [jvm.dll+0x7d8f94]
V  [jvm.dll+0x7d94ac]
V  [jvm.dll+0x7d9884]
V  [jvm.dll+0x7d9950]
V  [jvm.dll+0x78201a]
V  [jvm.dll+0x671265]
C  [ucrtbase.dll+0x21bb2]
C  [KERNEL32.DLL+0x17344]
C  [ntdll.dll+0x526b1]

VM_Operation (0x0000008bfbffd910): G1CollectForAllocation, mode: safepoint, requested by thread 0x0000021240c4f4e0


---------------  P R O C E S S  ---------------

Threads class SMR info:
_java_thread_list=0x000002124057cbd0, length=88, elements={
0x000002121e78b3e0, 0x000002123c21fe00, 0x000002123c220b80, 0x000002123c228e20,
0x000002123c22b6f0, 0x000002123c22bfb0, 0x000002123c22e880, 0x000002123c233190,
0x000002123c23baa0, 0x000002123c243fe0, 0x000002123f135600, 0x000002123f139ef0,
0x00000212401c3d20, 0x00000212414adb00, 0x0000021240ee9cd0, 0x000002124121ac80,
0x0000021241026e40, 0x00000212402eef30, 0x00000212402ef400, 0x00000212402efda0,
0x00000212402ef8d0, 0x00000212402edbf0, 0x00000212402ec8b0, 0x00000212402ee0c0,
0x00000212402ee590, 0x00000212402eea60, 0x00000212402ed720, 0x00000212402ed250,
0x00000212402f0270, 0x00000212402ecd80, 0x0000021240c48b00, 0x0000021240c4b650,
0x0000021240c4b180, 0x0000021240c4bb20, 0x0000021240c48630, 0x0000021240c48fd0,
0x0000021240c4c4c0, 0x0000021240c4e670, 0x0000021240c4ce60, 0x0000021240c4e1a0,
0x0000021240c4eb40, 0x0000021240c4dcd0, 0x0000021240c4a7e0, 0x0000021240c4c990,
0x0000021240c4f010, 0x0000021240c4f4e0, 0x0000021240c4d330, 0x0000021240c4f9b0,
0x0000021240c48160, 0x0000021240c49970, 0x0000021240c4a310, 0x0000021240c4acb0,
0x0000021244322540, 0x0000021244327710, 0x0000021244324bc0, 0x0000021244327240,
0x0000021244323880, 0x0000021244322a10, 0x0000021244322ee0, 0x00000212443268a0,
0x00000212443293f0, 0x0000021244326d70, 0x0000021244328580, 0x0000021244324220,
0x00000212443298c0, 0x00000212443233b0, 0x0000021244322070, 0x00000212443246f0,
0x0000021244327be0, 0x0000021244323d50, 0x0000021244325090, 0x0000021244325a30,
0x0000021244328a50, 0x0000021244325f00, 0x00000212443280b0, 0x0000021244325560,
0x00000212443263d0, 0x0000021244328f20, 0x000002123f870d40, 0x000002123f874bd0,
0x000002123f872080, 0x000002123f8768b0, 0x000002123f8733c0, 0x000002123f873890,
0x000002123f872550, 0x000002123f86f060, 0x0000021246dd64b0, 0x00000212472ca620
}

Java Threads: ( => current thread )
  0x000002121e78b3e0 JavaThread "main" [_thread_blocked, id=11332, stack(0x0000008bf8500000,0x0000008bf8600000)]
  0x000002123c21fe00 JavaThread "Reference Handler" daemon [_thread_blocked, id=11120, stack(0x0000008bf8c00000,0x0000008bf8d00000)]
  0x000002123c220b80 JavaThread "Finalizer" daemon [_thread_blocked, id=12140, stack(0x0000008bf8d00000,0x0000008bf8e00000)]
  0x000002123c228e20 JavaThread "Signal Dispatcher" daemon [_thread_blocked, id=244, stack(0x0000008bf8e00000,0x0000008bf8f00000)]
  0x000002123c22b6f0 JavaThread "Attach Listener" daemon [_thread_blocked, id=10316, stack(0x0000008bf8f00000,0x0000008bf9000000)]
  0x000002123c22bfb0 JavaThread "Service Thread" daemon [_thread_blocked, id=12352, stack(0x0000008bf9000000,0x0000008bf9100000)]
  0x000002123c22e880 JavaThread "Monitor Deflation Thread" daemon [_thread_blocked, id=11444, stack(0x0000008bf9100000,0x0000008bf9200000)]
  0x000002123c233190 JavaThread "C2 CompilerThread0" daemon [_thread_blocked, id=8820, stack(0x0000008bf9200000,0x0000008bf9300000)]
  0x000002123c23baa0 JavaThread "C1 CompilerThread0" daemon [_thread_blocked, id=2736, stack(0x0000008bf9300000,0x0000008bf9400000)]
  0x000002123c243fe0 JavaThread "Sweeper thread" daemon [_thread_blocked, id=12668, stack(0x0000008bf9400000,0x0000008bf9500000)]
  0x000002123f135600 JavaThread "Common-Cleaner" daemon [_thread_blocked, id=7988, stack(0x0000008bf9500000,0x0000008bf9600000)]
  0x000002123f139ef0 JavaThread "Notification Thread" daemon [_thread_blocked, id=11816, stack(0x0000008bf9600000,0x0000008bf9700000)]
  0x00000212401c3d20 JavaThread "Daemon health stats" [_thread_blocked, id=8896, stack(0x0000008bf9c00000,0x0000008bf9d00000)]
  0x00000212414adb00 JavaThread "Incoming local TCP Connector on port 3882" [_thread_in_native, id=9472, stack(0x0000008bf9800000,0x0000008bf9900000)]
  0x0000021240ee9cd0 JavaThread "Daemon periodic checks" [_thread_blocked, id=5072, stack(0x0000008bf9d00000,0x0000008bf9e00000)]
  0x000002124121ac80 JavaThread "Daemon" [_thread_blocked, id=996, stack(0x0000008bf9f00000,0x0000008bfa000000)]
  0x0000021241026e40 JavaThread "Handler for socket connection from /127.0.0.1:3882 to /127.0.0.1:3883" [_thread_in_native, id=13056, stack(0x0000008bfa000000,0x0000008bfa100000)]
  0x00000212402eef30 JavaThread "Cancel handler" [_thread_blocked, id=9936, stack(0x0000008bfa100000,0x0000008bfa200000)]
  0x00000212402ef400 JavaThread "Daemon worker" [_thread_blocked, id=5040, stack(0x0000008bfa200000,0x0000008bfa300000)]
  0x00000212402efda0 JavaThread "Asynchronous log dispatcher for DefaultDaemonConnection: socket connection from /127.0.0.1:3882 to /127.0.0.1:3883" [_thread_blocked, id=12384, stack(0x0000008bfa300000,0x0000008bfa400000)]
  0x00000212402ef8d0 JavaThread "Stdin handler" [_thread_blocked, id=3688, stack(0x0000008bfa400000,0x0000008bfa500000)]
  0x00000212402edbf0 JavaThread "Daemon client event forwarder" [_thread_blocked, id=10096, stack(0x0000008bfa500000,0x0000008bfa600000)]
  0x00000212402ec8b0 JavaThread "Cache worker for journal cache (C:\Users\Aadhil Ahamed\.gradle\caches\journal-1)" [_thread_blocked, id=12704, stack(0x0000008bf9e00000,0x0000008bf9f00000)]
  0x00000212402ee0c0 JavaThread "File lock request listener" [_thread_in_native, id=11860, stack(0x0000008bfa600000,0x0000008bfa700000)]
  0x00000212402ee590 JavaThread "Cache worker for file hash cache (C:\Users\Aadhil Ahamed\.gradle\caches\8.0\fileHashes)" [_thread_blocked, id=4720, stack(0x0000008bfa800000,0x0000008bfa900000)]
  0x00000212402eea60 JavaThread "File watcher server" daemon [_thread_in_native, id=11808, stack(0x0000008bfa900000,0x0000008bfaa00000)]
  0x00000212402ed720 JavaThread "File watcher consumer" daemon [_thread_blocked, id=10052, stack(0x0000008bfaa00000,0x0000008bfab00000)]
  0x00000212402ed250 JavaThread "Cache worker for checksums cache (C:\Users\Aadhil Ahamed\AndroidStudioProjects\CineWorldDigital\.gradle\8.0\checksums)" [_thread_blocked, id=12020, stack(0x0000008bfa700000,0x0000008bfa800000)]
  0x00000212402f0270 JavaThread "Cache worker for cache directory md-rule (C:\Users\Aadhil Ahamed\.gradle\caches\8.0\md-rule)" [_thread_blocked, id=2052, stack(0x0000008bfab00000,0x0000008bfac00000)]
  0x00000212402ecd80 JavaThread "Cache worker for file content cache (C:\Users\Aadhil Ahamed\.gradle\caches\8.0\fileContent)" [_thread_blocked, id=1048, stack(0x0000008bfad00000,0x0000008bfae00000)]
  0x0000021240c48b00 JavaThread "Cache worker for file hash cache (C:\Users\Aadhil Ahamed\AndroidStudioProjects\CineWorldDigital\.gradle\8.0\fileHashes)" [_thread_blocked, id=5056, stack(0x0000008bfae00000,0x0000008bfaf00000)]
  0x0000021240c4b650 JavaThread "Cache worker for cache directory md-supplier (C:\Users\Aadhil Ahamed\.gradle\caches\8.0\md-supplier)" [_thread_blocked, id=9280, stack(0x0000008bfb100000,0x0000008bfb200000)]
  0x0000021240c4b180 JavaThread "Cache worker for execution history cache (C:\Users\Aadhil Ahamed\.gradle\caches\8.0\executionHistory)" [_thread_blocked, id=11340, stack(0x0000008bfac00000,0x0000008bfad00000)]
  0x0000021240c4bb20 JavaThread "jar transforms" [_thread_blocked, id=9652, stack(0x0000008bfb300000,0x0000008bfb400000)]
  0x0000021240c48630 JavaThread "jar transforms Thread 2" [_thread_blocked, id=6884, stack(0x0000008bfb400000,0x0000008bfb500000)]
  0x0000021240c48fd0 JavaThread "jar transforms Thread 3" [_thread_blocked, id=6664, stack(0x0000008bfb500000,0x0000008bfb600000)]
  0x0000021240c4c4c0 JavaThread "jar transforms Thread 4" [_thread_blocked, id=7916, stack(0x0000008bfb600000,0x0000008bfb700000)]
  0x0000021240c4e670 JavaThread "Cache worker for dependencies-accessors (C:\Users\Aadhil Ahamed\AndroidStudioProjects\CineWorldDigital\.gradle\8.0\dependencies-accessors)" [_thread_blocked, id=6784, stack(0x0000008bfb700000,0x0000008bfb800000)]
  0x0000021240c4ce60 JavaThread "Cache worker for Build Output Cleanup Cache (C:\Users\Aadhil Ahamed\AndroidStudioProjects\CineWorldDigital\.gradle\buildOutputCleanup)" [_thread_blocked, id=8312, stack(0x0000008bfb800000,0x0000008bfb900000)]
  0x0000021240c4e1a0 JavaThread "Unconstrained build operations" [_thread_blocked, id=7684, stack(0x0000008bfb900000,0x0000008bfba00000)]
  0x0000021240c4eb40 JavaThread "Unconstrained build operations Thread 2" [_thread_blocked, id=8428, stack(0x0000008bfba00000,0x0000008bfbb00000)]
  0x0000021240c4dcd0 JavaThread "Unconstrained build operations Thread 3" [_thread_blocked, id=10848, stack(0x0000008bfbb00000,0x0000008bfbc00000)]
  0x0000021240c4a7e0 JavaThread "Unconstrained build operations Thread 4" [_thread_blocked, id=12292, stack(0x0000008bfbc00000,0x0000008bfbd00000)]
  0x0000021240c4c990 JavaThread "Unconstrained build operations Thread 5" [_thread_blocked, id=8712, stack(0x0000008bfbd00000,0x0000008bfbe00000)]
  0x0000021240c4f010 JavaThread "Unconstrained build operations Thread 6" [_thread_blocked, id=8840, stack(0x0000008bfbe00000,0x0000008bfbf00000)]
  0x0000021240c4f4e0 JavaThread "Unconstrained build operations Thread 7" [_thread_blocked, id=11352, stack(0x0000008bfbf00000,0x0000008bfc000000)]
  0x0000021240c4d330 JavaThread "Unconstrained build operations Thread 8" [_thread_blocked, id=11688, stack(0x0000008bfc000000,0x0000008bfc100000)]
  0x0000021240c4f9b0 JavaThread "Unconstrained build operations Thread 9" [_thread_blocked, id=1736, stack(0x0000008bfc100000,0x0000008bfc200000)]
  0x0000021240c48160 JavaThread "Unconstrained build operations Thread 10" [_thread_blocked, id=5880, stack(0x0000008bfc200000,0x0000008bfc300000)]
  0x0000021240c49970 JavaThread "Unconstrained build operations Thread 11" [_thread_blocked, id=10736, stack(0x0000008bfc300000,0x0000008bfc400000)]
  0x0000021240c4a310 JavaThread "Unconstrained build operations Thread 12" [_thread_blocked, id=5380, stack(0x0000008bfc400000,0x0000008bfc500000)]
  0x0000021240c4acb0 JavaThread "Unconstrained build operations Thread 13" [_thread_blocked, id=13084, stack(0x0000008bfc500000,0x0000008bfc600000)]
  0x0000021244322540 JavaThread "Unconstrained build operations Thread 14" [_thread_blocked, id=13040, stack(0x0000008bfc600000,0x0000008bfc700000)]
  0x0000021244327710 JavaThread "Unconstrained build operations Thread 15" [_thread_blocked, id=11868, stack(0x0000008bfc700000,0x0000008bfc800000)]
  0x0000021244324bc0 JavaThread "Unconstrained build operations Thread 16" [_thread_blocked, id=11316, stack(0x0000008bfc800000,0x0000008bfc900000)]
  0x0000021244327240 JavaThread "Unconstrained build operations Thread 17" [_thread_blocked, id=7908, stack(0x0000008bfc900000,0x0000008bfca00000)]
  0x0000021244323880 JavaThread "Unconstrained build operations Thread 18" [_thread_blocked, id=1700, stack(0x0000008bfca00000,0x0000008bfcb00000)]
  0x0000021244322a10 JavaThread "Unconstrained build operations Thread 19" [_thread_blocked, id=10636, stack(0x0000008bfcb00000,0x0000008bfcc00000)]
  0x0000021244322ee0 JavaThread "Unconstrained build operations Thread 20" [_thread_blocked, id=5588, stack(0x0000008bfcc00000,0x0000008bfcd00000)]
  0x00000212443268a0 JavaThread "Unconstrained build operations Thread 21" [_thread_blocked, id=2536, stack(0x0000008bfcd00000,0x0000008bfce00000)]
  0x00000212443293f0 JavaThread "Unconstrained build operations Thread 22" [_thread_blocked, id=6088, stack(0x0000008bfce00000,0x0000008bfcf00000)]
  0x0000021244326d70 JavaThread "Unconstrained build operations Thread 23" [_thread_blocked, id=12064, stack(0x0000008bfcf00000,0x0000008bfd000000)]
  0x0000021244328580 JavaThread "Unconstrained build operations Thread 24" [_thread_blocked, id=11568, stack(0x0000008bfd000000,0x0000008bfd100000)]
  0x0000021244324220 JavaThread "Unconstrained build operations Thread 25" [_thread_blocked, id=4448, stack(0x0000008bfd100000,0x0000008bfd200000)]
  0x00000212443298c0 JavaThread "Unconstrained build operations Thread 26" [_thread_blocked, id=5232, stack(0x0000008bfd200000,0x0000008bfd300000)]
  0x00000212443233b0 JavaThread "Unconstrained build operations Thread 27" [_thread_blocked, id=11108, stack(0x0000008bfd300000,0x0000008bfd400000)]
  0x0000021244322070 JavaThread "Unconstrained build operations Thread 28" [_thread_blocked, id=13240, stack(0x0000008bfd400000,0x0000008bfd500000)]
  0x00000212443246f0 JavaThread "Unconstrained build operations Thread 29" [_thread_blocked, id=2592, stack(0x0000008bfd500000,0x0000008bfd600000)]
  0x0000021244327be0 JavaThread "Unconstrained build operations Thread 30" [_thread_blocked, id=10912, stack(0x0000008bfd600000,0x0000008bfd700000)]
  0x0000021244323d50 JavaThread "Unconstrained build operations Thread 31" [_thread_blocked, id=2336, stack(0x0000008bfd700000,0x0000008bfd800000)]
  0x0000021244325090 JavaThread "Unconstrained build operations Thread 32" [_thread_blocked, id=10468, stack(0x0000008bfd800000,0x0000008bfd900000)]
  0x0000021244325a30 JavaThread "Unconstrained build operations Thread 33" [_thread_blocked, id=8400, stack(0x0000008bfd900000,0x0000008bfda00000)]
  0x0000021244328a50 JavaThread "Unconstrained build operations Thread 34" [_thread_blocked, id=7612, stack(0x0000008bfda00000,0x0000008bfdb00000)]
  0x0000021244325f00 JavaThread "Unconstrained build operations Thread 35" [_thread_blocked, id=12900, stack(0x0000008bfdb00000,0x0000008bfdc00000)]
  0x00000212443280b0 JavaThread "Unconstrained build operations Thread 36" [_thread_blocked, id=9284, stack(0x0000008bfdc00000,0x0000008bfdd00000)]
  0x0000021244325560 JavaThread "Unconstrained build operations Thread 37" [_thread_blocked, id=1212, stack(0x0000008bfdd00000,0x0000008bfde00000)]
  0x00000212443263d0 JavaThread "Unconstrained build operations Thread 38" [_thread_blocked, id=9300, stack(0x0000008bfde00000,0x0000008bfdf00000)]
  0x0000021244328f20 JavaThread "Unconstrained build operations Thread 39" [_thread_blocked, id=10460, stack(0x0000008bfdf00000,0x0000008bfe000000)]
  0x000002123f870d40 JavaThread "Unconstrained build operations Thread 40" [_thread_blocked, id=11208, stack(0x0000008bfe000000,0x0000008bfe100000)]
  0x000002123f874bd0 JavaThread "build event listener" [_thread_blocked, id=11188, stack(0x0000008bfe100000,0x0000008bfe200000)]
  0x000002123f872080 JavaThread "Memory manager" [_thread_blocked, id=5840, stack(0x0000008bfe200000,0x0000008bfe300000)]
  0x000002123f8768b0 JavaThread "included builds" [_thread_blocked, id=11940, stack(0x0000008bfe300000,0x0000008bfe400000)]
  0x000002123f8733c0 JavaThread "Execution worker" [_thread_blocked, id=12260, stack(0x0000008bfe400000,0x0000008bfe500000)]
  0x000002123f873890 JavaThread "Execution worker Thread 2" [_thread_blocked, id=3552, stack(0x0000008bfe500000,0x0000008bfe600000)]
  0x000002123f872550 JavaThread "Execution worker Thread 3" [_thread_blocked, id=8904, stack(0x0000008bfe600000,0x0000008bfe700000)]
  0x000002123f86f060 JavaThread "Cache worker for execution history cache (C:\Users\Aadhil Ahamed\AndroidStudioProjects\CineWorldDigital\.gradle\8.0\executionHistory)" [_thread_blocked, id=8876, stack(0x0000008bfe700000,0x0000008bfe800000)]
  0x0000021246dd64b0 JavaThread "C2 CompilerThread1" daemon [_thread_in_native, id=9828, stack(0x0000008bfb200000,0x0000008bfb300000)]
  0x00000212472ca620 JavaThread "WorkerExecutor Queue" [_thread_blocked, id=11800, stack(0x0000008bfe800000,0x0000008bfe900000)]

Other Threads:
=>0x000002123c21c300 VMThread "VM Thread" [stack: 0x0000008bf8b00000,0x0000008bf8c00000] [id=6248]
  0x000002123c061230 WatcherThread [stack: 0x0000008bf9700000,0x0000008bf9800000] [id=10276]
  0x0000021220c9d860 GCTaskThread "GC Thread#0" [stack: 0x0000008bf8600000,0x0000008bf8700000] [id=13124]
  0x000002123f757de0 GCTaskThread "GC Thread#1" [stack: 0x0000008bf9900000,0x0000008bf9a00000] [id=9200]
  0x000002123f568870 GCTaskThread "GC Thread#2" [stack: 0x0000008bf9a00000,0x0000008bf9b00000] [id=10168]
  0x000002123f60af50 GCTaskThread "GC Thread#3" [stack: 0x0000008bf9b00000,0x0000008bf9c00000] [id=384]
  0x0000021220cae240 ConcurrentGCThread "G1 Main Marker" [stack: 0x0000008bf8700000,0x0000008bf8800000] [id=3868]
  0x000002123c0560a0 ConcurrentGCThread "G1 Conc#0" [stack: 0x0000008bf8800000,0x0000008bf8900000] [id=9364]
  0x000002123c0cdd50 ConcurrentGCThread "G1 Refine#0" [stack: 0x0000008bf8900000,0x0000008bf8a00000] [id=10044]
  0x0000021241a11840 ConcurrentGCThread "G1 Refine#1" [stack: 0x0000008bfaf00000,0x0000008bfb000000] [id=10784]
  0x00000212415ecce0 ConcurrentGCThread "G1 Refine#2" [stack: 0x0000008bfb000000,0x0000008bfb100000] [id=10976]
  0x000002123c0ce680 ConcurrentGCThread "G1 Service" [stack: 0x0000008bf8a00000,0x0000008bf8b00000] [id=2608]

Threads with active compile tasks:
C2 CompilerThread0    31339 12288       4       org.gradle.internal.Deferrable$1::getCompleted (23 bytes)
C2 CompilerThread1    31339 12241   !   4       com.google.common.cache.LocalCache$Segment::lockedGetOrLoad (447 bytes)

VM state: at safepoint (normal execution)

VM Mutex/Monitor currently owned by a thread:  ([mutex/lock_event])
[0x0000021220c433f0] Threads_lock - owner thread: 0x000002123c21c300
[0x0000021220c42430] Heap_lock - owner thread: 0x0000021240c4f4e0

Heap address: 0x0000000080000000, size: 2048 MB, Compressed Oops mode: 32-bit

CDS archive(s) mapped at: [0x0000000800000000-0x0000000800bc0000-0x0000000800bc0000), size 12320768, SharedBaseAddress: 0x0000000800000000, ArchiveRelocationMode: 0.
Compressed class space mapped at: 0x0000000800c00000-0x0000000840c00000, reserved size: 1073741824
Narrow klass base: 0x0000000800000000, Narrow klass shift: 0, Narrow klass range: 0x100000000

GC Precious Log:
 CPUs: 4 total, 4 available
 Memory: 8103M
 Large Page Support: Disabled
 NUMA Support: Disabled
 Compressed Oops: Enabled (32-bit)
 Heap Region Size: 1M
 Heap Min Capacity: 8M
 Heap Initial Capacity: 128M
 Heap Max Capacity: 2G
 Pre-touch: Disabled
 Parallel Workers: 4
 Concurrent Workers: 1
 Concurrent Refinement Workers: 4
 Periodic GC: Disabled

Heap:
 garbage-first heap   total 171008K, used 95385K [0x0000000080000000, 0x0000000100000000)
  region size 1024K, 6 young (6144K), 6 survivors (6144K)
 Metaspace       used 81364K, committed 82048K, reserved 1122304K
  class space    used 11123K, committed 11456K, reserved 1048576K

Heap Regions: E=young(eden), S=young(survivor), O=old, HS=humongous(starts), HC=humongous(continues), CS=collection set, F=free, OA=open archive, CA=closed archive, TAMS=top-at-mark-start (previous, next)
|   0|0x0000000080000000, 0x0000000080100000, 0x0000000080100000|100%| O|  |TAMS 0x0000000080100000, 0x0000000080000000| Untracked 
|   1|0x0000000080100000, 0x0000000080200000, 0x0000000080200000|100%| O|  |TAMS 0x0000000080200000, 0x0000000080100000| Untracked 
|   2|0x0000000080200000, 0x0000000080300000, 0x0000000080300000|100%|HS|  |TAMS 0x0000000080300000, 0x0000000080200000| Complete 
|   3|0x0000000080300000, 0x0000000080400000, 0x0000000080400000|100%|HC|  |TAMS 0x0000000080400000, 0x0000000080300000| Complete 
|   4|0x0000000080400000, 0x0000000080500000, 0x0000000080500000|100%|HC|  |TAMS 0x0000000080500000, 0x0000000080400000| Complete 
|   5|0x0000000080500000, 0x0000000080600000, 0x0000000080600000|100%|HC|  |TAMS 0x0000000080600000, 0x0000000080500000| Complete 
|   6|0x0000000080600000, 0x0000000080700000, 0x0000000080700000|100%| O|  |TAMS 0x0000000080700000, 0x0000000080600000| Untracked 
|   7|0x0000000080700000, 0x0000000080800000, 0x0000000080800000|100%| O|  |TAMS 0x0000000080800000, 0x0000000080700000| Untracked 
|   8|0x0000000080800000, 0x0000000080900000, 0x0000000080900000|100%| O|  |TAMS 0x0000000080900000, 0x0000000080800000| Untracked 
|   9|0x0000000080900000, 0x0000000080a00000, 0x0000000080a00000|100%| O|  |TAMS 0x0000000080a00000, 0x0000000080900000| Untracked 
|  10|0x0000000080a00000, 0x0000000080b00000, 0x0000000080b00000|100%| O|  |TAMS 0x0000000080b00000, 0x0000000080a00000| Untracked 
|  11|0x0000000080b00000, 0x0000000080c00000, 0x0000000080c00000|100%| O|  |TAMS 0x0000000080c00000, 0x0000000080b00000| Untracked 
|  12|0x0000000080c00000, 0x0000000080d00000, 0x0000000080d00000|100%| O|  |TAMS 0x0000000080d00000, 0x0000000080c00000| Untracked 
|  13|0x0000000080d00000, 0x0000000080e00000, 0x0000000080e00000|100%| O|  |TAMS 0x0000000080e00000, 0x0000000080d00000| Untracked 
|  14|0x0000000080e00000, 0x0000000080f00000, 0x0000000080f00000|100%| O|  |TAMS 0x0000000080f00000, 0x0000000080e00000| Untracked 
|  15|0x0000000080f00000, 0x0000000081000000, 0x0000000081000000|100%| O|  |TAMS 0x0000000081000000, 0x0000000080f00000| Untracked 
|  16|0x0000000081000000, 0x0000000081100000, 0x0000000081100000|100%| O|  |TAMS 0x0000000081100000, 0x0000000081000000| Untracked 
|  17|0x0000000081100000, 0x0000000081200000, 0x0000000081200000|100%| O|  |TAMS 0x0000000081200000, 0x0000000081100000| Untracked 
|  18|0x0000000081200000, 0x0000000081300000, 0x0000000081300000|100%| O|  |TAMS 0x0000000081300000, 0x0000000081200000| Untracked 
|  19|0x0000000081300000, 0x0000000081400000, 0x0000000081400000|100%| O|  |TAMS 0x0000000081400000, 0x0000000081300000| Untracked 
|  20|0x0000000081400000, 0x0000000081500000, 0x0000000081500000|100%| O|  |TAMS 0x0000000081400000, 0x0000000081400000| Untracked 
|  21|0x0000000081500000, 0x0000000081600000, 0x0000000081600000|100%| O|  |TAMS 0x0000000081600000, 0x0000000081500000| Untracked 
|  22|0x0000000081600000, 0x0000000081700000, 0x0000000081700000|100%| O|  |TAMS 0x0000000081700000, 0x0000000081600000| Untracked 
|  23|0x0000000081700000, 0x0000000081800000, 0x0000000081800000|100%| O|  |TAMS 0x0000000081800000, 0x0000000081700000| Untracked 
|  24|0x0000000081800000, 0x0000000081900000, 0x0000000081900000|100%| O|  |TAMS 0x0000000081900000, 0x0000000081800000| Untracked 
|  25|0x0000000081900000, 0x0000000081a00000, 0x0000000081a00000|100%| O|  |TAMS 0x0000000081a00000, 0x0000000081900000| Untracked 
|  26|0x0000000081a00000, 0x0000000081b00000, 0x0000000081b00000|100%| O|  |TAMS 0x0000000081b00000, 0x0000000081a00000| Untracked 
|  27|0x0000000081b00000, 0x0000000081c00000, 0x0000000081c00000|100%| O|  |TAMS 0x0000000081c00000, 0x0000000081b00000| Untracked 
|  28|0x0000000081c00000, 0x0000000081d00000, 0x0000000081d00000|100%| O|  |TAMS 0x0000000081d00000, 0x0000000081c00000| Untracked 
|  29|0x0000000081d00000, 0x0000000081e00000, 0x0000000081e00000|100%| O|  |TAMS 0x0000000081e00000, 0x0000000081d00000| Untracked 
|  30|0x0000000081e00000, 0x0000000081f00000, 0x0000000081f00000|100%| O|  |TAMS 0x0000000081f00000, 0x0000000081e00000| Untracked 
|  31|0x0000000081f00000, 0x0000000082000000, 0x0000000082000000|100%| O|  |TAMS 0x0000000082000000, 0x0000000081f00000| Untracked 
|  32|0x0000000082000000, 0x0000000082100000, 0x0000000082100000|100%| O|  |TAMS 0x0000000082100000, 0x0000000082000000| Untracked 
|  33|0x0000000082100000, 0x0000000082200000, 0x0000000082200000|100%| O|  |TAMS 0x0000000082200000, 0x0000000082100000| Untracked 
|  34|0x0000000082200000, 0x0000000082300000, 0x0000000082300000|100%| O|  |TAMS 0x0000000082300000, 0x0000000082200000| Untracked 
|  35|0x0000000082300000, 0x0000000082400000, 0x0000000082400000|100%| O|  |TAMS 0x0000000082400000, 0x0000000082300000| Untracked 
|  36|0x0000000082400000, 0x0000000082500000, 0x0000000082500000|100%| O|  |TAMS 0x0000000082500000, 0x0000000082400000| Untracked 
|  37|0x0000000082500000, 0x0000000082600000, 0x0000000082600000|100%| O|  |TAMS 0x0000000082600000, 0x0000000082500000| Untracked 
|  38|0x0000000082600000, 0x0000000082700000, 0x0000000082700000|100%| O|  |TAMS 0x0000000082700000, 0x0000000082600000| Untracked 
|  39|0x0000000082700000, 0x0000000082800000, 0x0000000082800000|100%| O|  |TAMS 0x0000000082800000, 0x0000000082700000| Untracked 
|  40|0x0000000082800000, 0x0000000082900000, 0x0000000082900000|100%|HS|  |TAMS 0x0000000082900000, 0x0000000082800000| Complete 
|  41|0x0000000082900000, 0x0000000082a00000, 0x0000000082a00000|100%|HS|  |TAMS 0x0000000082a00000, 0x0000000082900000| Complete 
|  42|0x0000000082a00000, 0x0000000082b00000, 0x0000000082b00000|100%| O|  |TAMS 0x0000000082b00000, 0x0000000082a00000| Untracked 
|  43|0x0000000082b00000, 0x0000000082c00000, 0x0000000082c00000|100%| O|  |TAMS 0x0000000082c00000, 0x0000000082b00000| Untracked 
|  44|0x0000000082c00000, 0x0000000082d00000, 0x0000000082d00000|100%| O|  |TAMS 0x0000000082d00000, 0x0000000082c00000| Untracked 
|  45|0x0000000082d00000, 0x0000000082e00000, 0x0000000082e00000|100%| O|  |TAMS 0x0000000082e00000, 0x0000000082d00000| Untracked 
|  46|0x0000000082e00000, 0x0000000082f00000, 0x0000000082f00000|100%| O|  |TAMS 0x0000000082f00000, 0x0000000082e00000| Untracked 
|  47|0x0000000082f00000, 0x0000000083000000, 0x0000000083000000|100%| O|  |TAMS 0x0000000083000000, 0x0000000082f00000| Untracked 
|  48|0x0000000083000000, 0x0000000083100000, 0x0000000083100000|100%| O|  |TAMS 0x0000000083100000, 0x0000000083000000| Untracked 
|  49|0x0000000083100000, 0x0000000083200000, 0x0000000083200000|100%| O|  |TAMS 0x0000000083200000, 0x0000000083100000| Untracked 
|  50|0x0000000083200000, 0x0000000083300000, 0x0000000083300000|100%| O|  |TAMS 0x0000000083300000, 0x0000000083200000| Untracked 
|  51|0x0000000083300000, 0x0000000083400000, 0x0000000083400000|100%| O|  |TAMS 0x0000000083400000, 0x0000000083300000| Untracked 
|  52|0x0000000083400000, 0x0000000083500000, 0x0000000083500000|100%| O|  |TAMS 0x0000000083500000, 0x0000000083400000| Untracked 
|  53|0x0000000083500000, 0x0000000083600000, 0x0000000083600000|100%| O|  |TAMS 0x0000000083600000, 0x0000000083500000| Untracked 
|  54|0x0000000083600000, 0x0000000083700000, 0x0000000083700000|100%| O|  |TAMS 0x0000000083700000, 0x0000000083600000| Untracked 
|  55|0x0000000083700000, 0x0000000083800000, 0x0000000083800000|100%| O|  |TAMS 0x0000000083700000, 0x0000000083700000| Untracked 
|  56|0x0000000083800000, 0x0000000083900000, 0x0000000083900000|100%| O|  |TAMS 0x0000000083900000, 0x0000000083800000| Untracked 
|  57|0x0000000083900000, 0x0000000083a00000, 0x0000000083a00000|100%| O|  |TAMS 0x0000000083a00000, 0x0000000083900000| Untracked 
|  58|0x0000000083a00000, 0x0000000083b00000, 0x0000000083b00000|100%| O|  |TAMS 0x0000000083b00000, 0x0000000083a00000| Untracked 
|  59|0x0000000083b00000, 0x0000000083c00000, 0x0000000083c00000|100%| O|  |TAMS 0x0000000083c00000, 0x0000000083b00000| Untracked 
|  60|0x0000000083c00000, 0x0000000083d00000, 0x0000000083d00000|100%| O|  |TAMS 0x0000000083d00000, 0x0000000083c00000| Untracked 
|  61|0x0000000083d00000, 0x0000000083e00000, 0x0000000083e00000|100%| O|  |TAMS 0x0000000083e00000, 0x0000000083d00000| Untracked 
|  62|0x0000000083e00000, 0x0000000083f00000, 0x0000000083f00000|100%| O|  |TAMS 0x0000000083f00000, 0x0000000083e00000| Untracked 
|  63|0x0000000083f00000, 0x0000000084000000, 0x0000000084000000|100%| O|  |TAMS 0x0000000084000000, 0x0000000083f00000| Untracked 
|  64|0x0000000084000000, 0x0000000084100000, 0x0000000084100000|100%| O|  |TAMS 0x0000000084100000, 0x0000000084000000| Untracked 
|  65|0x0000000084100000, 0x0000000084200000, 0x0000000084200000|100%| O|  |TAMS 0x0000000084200000, 0x0000000084100000| Untracked 
|  66|0x0000000084200000, 0x0000000084300000, 0x0000000084300000|100%| O|  |TAMS 0x0000000084300000, 0x0000000084200000| Untracked 
|  67|0x0000000084300000, 0x0000000084400000, 0x0000000084400000|100%| O|  |TAMS 0x0000000084400000, 0x0000000084300000| Untracked 
|  68|0x0000000084400000, 0x0000000084500000, 0x0000000084500000|100%| O|  |TAMS 0x0000000084500000, 0x0000000084400000| Untracked 
|  69|0x0000000084500000, 0x0000000084600000, 0x0000000084600000|100%| O|  |TAMS 0x0000000084600000, 0x0000000084500000| Untracked 
|  70|0x0000000084600000, 0x0000000084700000, 0x0000000084700000|100%| O|  |TAMS 0x0000000084700000, 0x0000000084600000| Untracked 
|  71|0x0000000084700000, 0x0000000084800000, 0x0000000084800000|100%| O|  |TAMS 0x0000000084800000, 0x0000000084700000| Untracked 
|  72|0x0000000084800000, 0x0000000084900000, 0x0000000084900000|100%| O|  |TAMS 0x0000000084900000, 0x0000000084800000| Untracked 
|  73|0x0000000084900000, 0x0000000084a00000, 0x0000000084a00000|100%| O|  |TAMS 0x0000000084a00000, 0x0000000084900000| Untracked 
|  74|0x0000000084a00000, 0x0000000084b00000, 0x0000000084b00000|100%| O|  |TAMS 0x0000000084b00000, 0x0000000084a00000| Untracked 
|  75|0x0000000084b00000, 0x0000000084c00000, 0x0000000084c00000|100%| O|  |TAMS 0x0000000084c00000, 0x0000000084b00000| Untracked 
|  76|0x0000000084c00000, 0x0000000084d00000, 0x0000000084d00000|100%| O|  |TAMS 0x0000000084d00000, 0x0000000084c00000| Untracked 
|  77|0x0000000084d00000, 0x0000000084e00000, 0x0000000084e00000|100%| O|  |TAMS 0x0000000084e00000, 0x0000000084d00000| Untracked 
|  78|0x0000000084e00000, 0x0000000084f00000, 0x0000000084f00000|100%| O|  |TAMS 0x0000000084e65e00, 0x0000000084e00000| Untracked 
|  79|0x0000000084f00000, 0x0000000085000000, 0x0000000085000000|100%| O|  |TAMS 0x0000000084f00000, 0x0000000084f00000| Untracked 
|  80|0x0000000085000000, 0x0000000085100000, 0x0000000085100000|100%| O|  |TAMS 0x0000000085000000, 0x0000000085000000| Untracked 
|  81|0x0000000085100000, 0x0000000085200000, 0x0000000085200000|100%| O|  |TAMS 0x0000000085100000, 0x0000000085100000| Untracked 
|  82|0x0000000085200000, 0x0000000085300000, 0x0000000085300000|100%| O|  |TAMS 0x0000000085200000, 0x0000000085200000| Untracked 
|  83|0x0000000085300000, 0x0000000085400000, 0x0000000085400000|100%| O|  |TAMS 0x0000000085300000, 0x0000000085300000| Untracked 
|  84|0x0000000085400000, 0x0000000085500000, 0x0000000085500000|100%| O|  |TAMS 0x0000000085400000, 0x0000000085400000| Untracked 
|  85|0x0000000085500000, 0x0000000085600000, 0x0000000085600000|100%| O|  |TAMS 0x0000000085500000, 0x0000000085500000| Untracked 
|  86|0x0000000085600000, 0x0000000085700000, 0x0000000085700000|100%| O|  |TAMS 0x0000000085600000, 0x0000000085600000| Untracked 
|  87|0x0000000085700000, 0x00000000857dbc00, 0x0000000085800000| 85%| O|  |TAMS 0x0000000085700000, 0x0000000085700000| Untracked 
|  88|0x0000000085800000, 0x0000000085800000, 0x0000000085900000|  0%| F|  |TAMS 0x0000000085800000, 0x0000000085800000| Untracked 
|  89|0x0000000085900000, 0x0000000085900000, 0x0000000085a00000|  0%| F|  |TAMS 0x0000000085900000, 0x0000000085900000| Untracked 
|  90|0x0000000085a00000, 0x0000000085a00000, 0x0000000085b00000|  0%| F|  |TAMS 0x0000000085a00000, 0x0000000085a00000| Untracked 
|  91|0x0000000085b00000, 0x0000000085b00000, 0x0000000085c00000|  0%| F|  |TAMS 0x0000000085b00000, 0x0000000085b00000| Untracked 
|  92|0x0000000085c00000, 0x0000000085c00000, 0x0000000085d00000|  0%| F|  |TAMS 0x0000000085c00000, 0x0000000085c00000| Untracked 
|  93|0x0000000085d00000, 0x0000000085d00000, 0x0000000085e00000|  0%| F|  |TAMS 0x0000000085d00000, 0x0000000085d00000| Untracked 
|  94|0x0000000085e00000, 0x0000000085e00000, 0x0000000085f00000|  0%| F|  |TAMS 0x0000000085e00000, 0x0000000085e00000| Untracked 
|  95|0x0000000085f00000, 0x0000000085f00000, 0x0000000086000000|  0%| F|  |TAMS 0x0000000085f00000, 0x0000000085f00000| Untracked 
|  96|0x0000000086000000, 0x0000000086000000, 0x0000000086100000|  0%| F|  |TAMS 0x0000000086000000, 0x0000000086000000| Untracked 
|  97|0x0000000086100000, 0x0000000086100000, 0x0000000086200000|  0%| F|  |TAMS 0x0000000086100000, 0x0000000086100000| Untracked 
|  98|0x0000000086200000, 0x0000000086200000, 0x0000000086300000|  0%| F|  |TAMS 0x0000000086200000, 0x0000000086200000| Untracked 
|  99|0x0000000086300000, 0x0000000086300000, 0x0000000086400000|  0%| F|  |TAMS 0x0000000086300000, 0x0000000086300000| Untracked 
| 100|0x0000000086400000, 0x0000000086400000, 0x0000000086500000|  0%| F|  |TAMS 0x0000000086400000, 0x0000000086400000| Untracked 
| 101|0x0000000086500000, 0x0000000086500000, 0x0000000086600000|  0%| F|  |TAMS 0x0000000086500000, 0x0000000086500000| Untracked 
| 102|0x0000000086600000, 0x0000000086600000, 0x0000000086700000|  0%| F|  |TAMS 0x0000000086600000, 0x0000000086600000| Untracked 
| 103|0x0000000086700000, 0x0000000086700000, 0x0000000086800000|  0%| F|  |TAMS 0x0000000086700000, 0x0000000086700000| Untracked 
| 104|0x0000000086800000, 0x0000000086800000, 0x0000000086900000|  0%| F|  |TAMS 0x0000000086800000, 0x0000000086800000| Untracked 
| 105|0x0000000086900000, 0x0000000086900000, 0x0000000086a00000|  0%| F|  |TAMS 0x0000000086900000, 0x0000000086900000| Untracked 
| 106|0x0000000086a00000, 0x0000000086a00000, 0x0000000086b00000|  0%| F|  |TAMS 0x0000000086a00000, 0x0000000086a00000| Untracked 
| 107|0x0000000086b00000, 0x0000000086b00000, 0x0000000086c00000|  0%| F|  |TAMS 0x0000000086b00000, 0x0000000086b00000| Untracked 
| 108|0x0000000086c00000, 0x0000000086c00000, 0x0000000086d00000|  0%| F|  |TAMS 0x0000000086c00000, 0x0000000086c00000| Untracked 
| 109|0x0000000086d00000, 0x0000000086d00000, 0x0000000086e00000|  0%| F|  |TAMS 0x0000000086d00000, 0x0000000086d00000| Untracked 
| 110|0x0000000086e00000, 0x0000000086e00000, 0x0000000086f00000|  0%| F|  |TAMS 0x0000000086e00000, 0x0000000086e00000| Untracked 
| 111|0x0000000086f00000, 0x0000000086f4a950, 0x0000000087000000| 29%| S|CS|TAMS 0x0000000086f00000, 0x0000000086f00000| Complete 
| 112|0x0000000087000000, 0x0000000087100000, 0x0000000087100000|100%| S|CS|TAMS 0x0000000087000000, 0x0000000087000000| Complete 
| 113|0x0000000087100000, 0x0000000087200000, 0x0000000087200000|100%| S|CS|TAMS 0x0000000087100000, 0x0000000087100000| Complete 
| 114|0x0000000087200000, 0x0000000087300000, 0x0000000087300000|100%| S|CS|TAMS 0x0000000087200000, 0x0000000087200000| Complete 
| 115|0x0000000087300000, 0x0000000087300000, 0x0000000087400000|  0%| F|  |TAMS 0x0000000087300000, 0x0000000087300000| Untracked 
| 116|0x0000000087400000, 0x0000000087400000, 0x0000000087500000|  0%| F|  |TAMS 0x0000000087400000, 0x0000000087400000| Untracked 
| 117|0x0000000087500000, 0x0000000087500000, 0x0000000087600000|  0%| F|  |TAMS 0x0000000087500000, 0x0000000087500000| Untracked 
| 118|0x0000000087600000, 0x0000000087600000, 0x0000000087700000|  0%| F|  |TAMS 0x0000000087600000, 0x0000000087600000| Untracked 
| 119|0x0000000087700000, 0x0000000087800000, 0x0000000087800000|100%| S|CS|TAMS 0x0000000087700000, 0x0000000087700000| Complete 
| 120|0x0000000087800000, 0x0000000087900000, 0x0000000087900000|100%| S|CS|TAMS 0x0000000087800000, 0x0000000087800000| Complete 
| 121|0x0000000087900000, 0x0000000087900000, 0x0000000087a00000|  0%| F|  |TAMS 0x0000000087900000, 0x0000000087900000| Untracked 
| 122|0x0000000087a00000, 0x0000000087a00000, 0x0000000087b00000|  0%| F|  |TAMS 0x0000000087a00000, 0x0000000087a00000| Untracked 
| 123|0x0000000087b00000, 0x0000000087b00000, 0x0000000087c00000|  0%| F|  |TAMS 0x0000000087b00000, 0x0000000087b00000| Untracked 
| 124|0x0000000087c00000, 0x0000000087c00000, 0x0000000087d00000|  0%| F|  |TAMS 0x0000000087c00000, 0x0000000087c00000| Untracked 
| 125|0x0000000087d00000, 0x0000000087d00000, 0x0000000087e00000|  0%| F|  |TAMS 0x0000000087d00000, 0x0000000087d00000| Untracked 
| 126|0x0000000087e00000, 0x0000000087e00000, 0x0000000087f00000|  0%| F|  |TAMS 0x0000000087e00000, 0x0000000087e00000| Untracked 
| 127|0x0000000087f00000, 0x0000000087f00000, 0x0000000088000000|  0%| F|  |TAMS 0x0000000087f00000, 0x0000000087f00000| Untracked 
| 128|0x0000000088000000, 0x0000000088000000, 0x0000000088100000|  0%| F|  |TAMS 0x0000000088000000, 0x0000000088000000| Untracked 
| 129|0x0000000088100000, 0x0000000088100000, 0x0000000088200000|  0%| F|  |TAMS 0x0000000088100000, 0x0000000088100000| Untracked 
| 130|0x0000000088200000, 0x0000000088200000, 0x0000000088300000|  0%| F|  |TAMS 0x0000000088200000, 0x0000000088200000| Untracked 
| 131|0x0000000088300000, 0x0000000088300000, 0x0000000088400000|  0%| F|  |TAMS 0x0000000088300000, 0x0000000088300000| Untracked 
| 132|0x0000000088400000, 0x0000000088400000, 0x0000000088500000|  0%| F|  |TAMS 0x0000000088400000, 0x0000000088400000| Untracked 
| 133|0x0000000088500000, 0x0000000088500000, 0x0000000088600000|  0%| F|  |TAMS 0x0000000088500000, 0x0000000088500000| Untracked 
| 134|0x0000000088600000, 0x0000000088600000, 0x0000000088700000|  0%| F|  |TAMS 0x0000000088600000, 0x0000000088600000| Untracked 
| 135|0x0000000088700000, 0x0000000088700000, 0x0000000088800000|  0%| F|  |TAMS 0x0000000088700000, 0x0000000088700000| Untracked 
| 136|0x0000000088800000, 0x0000000088800000, 0x0000000088900000|  0%| F|  |TAMS 0x0000000088800000, 0x0000000088800000| Untracked 
| 137|0x0000000088900000, 0x0000000088900000, 0x0000000088a00000|  0%| F|  |TAMS 0x0000000088900000, 0x0000000088900000| Untracked 
| 138|0x0000000088a00000, 0x0000000088a00000, 0x0000000088b00000|  0%| F|  |TAMS 0x0000000088a00000, 0x0000000088a00000| Untracked 
| 139|0x0000000088b00000, 0x0000000088b00000, 0x0000000088c00000|  0%| F|  |TAMS 0x0000000088b00000, 0x0000000088b00000| Untracked 
| 140|0x0000000088c00000, 0x0000000088c00000, 0x0000000088d00000|  0%| F|  |TAMS 0x0000000088c00000, 0x0000000088c00000| Untracked 
| 141|0x0000000088d00000, 0x0000000088d00000, 0x0000000088e00000|  0%| F|  |TAMS 0x0000000088d00000, 0x0000000088d00000| Untracked 
| 142|0x0000000088e00000, 0x0000000088e00000, 0x0000000088f00000|  0%| F|  |TAMS 0x0000000088e00000, 0x0000000088e00000| Untracked 
| 143|0x0000000088f00000, 0x0000000088f00000, 0x0000000089000000|  0%| F|  |TAMS 0x0000000088f00000, 0x0000000088f00000| Untracked 
| 144|0x0000000089000000, 0x0000000089000000, 0x0000000089100000|  0%| F|  |TAMS 0x0000000089000000, 0x0000000089000000| Untracked 
| 145|0x0000000089100000, 0x0000000089100000, 0x0000000089200000|  0%| F|  |TAMS 0x0000000089100000, 0x0000000089100000| Untracked 
| 146|0x0000000089200000, 0x0000000089200000, 0x0000000089300000|  0%| F|  |TAMS 0x0000000089200000, 0x0000000089200000| Untracked 
| 147|0x0000000089300000, 0x0000000089300000, 0x0000000089400000|  0%| F|  |TAMS 0x0000000089300000, 0x0000000089300000| Untracked 
| 148|0x0000000089400000, 0x0000000089400000, 0x0000000089500000|  0%| F|  |TAMS 0x0000000089400000, 0x0000000089400000| Untracked 
| 149|0x0000000089500000, 0x0000000089500000, 0x0000000089600000|  0%| F|  |TAMS 0x0000000089500000, 0x0000000089500000| Untracked 
| 150|0x0000000089600000, 0x0000000089600000, 0x0000000089700000|  0%| F|  |TAMS 0x0000000089600000, 0x0000000089600000| Untracked 
| 151|0x0000000089700000, 0x0000000089700000, 0x0000000089800000|  0%| F|  |TAMS 0x0000000089700000, 0x0000000089700000| Untracked 
| 152|0x0000000089800000, 0x0000000089800000, 0x0000000089900000|  0%| F|  |TAMS 0x0000000089800000, 0x0000000089800000| Untracked 
| 153|0x0000000089900000, 0x0000000089900000, 0x0000000089a00000|  0%| F|  |TAMS 0x0000000089900000, 0x0000000089900000| Untracked 
| 154|0x0000000089a00000, 0x0000000089a00000, 0x0000000089b00000|  0%| F|  |TAMS 0x0000000089a00000, 0x0000000089a00000| Untracked 
| 155|0x0000000089b00000, 0x0000000089b00000, 0x0000000089c00000|  0%| F|  |TAMS 0x0000000089b00000, 0x0000000089b00000| Untracked 
| 156|0x0000000089c00000, 0x0000000089c00000, 0x0000000089d00000|  0%| F|  |TAMS 0x0000000089c00000, 0x0000000089c00000| Untracked 
| 157|0x0000000089d00000, 0x0000000089d00000, 0x0000000089e00000|  0%| F|  |TAMS 0x0000000089d00000, 0x0000000089d00000| Untracked 
| 158|0x0000000089e00000, 0x0000000089e00000, 0x0000000089f00000|  0%| F|  |TAMS 0x0000000089e00000, 0x0000000089e00000| Untracked 
| 159|0x0000000089f00000, 0x0000000089f00000, 0x000000008a000000|  0%| F|  |TAMS 0x0000000089f00000, 0x0000000089f00000| Untracked 
| 160|0x000000008a000000, 0x000000008a000000, 0x000000008a100000|  0%| F|  |TAMS 0x000000008a000000, 0x000000008a000000| Untracked 
| 161|0x000000008a100000, 0x000000008a100000, 0x000000008a200000|  0%| F|  |TAMS 0x000000008a100000, 0x000000008a100000| Untracked 
| 162|0x000000008a200000, 0x000000008a200000, 0x000000008a300000|  0%| F|  |TAMS 0x000000008a200000, 0x000000008a200000| Untracked 
| 163|0x000000008a300000, 0x000000008a300000, 0x000000008a400000|  0%| F|  |TAMS 0x000000008a300000, 0x000000008a300000| Untracked 
| 164|0x000000008a400000, 0x000000008a400000, 0x000000008a500000|  0%| F|  |TAMS 0x000000008a400000, 0x000000008a400000| Untracked 
| 165|0x000000008a500000, 0x000000008a500000, 0x000000008a600000|  0%| F|  |TAMS 0x000000008a500000, 0x000000008a500000| Untracked 
| 166|0x000000008a600000, 0x000000008a600000, 0x000000008a700000|  0%| F|  |TAMS 0x000000008a600000, 0x000000008a600000| Untracked 

Card table byte_map: [0x0000021237850000,0x0000021237c50000] _byte_map_base: 0x0000021237450000

Marking Bits (Prev, Next): (CMBitMap*) 0x0000021220c9fde0, (CMBitMap*) 0x0000021220c9fda0
 Prev Bits: [0x000002123a050000, 0x000002123c050000)
 Next Bits: [0x0000021238050000, 0x000002123a050000)

Polling page: 0x00000212203b0000

Metaspace:

Usage:
  Non-class:     68.60 MB used.
      Class:     10.86 MB used.
       Both:     79.46 MB used.

Virtual space:
  Non-class space:       72.00 MB reserved,      68.94 MB ( 96%) committed,  9 nodes.
      Class space:        1.00 GB reserved,      11.19 MB (  1%) committed,  1 nodes.
             Both:        1.07 GB reserved,      80.12 MB (  7%) committed. 

Chunk freelists:
   Non-Class:  2.53 MB
       Class:  684.00 KB
        Both:  3.20 MB

MaxMetaspaceSize: unlimited
CompressedClassSpaceSize: 1.00 GB
Initial GC threshold: 21.00 MB
Current GC threshold: 119.81 MB
CDS: on
MetaspaceReclaimPolicy: balanced
 - commit_granule_bytes: 65536.
 - commit_granule_words: 8192.
 - virtual_space_node_default_size: 1048576.
 - enlarge_chunks_in_place: 1.
 - new_chunks_are_fully_committed: 0.
 - uncommit_free_chunks: 1.
 - use_allocation_guard: 0.
 - handle_deallocations: 1.


Internal statistics:

num_allocs_failed_limit: 9.
num_arena_births: 864.
num_arena_deaths: 0.
num_vsnodes_births: 10.
num_vsnodes_deaths: 0.
num_space_committed: 1282.
num_space_uncommitted: 0.
num_chunks_returned_to_freelist: 9.
num_chunks_taken_from_freelist: 4138.
num_chunk_merges: 9.
num_chunk_splits: 2754.
num_chunks_enlarged: 1853.
num_purges: 0.
num_inconsistent_stats: 0.

CodeHeap 'non-profiled nmethods': size=120000Kb used=6393Kb max_used=6393Kb free=113606Kb
 bounds [0x000002122ff20000, 0x0000021230560000, 0x0000021237450000]
CodeHeap 'profiled nmethods': size=120000Kb used=21462Kb max_used=21462Kb free=98537Kb
 bounds [0x00000212289f0000, 0x0000021229ef0000, 0x000002122ff20000]
CodeHeap 'non-nmethods': size=5760Kb used=2389Kb max_used=2439Kb free=3370Kb
 bounds [0x0000021228450000, 0x00000212286d0000, 0x00000212289f0000]
 total_blobs=11634 nmethods=10714 adapters=830
 compilation: enabled
              stopped_count=0, restarted_count=0
 full_count=0

Compilation events (20 events):
Event: 31.134 Thread 0x000002123c233190 nmethod 12249 0x000002123055ae10 code [0x000002123055afa0, 0x000002123055b098]
Event: 31.134 Thread 0x000002123c233190 12259       4       sun.nio.fs.WindowsPath::getFileSystem (5 bytes)
Event: 31.135 Thread 0x000002123c233190 nmethod 12259 0x000002123055b190 code [0x000002123055b300, 0x000002123055b378]
Event: 31.137 Thread 0x000002123c23baa0 12279       1       org.gradle.execution.plan.WorkSource$Selection::isNoWorkReadyToStart (2 bytes)
Event: 31.138 Thread 0x000002123c23baa0 nmethod 12279 0x000002123055b490 code [0x000002123055b620, 0x000002123055b6f8]
Event: 31.138 Thread 0x000002123c23baa0 12280       1       org.gradle.execution.plan.WorkSource$Selection$3::getItem (5 bytes)
Event: 31.138 Thread 0x000002123c23baa0 nmethod 12280 0x000002123055b790 code [0x000002123055b920, 0x000002123055b9f8]
Event: 31.141 Thread 0x000002123c23baa0 12281       3       org.gradle.api.internal.provider.AbstractProperty::implicitFinalizeValue (15 bytes)
Event: 31.141 Thread 0x000002123c23baa0 nmethod 12281 0x0000021229ee1390 code [0x0000021229ee1540, 0x0000021229ee17f8]
Event: 31.142 Thread 0x000002123c233190 12282       4       org.gradle.cache.internal.CrossProcessSynchronizingCache$$Lambda$377/0x0000000800fb44e8::create (12 bytes)
Event: 31.145 Thread 0x000002123c23baa0 12284       3       org.gradle.api.internal.artifacts.transform.ConsumerProvidedVariantFinder$ChainNode::<init> (15 bytes)
Event: 31.145 Thread 0x000002123c23baa0 nmethod 12284 0x0000021229ee1910 code [0x0000021229ee1ac0, 0x0000021229ee1cd8]
Event: 31.145 Thread 0x000002123c23baa0 12285       3       org.gradle.internal.collections.ImmutableFilteredList::withoutIndexFrom (72 bytes)
Event: 31.146 Thread 0x000002123c23baa0 nmethod 12285 0x0000021229ee1d90 code [0x0000021229ee1fa0, 0x0000021229ee25a8]
Event: 31.184 Thread 0x000002123c23baa0 12289   !   3       sun.management.Util::newObjectName (15 bytes)
Event: 31.185 Thread 0x000002123c23baa0 nmethod 12289 0x0000021229ee2810 code [0x0000021229ee29e0, 0x0000021229ee2d58]
Event: 31.186 Thread 0x000002123c23baa0 12290       3       sun.management.Util::newObjectName (11 bytes)
Event: 31.189 Thread 0x000002123c23baa0 nmethod 12290 0x0000021229ee2f10 code [0x0000021229ee32e0, 0x0000021229ee5028]
Event: 31.221 Thread 0x000002123c233190 nmethod 12282 0x000002123055ba90 code [0x000002123055bd60, 0x000002123055d130]
Event: 31.221 Thread 0x000002123c233190 12288       4       org.gradle.internal.Deferrable$1::getCompleted (23 bytes)

GC Heap History (20 events):
Event: 18.672 GC heap after
{Heap after GC invocations=25 (full 0):
 garbage-first heap   total 132096K, used 62944K [0x0000000080000000, 0x0000000100000000)
  region size 1024K, 6 young (6144K), 6 survivors (6144K)
 Metaspace       used 63521K, committed 64128K, reserved 1105920K
  class space    used 8789K, committed 9088K, reserved 1048576K
}
Event: 20.052 GC heap before
{Heap before GC invocations=25 (full 0):
 garbage-first heap   total 132096K, used 103904K [0x0000000080000000, 0x0000000100000000)
  region size 1024K, 46 young (47104K), 6 survivors (6144K)
 Metaspace       used 68635K, committed 69248K, reserved 1114112K
  class space    used 9517K, committed 9792K, reserved 1048576K
}
Event: 20.068 GC heap after
{Heap after GC invocations=26 (full 0):
 garbage-first heap   total 132096K, used 66337K [0x0000000080000000, 0x0000000100000000)
  region size 1024K, 4 young (4096K), 4 survivors (4096K)
 Metaspace       used 68635K, committed 69248K, reserved 1114112K
  class space    used 9517K, committed 9792K, reserved 1048576K
}
Event: 21.198 GC heap before
{Heap before GC invocations=26 (full 0):
 garbage-first heap   total 132096K, used 105249K [0x0000000080000000, 0x0000000100000000)
  region size 1024K, 42 young (43008K), 4 survivors (4096K)
 Metaspace       used 69986K, committed 70656K, reserved 1114112K
  class space    used 9699K, committed 9984K, reserved 1048576K
}
Event: 21.215 GC heap after
{Heap after GC invocations=27 (full 0):
 garbage-first heap   total 171008K, used 70902K [0x0000000080000000, 0x0000000100000000)
  region size 1024K, 6 young (6144K), 6 survivors (6144K)
 Metaspace       used 69986K, committed 70656K, reserved 1114112K
  class space    used 9699K, committed 9984K, reserved 1048576K
}
Event: 23.990 GC heap before
{Heap before GC invocations=28 (full 0):
 garbage-first heap   total 171008K, used 132342K [0x0000000080000000, 0x0000000100000000)
  region size 1024K, 67 young (68608K), 6 survivors (6144K)
 Metaspace       used 72412K, committed 73088K, reserved 1114112K
  class space    used 10104K, committed 10432K, reserved 1048576K
}
Event: 24.015 GC heap after
{Heap after GC invocations=29 (full 0):
 garbage-first heap   total 171008K, used 78908K [0x0000000080000000, 0x0000000100000000)
  region size 1024K, 9 young (9216K), 9 survivors (9216K)
 Metaspace       used 72412K, committed 73088K, reserved 1114112K
  class space    used 10104K, committed 10432K, reserved 1048576K
}
Event: 24.039 GC heap before
{Heap before GC invocations=29 (full 0):
 garbage-first heap   total 171008K, used 79932K [0x0000000080000000, 0x0000000100000000)
  region size 1024K, 10 young (10240K), 9 survivors (9216K)
 Metaspace       used 72412K, committed 73088K, reserved 1114112K
  class space    used 10104K, committed 10432K, reserved 1048576K
}
Event: 24.063 GC heap after
{Heap after GC invocations=30 (full 0):
 garbage-first heap   total 171008K, used 80692K [0x0000000080000000, 0x0000000100000000)
  region size 1024K, 2 young (2048K), 2 survivors (2048K)
 Metaspace       used 72412K, committed 73088K, reserved 1114112K
  class space    used 10104K, committed 10432K, reserved 1048576K
}
Event: 25.789 GC heap before
{Heap before GC invocations=30 (full 0):
 garbage-first heap   total 171008K, used 133940K [0x0000000080000000, 0x0000000100000000)
  region size 1024K, 55 young (56320K), 2 survivors (2048K)
 Metaspace       used 72882K, committed 73600K, reserved 1114112K
  class space    used 10114K, committed 10496K, reserved 1048576K
}
Event: 25.797 GC heap after
{Heap after GC invocations=31 (full 0):
 garbage-first heap   total 171008K, used 83060K [0x0000000080000000, 0x0000000100000000)
  region size 1024K, 4 young (4096K), 4 survivors (4096K)
 Metaspace       used 72882K, committed 73600K, reserved 1114112K
  class space    used 10114K, committed 10496K, reserved 1048576K
}
Event: 28.031 GC heap before
{Heap before GC invocations=32 (full 0):
 garbage-first heap   total 171008K, used 135284K [0x0000000080000000, 0x0000000100000000)
  region size 1024K, 56 young (57344K), 4 survivors (4096K)
 Metaspace       used 75817K, committed 76480K, reserved 1122304K
  class space    used 10396K, committed 10752K, reserved 1048576K
}
Event: 28.045 GC heap after
{Heap after GC invocations=33 (full 0):
 garbage-first heap   total 171008K, used 86423K [0x0000000080000000, 0x0000000100000000)
  region size 1024K, 7 young (7168K), 7 survivors (7168K)
 Metaspace       used 75817K, committed 76480K, reserved 1122304K
  class space    used 10396K, committed 10752K, reserved 1048576K
}
Event: 28.116 GC heap before
{Heap before GC invocations=33 (full 0):
 garbage-first heap   total 171008K, used 87447K [0x0000000080000000, 0x0000000100000000)
  region size 1024K, 8 young (8192K), 7 survivors (7168K)
 Metaspace       used 75845K, committed 76544K, reserved 1122304K
  class space    used 10396K, committed 10752K, reserved 1048576K
}
Event: 28.129 GC heap after
{Heap after GC invocations=34 (full 0):
 garbage-first heap   total 171008K, used 86645K [0x0000000080000000, 0x0000000100000000)
  region size 1024K, 1 young (1024K), 1 survivors (1024K)
 Metaspace       used 75845K, committed 76544K, reserved 1122304K
  class space    used 10396K, committed 10752K, reserved 1048576K
}
Event: 29.381 GC heap before
{Heap before GC invocations=34 (full 0):
 garbage-first heap   total 171008K, used 137845K [0x0000000080000000, 0x0000000100000000)
  region size 1024K, 52 young (53248K), 1 survivors (1024K)
 Metaspace       used 81080K, committed 81728K, reserved 1122304K
  class space    used 11093K, committed 11392K, reserved 1048576K
}
Event: 29.398 GC heap after
{Heap after GC invocations=35 (full 0):
 garbage-first heap   total 171008K, used 89928K [0x0000000080000000, 0x0000000100000000)
  region size 1024K, 5 young (5120K), 5 survivors (5120K)
 Metaspace       used 81080K, committed 81728K, reserved 1122304K
  class space    used 11093K, committed 11392K, reserved 1048576K
}
Event: 30.381 GC heap before
{Heap before GC invocations=35 (full 0):
 garbage-first heap   total 171008K, used 138056K [0x0000000080000000, 0x0000000100000000)
  region size 1024K, 53 young (54272K), 5 survivors (5120K)
 Metaspace       used 81314K, committed 81984K, reserved 1122304K
  class space    used 11120K, committed 11456K, reserved 1048576K
}
Event: 30.397 GC heap after
{Heap after GC invocations=36 (full 0):
 garbage-first heap   total 171008K, used 93209K [0x0000000080000000, 0x0000000100000000)
  region size 1024K, 4 young (4096K), 4 survivors (4096K)
 Metaspace       used 81314K, committed 81984K, reserved 1122304K
  class space    used 11120K, committed 11456K, reserved 1048576K
}
Event: 31.247 GC heap before
{Heap before GC invocations=36 (full 0):
 garbage-first heap   total 171008K, used 139289K [0x0000000080000000, 0x0000000100000000)
  region size 1024K, 50 young (51200K), 4 survivors (4096K)
 Metaspace       used 81364K, committed 82048K, reserved 1122304K
  class space    used 11123K, committed 11456K, reserved 1048576K
}

Deoptimization events (20 events):
Event: 30.622 Thread 0x000002123f8768b0 DEOPT PACKING pc=0x000002122ff8487c sp=0x0000008bfe3f9930
Event: 30.622 Thread 0x000002123f8768b0 DEOPT UNPACKING pc=0x00000212284a23a3 sp=0x0000008bfe3f98d8 mode 2
Event: 30.624 Thread 0x000002123f8768b0 Uncommon trap: trap_request=0xffffffde fr.pc=0x00000212305208a8 relative=0x0000000000002868
Event: 30.624 Thread 0x000002123f8768b0 Uncommon trap: reason=class_check action=maybe_recompile pc=0x00000212305208a8 method=org.gradle.internal.snapshot.impl.AbstractValueProcessor.processValue(Ljava/lang/Object;Lorg/gradle/internal/snapshot/impl/AbstractValueProcessor$ValueVisitor;)Ljava/lan
Event: 30.624 Thread 0x000002123f8768b0 DEOPT PACKING pc=0x00000212305208a8 sp=0x0000008bfe3f9bd0
Event: 30.624 Thread 0x000002123f8768b0 DEOPT UNPACKING pc=0x00000212284a23a3 sp=0x0000008bfe3f9ba8 mode 2
Event: 30.749 Thread 0x0000021244322a10 DEOPT PACKING pc=0x0000021229e614ce sp=0x0000008bfcbfea30
Event: 30.749 Thread 0x0000021244322a10 DEOPT UNPACKING pc=0x00000212284a2b43 sp=0x0000008bfcbfdef0 mode 0
Event: 31.123 Thread 0x000002123f8768b0 Uncommon trap: trap_request=0xffffffde fr.pc=0x00000212304d10cc relative=0x000000000000052c
Event: 31.123 Thread 0x000002123f8768b0 Uncommon trap: reason=class_check action=maybe_recompile pc=0x00000212304d10cc method=org.gradle.internal.snapshot.LargeChildMap.withNode(Lorg/gradle/internal/snapshot/VfsRelativePath;Lorg/gradle/internal/snapshot/CaseSensitivity;Lorg/gradle/internal/snap
Event: 31.123 Thread 0x000002123f8768b0 DEOPT PACKING pc=0x00000212304d10cc sp=0x0000008bfe3fb7e0
Event: 31.123 Thread 0x000002123f8768b0 DEOPT UNPACKING pc=0x00000212284a23a3 sp=0x0000008bfe3fb7a0 mode 2
Event: 31.134 Thread 0x000002123f8768b0 Uncommon trap: trap_request=0xffffffde fr.pc=0x00000212304d10cc relative=0x000000000000052c
Event: 31.134 Thread 0x000002123f8768b0 Uncommon trap: reason=class_check action=maybe_recompile pc=0x00000212304d10cc method=org.gradle.internal.snapshot.LargeChildMap.withNode(Lorg/gradle/internal/snapshot/VfsRelativePath;Lorg/gradle/internal/snapshot/CaseSensitivity;Lorg/gradle/internal/snap
Event: 31.134 Thread 0x000002123f8768b0 DEOPT PACKING pc=0x00000212304d10cc sp=0x0000008bfe3fb7e0
Event: 31.135 Thread 0x000002123f8768b0 DEOPT UNPACKING pc=0x00000212284a23a3 sp=0x0000008bfe3fb7a0 mode 2
Event: 31.135 Thread 0x000002123f8768b0 Uncommon trap: trap_request=0xffffffde fr.pc=0x00000212304d10cc relative=0x000000000000052c
Event: 31.135 Thread 0x000002123f8768b0 Uncommon trap: reason=class_check action=maybe_recompile pc=0x00000212304d10cc method=org.gradle.internal.snapshot.LargeChildMap.withNode(Lorg/gradle/internal/snapshot/VfsRelativePath;Lorg/gradle/internal/snapshot/CaseSensitivity;Lorg/gradle/internal/snap
Event: 31.135 Thread 0x000002123f8768b0 DEOPT PACKING pc=0x00000212304d10cc sp=0x0000008bfe3fb7e0
Event: 31.135 Thread 0x000002123f8768b0 DEOPT UNPACKING pc=0x00000212284a23a3 sp=0x0000008bfe3fb7a0 mode 2

Classes unloaded (0 events):
No events

Classes redefined (0 events):
No events

Internal exceptions (20 events):
Event: 27.128 Thread 0x000002123f873890 Exception <a 'sun/nio/fs/WindowsException'{0x0000000087f33c18}> (0x0000000087f33c18) 
thrown [s\open\src\hotspot\share\prims\jni.cpp, line 516]
Event: 27.128 Thread 0x000002123f873890 Exception <a 'sun/nio/fs/WindowsException'{0x0000000087f340f8}> (0x0000000087f340f8) 
thrown [s\open\src\hotspot\share\prims\jni.cpp, line 516]
Event: 27.129 Thread 0x000002123f873890 Exception <a 'sun/nio/fs/WindowsException'{0x0000000087f3a128}> (0x0000000087f3a128) 
thrown [s\open\src\hotspot\share\prims\jni.cpp, line 516]
Event: 27.129 Thread 0x000002123f873890 Exception <a 'sun/nio/fs/WindowsException'{0x0000000087f3a558}> (0x0000000087f3a558) 
thrown [s\open\src\hotspot\share\prims\jni.cpp, line 516]
Event: 27.131 Thread 0x000002123f873890 Exception <a 'sun/nio/fs/WindowsException'{0x0000000087f3c530}> (0x0000000087f3c530) 
thrown [s\open\src\hotspot\share\prims\jni.cpp, line 516]
Event: 27.131 Thread 0x000002123f873890 Exception <a 'sun/nio/fs/WindowsException'{0x0000000087f3c920}> (0x0000000087f3c920) 
thrown [s\open\src\hotspot\share\prims\jni.cpp, line 516]
Event: 28.195 Thread 0x000002123f873890 Implicit null exception at 0x0000021230298e72 to 0x00000212302994f0
Event: 28.577 Thread 0x00000212402edbf0 Exception <a 'java/lang/NoSuchMethodError'{0x0000000089717328}: static [Ljava/lang/Object;.<clinit>()V> (0x0000000089717328) 
thrown [s\open\src\hotspot\share\prims\jni.cpp, line 1107]
Event: 28.589 Thread 0x000002123f872550 Exception <a 'sun/nio/fs/WindowsException'{0x0000000089740a30}> (0x0000000089740a30) 
thrown [s\open\src\hotspot\share\prims\jni.cpp, line 516]
Event: 28.589 Thread 0x000002123f872550 Exception <a 'sun/nio/fs/WindowsException'{0x0000000089740e68}> (0x0000000089740e68) 
thrown [s\open\src\hotspot\share\prims\jni.cpp, line 516]
Event: 28.590 Thread 0x000002123f872550 Exception <a 'sun/nio/fs/WindowsException'{0x00000000897447a8}> (0x00000000897447a8) 
thrown [s\open\src\hotspot\share\prims\jni.cpp, line 516]
Event: 28.591 Thread 0x000002123f872550 Exception <a 'sun/nio/fs/WindowsException'{0x0000000089744be8}> (0x0000000089744be8) 
thrown [s\open\src\hotspot\share\prims\jni.cpp, line 516]
Event: 29.343 Thread 0x000002123f873890 Exception <a 'sun/nio/fs/WindowsException'{0x000000008748f888}> (0x000000008748f888) 
thrown [s\open\src\hotspot\share\prims\jni.cpp, line 516]
Event: 29.343 Thread 0x000002123f873890 Exception <a 'sun/nio/fs/WindowsException'{0x000000008748fcc8}> (0x000000008748fcc8) 
thrown [s\open\src\hotspot\share\prims\jni.cpp, line 516]
Event: 29.344 Thread 0x000002123f873890 Exception <a 'sun/nio/fs/WindowsException'{0x0000000087491cf0}> (0x0000000087491cf0) 
thrown [s\open\src\hotspot\share\prims\jni.cpp, line 516]
Event: 29.344 Thread 0x000002123f873890 Exception <a 'sun/nio/fs/WindowsException'{0x0000000087492138}> (0x0000000087492138) 
thrown [s\open\src\hotspot\share\prims\jni.cpp, line 516]
Event: 29.447 Thread 0x000002123f872550 Exception <a 'sun/nio/fs/WindowsException'{0x000000008a692a40}> (0x000000008a692a40) 
thrown [s\open\src\hotspot\share\prims\jni.cpp, line 516]
Event: 29.463 Thread 0x000002123f872550 Exception <a 'java/lang/NoSuchMethodError'{0x000000008a592f08}: 'int java.lang.invoke.DirectMethodHandle$Holder.invokeSpecial(java.lang.Object, java.lang.Object, java.lang.Object, java.lang.Object, java.lang.Object)'> (0x000000008a592f08) 
thrown [s\open\src\hotspot\share\interpreter\linkResolver.cpp, line 759]
Event: 29.687 Thread 0x000002123f8768b0 Exception <a 'sun/nio/fs/WindowsException'{0x0000000089960a00}> (0x0000000089960a00) 
thrown [s\open\src\hotspot\share\prims\jni.cpp, line 516]
Event: 31.142 Thread 0x000002123f8768b0 Exception <a 'sun/nio/fs/WindowsException'{0x0000000088009278}> (0x0000000088009278) 
thrown [s\open\src\hotspot\share\prims\jni.cpp, line 516]

VM Operations (20 events):
Event: 28.423 Executing VM operation: HandshakeAllThreads done
Event: 28.564 Executing VM operation: HandshakeAllThreads
Event: 28.564 Executing VM operation: HandshakeAllThreads done
Event: 28.565 Executing VM operation: HandshakeAllThreads
Event: 28.565 Executing VM operation: HandshakeAllThreads done
Event: 28.569 Executing VM operation: HandshakeAllThreads
Event: 28.569 Executing VM operation: HandshakeAllThreads done
Event: 28.862 Executing VM operation: ICBufferFull
Event: 28.862 Executing VM operation: ICBufferFull done
Event: 29.381 Executing VM operation: G1CollectForAllocation
Event: 29.400 Executing VM operation: G1CollectForAllocation done
Event: 29.460 Executing VM operation: HandshakeAllThreads
Event: 29.460 Executing VM operation: HandshakeAllThreads done
Event: 30.053 Executing VM operation: ICBufferFull
Event: 30.053 Executing VM operation: ICBufferFull done
Event: 30.381 Executing VM operation: G1CollectForAllocation
Event: 30.397 Executing VM operation: G1CollectForAllocation done
Event: 31.027 Executing VM operation: HandshakeAllThreads
Event: 31.038 Executing VM operation: HandshakeAllThreads done
Event: 31.247 Executing VM operation: G1CollectForAllocation

Events (20 events):
Event: 28.411 loading class java/util/TreeMap$NavigableSubMap done
Event: 28.411 loading class java/util/TreeMap$DescendingSubMap done
Event: 28.411 loading class java/util/TreeMap$DescendingSubMap$DescendingEntrySetView
Event: 28.412 loading class java/util/TreeMap$NavigableSubMap$EntrySetView
Event: 28.412 loading class java/util/TreeMap$NavigableSubMap$EntrySetView done
Event: 28.412 loading class java/util/TreeMap$DescendingSubMap$DescendingEntrySetView done
Event: 28.412 loading class java/util/TreeMap$NavigableSubMap$DescendingSubMapEntryIterator
Event: 28.412 loading class java/util/TreeMap$NavigableSubMap$SubMapIterator
Event: 28.413 loading class java/util/TreeMap$NavigableSubMap$SubMapIterator done
Event: 28.413 loading class java/util/TreeMap$NavigableSubMap$DescendingSubMapEntryIterator done
Event: 28.537 loading class java/time/Instant$1
Event: 28.537 loading class java/time/Instant$1 done
Event: 28.753 Thread 0x0000021242fce940 Thread exited: 0x0000021242fce940
Event: 29.017 loading class java/util/ArrayList$SubList$1
Event: 29.017 loading class java/util/ArrayList$SubList$1 done
Event: 29.146 Thread 0x0000021246dd64b0 Thread added: 0x0000021246dd64b0
Event: 29.335 loading class java/util/LinkedList$LLSpliterator
Event: 29.335 loading class java/util/LinkedList$LLSpliterator done
Event: 29.372 Thread 0x00000212472ca620 Thread added: 0x00000212472ca620
Event: 31.062 Thread 0x000002123c243fe0 flushing nmethod 0x0000021229af8510


Dynamic libraries:
0x00007ff7cabe0000 - 0x00007ff7cabf0000 	C:\Program Files\Java\jdk-17.0.4\bin\java.exe
0x00007ffc62fb0000 - 0x00007ffc631a8000 	C:\Windows\SYSTEM32\ntdll.dll
0x00007ffc61100000 - 0x00007ffc611bd000 	C:\Windows\System32\KERNEL32.DLL
0x00007ffc60bc0000 - 0x00007ffc60eb6000 	C:\Windows\System32\KERNELBASE.dll
0x00007ffc609e0000 - 0x00007ffc60ae0000 	C:\Windows\System32\ucrtbase.dll
0x00007ffc5d7b0000 - 0x00007ffc5d7c8000 	C:\Program Files\Java\jdk-17.0.4\bin\jli.dll
0x00007ffc5c230000 - 0x00007ffc5c24a000 	C:\Program Files\Java\jdk-17.0.4\bin\VCRUNTIME140.dll
0x00007ffc61220000 - 0x00007ffc612cf000 	C:\Windows\System32\ADVAPI32.dll
0x00007ffc61c30000 - 0x00007ffc61cce000 	C:\Windows\System32\msvcrt.dll
0x00007ffc61cd0000 - 0x00007ffc61d6c000 	C:\Windows\System32\sechost.dll
0x00007ffc61540000 - 0x00007ffc61666000 	C:\Windows\System32\RPCRT4.dll
0x00007ffc613a0000 - 0x00007ffc6153e000 	C:\Windows\System32\USER32.dll
0x00007ffc60ae0000 - 0x00007ffc60b02000 	C:\Windows\System32\win32u.dll
0x00007ffc4c3e0000 - 0x00007ffc4c67a000 	C:\Windows\WinSxS\amd64_microsoft.windows.common-controls_6595b64144ccf1df_6.0.19041.3636_none_60b6a03d71f818d5\COMCTL32.dll
0x00007ffc611c0000 - 0x00007ffc611ec000 	C:\Windows\System32\GDI32.dll
0x00007ffc60ef0000 - 0x00007ffc6100a000 	C:\Windows\System32\gdi32full.dll
0x00007ffc60940000 - 0x00007ffc609dd000 	C:\Windows\System32\msvcp_win.dll
0x00007ffc5ef00000 - 0x00007ffc5ef0a000 	C:\Windows\SYSTEM32\VERSION.dll
0x00007ffc611f0000 - 0x00007ffc61220000 	C:\Windows\System32\IMM32.DLL
0x00007ffc5ef10000 - 0x00007ffc5ef46000 	C:\Windows\system32\DriverStore\FileRepository\nvami.inf_amd64_1474122a0ce2f241\nvinitx.dll
0x00007ffc61f20000 - 0x00007ffc62665000 	C:\Windows\System32\Shell32.dll
0x00007ffc5e700000 - 0x00007ffc5ee9b000 	C:\Windows\SYSTEM32\windows.storage.dll
0x00007ffc616e0000 - 0x00007ffc61a34000 	C:\Windows\System32\combase.dll
0x00007ffc600d0000 - 0x00007ffc600fd000 	C:\Windows\SYSTEM32\Wldp.dll
0x00007ffc61a50000 - 0x00007ffc61afd000 	C:\Windows\System32\SHCORE.dll
0x00007ffc627f0000 - 0x00007ffc62845000 	C:\Windows\System32\shlwapi.dll
0x0000000075be0000 - 0x0000000075be6000 	C:\Program Files\NVIDIA Corporation\CoProcManager\_etoured.dll
0x00007ffc59000000 - 0x00007ffc59043000 	C:\Program Files\NVIDIA Corporation\CoProcManager\nvd3d9wrapx.dll
0x00007ffc62a00000 - 0x00007ffc62e6e000 	C:\Windows\System32\SETUPAPI.dll
0x00007ffc608f0000 - 0x00007ffc6093e000 	C:\Windows\System32\cfgmgr32.dll
0x00007ffc60ec0000 - 0x00007ffc60ee7000 	C:\Windows\System32\bcrypt.dll
0x00007ffc58fd0000 - 0x00007ffc58ffd000 	C:\Program Files\NVIDIA Corporation\CoProcManager\nvdxgiwrapx.dll
0x00007ffc5dfc0000 - 0x00007ffc5dfcc000 	C:\Program Files\Java\jdk-17.0.4\bin\vcruntime140_1.dll
0x00007ffc3cc40000 - 0x00007ffc3cccd000 	C:\Program Files\Java\jdk-17.0.4\bin\msvcp140.dll
0x00007ffc25a00000 - 0x00007ffc265c2000 	C:\Program Files\Java\jdk-17.0.4\bin\server\jvm.dll
0x00007ffc62e70000 - 0x00007ffc62e78000 	C:\Windows\System32\PSAPI.DLL
0x00007ffc57cb0000 - 0x00007ffc57cd7000 	C:\Windows\SYSTEM32\WINMM.dll
0x00007ffc2e930000 - 0x00007ffc2e939000 	C:\Windows\SYSTEM32\WSOCK32.dll
0x00007ffc61670000 - 0x00007ffc616db000 	C:\Windows\System32\WS2_32.dll
0x00007ffc5e590000 - 0x00007ffc5e5a2000 	C:\Windows\SYSTEM32\kernel.appcore.dll
0x00007ffc5c270000 - 0x00007ffc5c27a000 	C:\Program Files\Java\jdk-17.0.4\bin\jimage.dll
0x00007ffc4f300000 - 0x00007ffc4f4e4000 	C:\Windows\SYSTEM32\DBGHELP.DLL
0x00007ffc4f2b0000 - 0x00007ffc4f2e4000 	C:\Windows\SYSTEM32\dbgcore.DLL
0x00007ffc60700000 - 0x00007ffc60782000 	C:\Windows\System32\bcryptPrimitives.dll
0x00007ffc5a1a0000 - 0x00007ffc5a1c5000 	C:\Program Files\Java\jdk-17.0.4\bin\java.dll
0x00007ffc3a890000 - 0x00007ffc3a966000 	C:\Program Files\Java\jdk-17.0.4\bin\jsvml.dll
0x00007ffc605c0000 - 0x00007ffc605e5000 	C:\Windows\SYSTEM32\profapi.dll
0x00007ffc56b30000 - 0x00007ffc56b49000 	C:\Program Files\Java\jdk-17.0.4\bin\net.dll
0x00007ffc55010000 - 0x00007ffc5511a000 	C:\Windows\SYSTEM32\WINHTTP.dll
0x00007ffc5fe30000 - 0x00007ffc5fe9a000 	C:\Windows\system32\mswsock.dll
0x00007ffc54ce0000 - 0x00007ffc54cf6000 	C:\Program Files\Java\jdk-17.0.4\bin\nio.dll
0x00007ffc54c10000 - 0x00007ffc54c28000 	C:\Program Files\Java\jdk-17.0.4\bin\zip.dll
0x00007ffc5c200000 - 0x00007ffc5c210000 	C:\Program Files\Java\jdk-17.0.4\bin\verify.dll
0x00007ffc3d5d0000 - 0x00007ffc3d5f7000 	C:\Users\Aadhil Ahamed\.gradle\native\68d5fa5c4cc2d200863cafc0d521ce42e7d3e7ee720ec0a83991735586a16f82\windows-amd64\native-platform.dll
0x00007ffc362c0000 - 0x00007ffc36404000 	C:\Users\Aadhil Ahamed\.gradle\native\e376f236ea51e6404a007f0833ffe2c6e607c4080706a723a18a27aeea778392\windows-amd64\native-platform-file-events.dll
0x00007ffc5b420000 - 0x00007ffc5b429000 	C:\Program Files\Java\jdk-17.0.4\bin\management.dll
0x00007ffc5a460000 - 0x00007ffc5a46b000 	C:\Program Files\Java\jdk-17.0.4\bin\management_ext.dll
0x00007ffc60020000 - 0x00007ffc60038000 	C:\Windows\SYSTEM32\CRYPTSP.dll
0x00007ffc5f6f0000 - 0x00007ffc5f724000 	C:\Windows\system32\rsaenh.dll
0x00007ffc60540000 - 0x00007ffc6056e000 	C:\Windows\SYSTEM32\USERENV.dll
0x00007ffc60040000 - 0x00007ffc6004c000 	C:\Windows\SYSTEM32\CRYPTBASE.dll
0x00007ffc5fad0000 - 0x00007ffc5fb0b000 	C:\Windows\SYSTEM32\IPHLPAPI.DLL
0x00007ffc62f60000 - 0x00007ffc62f68000 	C:\Windows\System32\NSI.dll
0x00007ffc552a0000 - 0x00007ffc552b7000 	C:\Windows\SYSTEM32\dhcpcsvc6.DLL
0x00007ffc55370000 - 0x00007ffc5538d000 	C:\Windows\SYSTEM32\dhcpcsvc.DLL
0x00007ffc5fb60000 - 0x00007ffc5fc2a000 	C:\Windows\SYSTEM32\DNSAPI.dll
0x00007ffc5a2d0000 - 0x00007ffc5a2de000 	C:\Program Files\Java\jdk-17.0.4\bin\sunmscapi.dll
0x00007ffc60790000 - 0x00007ffc608ed000 	C:\Windows\System32\CRYPT32.dll
0x00007ffc60140000 - 0x00007ffc60167000 	C:\Windows\SYSTEM32\ncrypt.dll
0x00007ffc60100000 - 0x00007ffc6013b000 	C:\Windows\SYSTEM32\NTASN1.dll
0x00007ffc2e940000 - 0x00007ffc2e947000 	C:\Windows\system32\wshunix.dll

dbghelp: loaded successfully - version: 4.0.5 - missing functions: none
symbol engine: initialized successfully - sym options: 0x614 - pdb path: .;C:\Program Files\Java\jdk-17.0.4\bin;C:\Windows\SYSTEM32;C:\Windows\WinSxS\amd64_microsoft.windows.common-controls_6595b64144ccf1df_6.0.19041.3636_none_60b6a03d71f818d5;C:\Windows\system32\DriverStore\FileRepository\nvami.inf_amd64_1474122a0ce2f241;C:\Program Files\NVIDIA Corporation\CoProcManager;C:\Program Files\Java\jdk-17.0.4\bin\server;C:\Users\Aadhil Ahamed\.gradle\native\68d5fa5c4cc2d200863cafc0d521ce42e7d3e7ee720ec0a83991735586a16f82\windows-amd64;C:\Users\Aadhil Ahamed\.gradle\native\e376f236ea51e6404a007f0833ffe2c6e607c4080706a723a18a27aeea778392\windows-amd64

VM Arguments:
jvm_args: --add-opens=java.base/java.util=ALL-UNNAMED --add-opens=java.base/java.lang=ALL-UNNAMED --add-opens=java.base/java.lang.invoke=ALL-UNNAMED --add-opens=java.prefs/java.util.prefs=ALL-UNNAMED --add-opens=java.base/java.nio.charset=ALL-UNNAMED --add-opens=java.base/java.net=ALL-UNNAMED --add-opens=java.base/java.util.concurrent.atomic=ALL-UNNAMED -Xmx2048m -Dfile.encoding=UTF-8 -Duser.country=US -Duser.language=en -Duser.variant 
java_command: org.gradle.launcher.daemon.bootstrap.GradleDaemon 8.0
java_class_path (initial): C:\Users\Aadhil Ahamed\.gradle\wrapper\dists\gradle-8.0-bin\ca5e32bp14vu59qr306oxotwh\gradle-8.0\lib\gradle-launcher-8.0.jar
Launcher Type: SUN_STANDARD

[Global flags]
     intx CICompilerCount                          = 3                                         {product} {ergonomic}
     uint ConcGCThreads                            = 1                                         {product} {ergonomic}
     uint G1ConcRefinementThreads                  = 4                                         {product} {ergonomic}
   size_t G1HeapRegionSize                         = 1048576                                   {product} {ergonomic}
    uintx GCDrainStackTargetSize                   = 64                                        {product} {ergonomic}
   size_t InitialHeapSize                          = 134217728                                 {product} {ergonomic}
   size_t MarkStackSize                            = 4194304                                   {product} {ergonomic}
   size_t MaxHeapSize                              = 2147483648                                {product} {command line}
   size_t MaxNewSize                               = 1287651328                                {product} {ergonomic}
   size_t MinHeapDeltaBytes                        = 1048576                                   {product} {ergonomic}
   size_t MinHeapSize                              = 8388608                                   {product} {ergonomic}
    uintx NonNMethodCodeHeapSize                   = 5832780                                {pd product} {ergonomic}
    uintx NonProfiledCodeHeapSize                  = 122912730                              {pd product} {ergonomic}
    uintx ProfiledCodeHeapSize                     = 122912730                              {pd product} {ergonomic}
    uintx ReservedCodeCacheSize                    = 251658240                              {pd product} {ergonomic}
     bool SegmentedCodeCache                       = true                                      {product} {ergonomic}
   size_t SoftMaxHeapSize                          = 2147483648                             {manageable} {ergonomic}
     bool UseCompressedClassPointers               = true                           {product lp64_product} {ergonomic}
     bool UseCompressedOops                        = true                           {product lp64_product} {ergonomic}
     bool UseG1GC                                  = true                                      {product} {ergonomic}
     bool UseLargePagesIndividualAllocation        = false                                  {pd product} {ergonomic}

Logging:
Log output configuration:
 #0: stdout all=warning uptime,level,tags
 #1: stderr all=off uptime,level,tags

Environment Variables:
JAVA_HOME=C:\Program Files\Java\jdk-17.0.4
PATH=C:\Program Files\Java\jdk-17.0.4;C:\Program Files\Microsoft\jdk-11.0.19.7-hotspot;C:\Python311\Scripts\;C:\Python311\;C:\Program Files\Common Files\Oracle\Java\javapath;C:\Windows\system32;C:\Windows;C:\Windows\System32\Wbem;C:\Windows\System32\WindowsPowerShell\v1.0\;C:\Windows\System32\OpenSSH\;C:\Program Files (x86)\NVIDIA Corporation\PhysX\Common;C:\Program Files\Git\cmd;C:\Program Files (x86)\Microsoft SQL Server\160\DTS\Binn\;C:\Program Files\Azure Data Studio\bin;C:\Program Files (x86)\Microsoft SQL Server\150\Tools\Binn\;C:\Program Files\Microsoft SQL Server\150\Tools\Binn\;C:\Program Files (x86)\Microsoft SQL Server\150\DTS\Binn\;C:\Program Files\Microsoft SQL Server\150\DTS\Binn\;C:\Program Files\Microsoft SQL Server\Client SDK\ODBC\170\Tools\Binn\;C:\xampp\php;C:\ProgramData\chocolatey\bin;C:\Program Files\nodejs\;C:\Program Files\MySQL\MySQL Shell 8.0\bin\;C:\Users\Aadhil Ahamed\AppData\Local\Programs\Python\Python39-32\Scripts\;C:\Users\Aadhil Ahamed\AppData\Local\Programs\Python\Python39-32\;C:\Users\Aadhil Ahamed\AppData\Local\Microsoft\WindowsApps;D:\Microsoft VS Code\bin;C:\Program Files\Java\jdk-11.0.16;C:\Program Files (x86)\Java\jdk 1.8.0_271\bin;C:\Program Files\Java\jdk-18.0.2\bin;C:\Program Files\Azure Data Studio\bin;C:\Users\Aadhil Ahamed\AppData\Roaming\npm
USERNAME=Aadhil Ahamed
OS=Windows_NT
PROCESSOR_IDENTIFIER=Intel64 Family 6 Model 42 Stepping 7, GenuineIntel



---------------  S Y S T E M  ---------------

OS:
 Windows 10 , 64 bit Build 19041 (10.0.19041.3636)
OS uptime: 0 days 11:35 hours

CPU: total 4 (initial active 4) (2 cores per cpu, 2 threads per core) family 6 model 42 stepping 7 microcode 0x2f, cx8, cmov, fxsr, ht, mmx, sse, sse2, sse3, ssse3, sse4.1, sse4.2, popcnt, tsc, tscinvbit, avx, aes, clmul, vzeroupper, clflush

Memory: 4k page, system-wide physical 8103M (1079M free)
TotalPageFile size 10151M (AvailPageFile size 87M)
current process WorkingSet (physical memory assigned to process): 403M, peak: 408M
current process commit charge ("private bytes"): 437M, peak: 649M

vm_info: Java HotSpot(TM) 64-Bit Server VM (17.0.4+11-LTS-179) for windows-amd64 JRE (17.0.4+11-LTS-179), built on Jun 28 2022 08:23:05 by "mach5one" with MS VC++ 16.8 / 16.9 (VS2019)

END.
