#
# There is insufficient memory for the Java Runtime Environment to continue.
# Native memory allocation (malloc) failed to allocate 1657584 bytes for Chunk::new
# Possible reasons:
#   The system is out of physical RAM or swap space
#   The process is running with CompressedOops enabled, and the Java Heap may be blocking the growth of the native heap
# Possible solutions:
#   Reduce memory load on the system
#   Increase physical memory or swap space
#   Check if swap backing store is full
#   Decrease Java heap size (-Xmx/-Xms)
#   Decrease number of Java threads
#   Decrease Java thread stack sizes (-Xss)
#   Set larger code cache with -XX:ReservedCodeCacheSize=
#   JVM is running with Unscaled Compressed Oops mode in which the Java heap is
#     placed in the first 4GB address space. The Java Heap base address is the
#     maximum limit for the native heap growth. Please use -XX:HeapBaseMinAddress
#     to set the Java Heap base and to place the Java Heap above 4GB virtual address.
# This output file may be truncated or incomplete.
#
#  Out of Memory Error (arena.cpp:189), pid=1352, tid=8240
#
# JRE version: Java(TM) SE Runtime Environment (17.0.4+11) (build 17.0.4+11-LTS-179)
# Java VM: Java HotSpot(TM) 64-Bit Server VM (17.0.4+11-LTS-179, mixed mode, sharing, tiered, compressed oops, compressed class ptrs, g1 gc, windows-amd64)
# No core dump will be written. Minidumps are not enabled by default on client versions of Windows
#

---------------  S U M M A R Y ------------

Command Line: --add-opens=java.base/java.util=ALL-UNNAMED --add-opens=java.base/java.lang=ALL-UNNAMED --add-opens=java.base/java.lang.invoke=ALL-UNNAMED --add-opens=java.prefs/java.util.prefs=ALL-UNNAMED --add-opens=java.base/java.nio.charset=ALL-UNNAMED --add-opens=java.base/java.net=ALL-UNNAMED --add-opens=java.base/java.util.concurrent.atomic=ALL-UNNAMED -Xmx2048m -Dfile.encoding=UTF-8 -Duser.country=US -Duser.language=en -Duser.variant org.gradle.launcher.daemon.bootstrap.GradleDaemon 8.0

Host: Intel(R) Core(TM) i5-2410M CPU @ 2.30GHz, 4 cores, 7G,  Windows 10 , 64 bit Build 19041 (10.0.19041.3636)
Time: Thu Dec 14 20:29:38 2023 Sri Lanka Standard Time elapsed time: 80.274447 seconds (0d 0h 1m 20s)

---------------  T H R E A D  ---------------

Current thread (0x000001edc4b474a0):  JavaThread "C2 CompilerThread1" daemon [_thread_in_native, id=8240, stack(0x0000006a31e00000,0x0000006a31f00000)]


Current CompileTask:
C2:  80274 13520       4       org.gradle.api.internal.tasks.compile.incremental.serialization.HierarchicalNameSerializer::readName (51 bytes)

Stack: [0x0000006a31e00000,0x0000006a31f00000]
Native frames: (J=compiled Java code, j=interpreted, Vv=VM code, C=native code)
V  [jvm.dll+0x6723da]
V  [jvm.dll+0x7d1f74]
V  [jvm.dll+0x7d371e]
V  [jvm.dll+0x7d3d83]
V  [jvm.dll+0x242ed5]
V  [jvm.dll+0xaa57b]
V  [jvm.dll+0xaab0c]
V  [jvm.dll+0x360447]
V  [jvm.dll+0x1b9f18]
V  [jvm.dll+0x216149]
V  [jvm.dll+0x215411]
V  [jvm.dll+0x1a1fcd]
V  [jvm.dll+0x224c78]
V  [jvm.dll+0x222de5]
V  [jvm.dll+0x787a5b]
V  [jvm.dll+0x78201a]
V  [jvm.dll+0x671265]
C  [ucrtbase.dll+0x21bb2]
C  [KERNEL32.DLL+0x17344]
C  [ntdll.dll+0x526b1]


---------------  P R O C E S S  ---------------

Threads class SMR info:
_java_thread_list=0x000001edc4ea4e80, length=97, elements={
0x000001ed9b0234f0, 0x000001edb87a06c0, 0x000001edb87a6260, 0x000001edb87aeab0,
0x000001edb87b1600, 0x000001edb87b0790, 0x000001edb87b1ad0, 0x000001edb87b33c0,
0x000001edb87b5cd0, 0x000001edb87c3af0, 0x000001edb87ae5e0, 0x000001edb87b0c60,
0x000001edb87af450, 0x000001edb87af920, 0x000001edb87afdf0, 0x000001edb87b1130,
0x000001edb87b02c0, 0x000001edb87ae110, 0x000001edbd344b10, 0x000001edbd344640,
0x000001edbd3489a0, 0x000001edbd341af0, 0x000001edbd342960, 0x000001edbd344170,
0x000001edbd344fe0, 0x000001edbd346cc0, 0x000001edbd345980, 0x000001edbd348e70,
0x000001edbd349340, 0x000001edbd342490, 0x000001edbd342e30, 0x000001edbd3467f0,
0x000001edbd341fc0, 0x000001edbd343300, 0x000001edbd3484d0, 0x000001edbe9cac10,
0x000001edbe9cba80, 0x000001edbe9cb0e0, 0x000001edbe9c8a60, 0x000001edbe9cb5b0,
0x000001edbe9c9400, 0x000001edbe9c98d0, 0x000001edbe9c9da0, 0x000001edbe9ca270,
0x000001edbe9ca740, 0x000001edbef24a80, 0x000001edbef22da0, 0x000001edbef275d0,
0x000001edbef26c30, 0x000001edbef22400, 0x000001edbef27aa0, 0x000001edbef26290,
0x000001edbef23270, 0x000001edbef26760, 0x000001edbef245b0, 0x000001edbef27100,
0x000001edbef27f70, 0x000001edbef28440, 0x000001edbef228d0, 0x000001edbef28910,
0x000001edbef210c0, 0x000001edbef23740, 0x000001edbef21590, 0x000001edbef240e0,
0x000001edbef24f50, 0x000001edbef21a60, 0x000001edbef21f30, 0x000001edbef23c10,
0x000001edbef25420, 0x000001edbef258f0, 0x000001edbef25dc0, 0x000001edbe186850,
0x000001edbe182e90, 0x000001edbe181b50, 0x000001edbe1871f0, 0x000001edbe183360,
0x000001edbe1846a0, 0x000001edbe185510, 0x000001edbe1859e0, 0x000001edbe183830,
0x000001edbe180340, 0x000001edbe184b70, 0x000001edbe183d00, 0x000001edbe1824f0,
0x000001edbe186380, 0x000001edbc4c6860, 0x000001edc26192c0, 0x000001edbc4c5520,
0x000001edbc8cb9f0, 0x000001edc293c390, 0x000001edc293f3b0, 0x000001edc4b474a0,
0x000001edbe186d20, 0x000001edbc4c5050, 0x000001edbc4c5ec0, 0x000001edbc4c6390,
0x000001edc24b3850
}

Java Threads: ( => current thread )
  0x000001ed9b0234f0 JavaThread "main" [_thread_blocked, id=10364, stack(0x0000006a32100000,0x0000006a32200000)]
  0x000001edb87a06c0 JavaThread "Reference Handler" daemon [_thread_blocked, id=13240, stack(0x0000006a32800000,0x0000006a32900000)]
  0x000001edb87a6260 JavaThread "Finalizer" daemon [_thread_blocked, id=2592, stack(0x0000006a32900000,0x0000006a32a00000)]
  0x000001edb87aeab0 JavaThread "Signal Dispatcher" daemon [_thread_blocked, id=10912, stack(0x0000006a32a00000,0x0000006a32b00000)]
  0x000001edb87b1600 JavaThread "Attach Listener" daemon [_thread_blocked, id=2336, stack(0x0000006a32b00000,0x0000006a32c00000)]
  0x000001edb87b0790 JavaThread "Service Thread" daemon [_thread_blocked, id=10468, stack(0x0000006a32c00000,0x0000006a32d00000)]
  0x000001edb87b1ad0 JavaThread "Monitor Deflation Thread" daemon [_thread_blocked, id=8400, stack(0x0000006a32d00000,0x0000006a32e00000)]
  0x000001edb87b33c0 JavaThread "C2 CompilerThread0" daemon [_thread_in_native, id=7612, stack(0x0000006a32e00000,0x0000006a32f00000)]
  0x000001edb87b5cd0 JavaThread "C1 CompilerThread0" daemon [_thread_blocked, id=12900, stack(0x0000006a32f00000,0x0000006a33000000)]
  0x000001edb87c3af0 JavaThread "Sweeper thread" daemon [_thread_blocked, id=9284, stack(0x0000006a33000000,0x0000006a33100000)]
  0x000001edb87ae5e0 JavaThread "Common-Cleaner" daemon [_thread_blocked, id=1212, stack(0x0000006a33100000,0x0000006a33200000)]
  0x000001edb87b0c60 JavaThread "Notification Thread" daemon [_thread_blocked, id=9300, stack(0x0000006a33200000,0x0000006a33300000)]
  0x000001edb87af450 JavaThread "Daemon health stats" [_thread_blocked, id=5840, stack(0x0000006a33800000,0x0000006a33900000)]
  0x000001edb87af920 JavaThread "Incoming local TCP Connector on port 3754" [_thread_in_native, id=9568, stack(0x0000006a33900000,0x0000006a33a00000)]
  0x000001edb87afdf0 JavaThread "Daemon periodic checks" [_thread_blocked, id=13120, stack(0x0000006a33a00000,0x0000006a33b00000)]
  0x000001edb87b1130 JavaThread "Daemon" [_thread_blocked, id=10772, stack(0x0000006a33b00000,0x0000006a33c00000)]
  0x000001edb87b02c0 JavaThread "Handler for socket connection from /127.0.0.1:3754 to /127.0.0.1:3755" [_thread_in_native, id=10200, stack(0x0000006a33c00000,0x0000006a33d00000)]
  0x000001edb87ae110 JavaThread "Cancel handler" [_thread_blocked, id=6160, stack(0x0000006a33d00000,0x0000006a33e00000)]
  0x000001edbd344b10 JavaThread "Daemon worker" [_thread_blocked, id=600, stack(0x0000006a33e00000,0x0000006a33f00000)]
  0x000001edbd344640 JavaThread "Asynchronous log dispatcher for DefaultDaemonConnection: socket connection from /127.0.0.1:3754 to /127.0.0.1:3755" [_thread_blocked, id=12476, stack(0x0000006a33f00000,0x0000006a34000000)]
  0x000001edbd3489a0 JavaThread "Daemon client event forwarder" [_thread_blocked, id=11888, stack(0x0000006a34100000,0x0000006a34200000)]
  0x000001edbd341af0 JavaThread "Cache worker for journal cache (C:\Users\Aadhil Ahamed\.gradle\caches\journal-1)" [_thread_blocked, id=9392, stack(0x0000006a34200000,0x0000006a34300000)]
  0x000001edbd342960 JavaThread "File lock request listener" [_thread_in_native, id=11364, stack(0x0000006a34300000,0x0000006a34400000)]
  0x000001edbd344170 JavaThread "Cache worker for file hash cache (C:\Users\Aadhil Ahamed\.gradle\caches\8.0\fileHashes)" [_thread_blocked, id=5032, stack(0x0000006a34400000,0x0000006a34500000)]
  0x000001edbd344fe0 JavaThread "File watcher server" daemon [_thread_in_native, id=4752, stack(0x0000006a34500000,0x0000006a34600000)]
  0x000001edbd346cc0 JavaThread "File watcher consumer" daemon [_thread_blocked, id=11080, stack(0x0000006a34600000,0x0000006a34700000)]
  0x000001edbd345980 JavaThread "Cache worker for checksums cache (C:\Users\Aadhil Ahamed\AndroidStudioProjects\CineWorldDigital\.gradle\8.0\checksums)" [_thread_blocked, id=5392, stack(0x0000006a34700000,0x0000006a34800000)]
  0x000001edbd348e70 JavaThread "Cache worker for cache directory md-rule (C:\Users\Aadhil Ahamed\.gradle\caches\8.0\md-rule)" [_thread_blocked, id=10748, stack(0x0000006a34800000,0x0000006a34900000)]
  0x000001edbd349340 JavaThread "Cache worker for file content cache (C:\Users\Aadhil Ahamed\.gradle\caches\8.0\fileContent)" [_thread_blocked, id=12100, stack(0x0000006a34900000,0x0000006a34a00000)]
  0x000001edbd342490 JavaThread "Cache worker for file hash cache (C:\Users\Aadhil Ahamed\AndroidStudioProjects\CineWorldDigital\.gradle\8.0\fileHashes)" [_thread_blocked, id=6092, stack(0x0000006a34a00000,0x0000006a34b00000)]
  0x000001edbd342e30 JavaThread "Cache worker for cache directory md-supplier (C:\Users\Aadhil Ahamed\.gradle\caches\8.0\md-supplier)" [_thread_blocked, id=7056, stack(0x0000006a34c00000,0x0000006a34d00000)]
  0x000001edbd3467f0 JavaThread "Cache worker for execution history cache (C:\Users\Aadhil Ahamed\.gradle\caches\8.0\executionHistory)" [_thread_blocked, id=5400, stack(0x0000006a34d00000,0x0000006a34e00000)]
  0x000001edbd341fc0 JavaThread "jar transforms" [_thread_blocked, id=10672, stack(0x0000006a34e00000,0x0000006a34f00000)]
  0x000001edbd343300 JavaThread "jar transforms Thread 2" [_thread_blocked, id=9260, stack(0x0000006a34f00000,0x0000006a35000000)]
  0x000001edbd3484d0 JavaThread "jar transforms Thread 3" [_thread_blocked, id=12852, stack(0x0000006a35000000,0x0000006a35100000)]
  0x000001edbe9cac10 JavaThread "jar transforms Thread 4" [_thread_blocked, id=11964, stack(0x0000006a35100000,0x0000006a35200000)]
  0x000001edbe9cba80 JavaThread "Cache worker for dependencies-accessors (C:\Users\Aadhil Ahamed\AndroidStudioProjects\CineWorldDigital\.gradle\8.0\dependencies-accessors)" [_thread_blocked, id=708, stack(0x0000006a35200000,0x0000006a35300000)]
  0x000001edbe9cb0e0 JavaThread "Cache worker for Build Output Cleanup Cache (C:\Users\Aadhil Ahamed\AndroidStudioProjects\CineWorldDigital\.gradle\buildOutputCleanup)" [_thread_blocked, id=8912, stack(0x0000006a35300000,0x0000006a35400000)]
  0x000001edbe9c8a60 JavaThread "Unconstrained build operations" [_thread_blocked, id=12664, stack(0x0000006a35400000,0x0000006a35500000)]
  0x000001edbe9cb5b0 JavaThread "Unconstrained build operations Thread 2" [_thread_blocked, id=6528, stack(0x0000006a35500000,0x0000006a35600000)]
  0x000001edbe9c9400 JavaThread "Unconstrained build operations Thread 3" [_thread_blocked, id=10840, stack(0x0000006a35600000,0x0000006a35700000)]
  0x000001edbe9c98d0 JavaThread "Unconstrained build operations Thread 4" [_thread_blocked, id=13104, stack(0x0000006a35700000,0x0000006a35800000)]
  0x000001edbe9c9da0 JavaThread "Unconstrained build operations Thread 5" [_thread_blocked, id=8200, stack(0x0000006a35800000,0x0000006a35900000)]
  0x000001edbe9ca270 JavaThread "Unconstrained build operations Thread 6" [_thread_blocked, id=13200, stack(0x0000006a35900000,0x0000006a35a00000)]
  0x000001edbe9ca740 JavaThread "Unconstrained build operations Thread 7" [_thread_blocked, id=9440, stack(0x0000006a35a00000,0x0000006a35b00000)]
  0x000001edbef24a80 JavaThread "Unconstrained build operations Thread 8" [_thread_blocked, id=13140, stack(0x0000006a35b00000,0x0000006a35c00000)]
  0x000001edbef22da0 JavaThread "Unconstrained build operations Thread 9" [_thread_blocked, id=9824, stack(0x0000006a35c00000,0x0000006a35d00000)]
  0x000001edbef275d0 JavaThread "Unconstrained build operations Thread 10" [_thread_blocked, id=2812, stack(0x0000006a35d00000,0x0000006a35e00000)]
  0x000001edbef26c30 JavaThread "Unconstrained build operations Thread 11" [_thread_blocked, id=8808, stack(0x0000006a35e00000,0x0000006a35f00000)]
  0x000001edbef22400 JavaThread "Unconstrained build operations Thread 12" [_thread_blocked, id=11940, stack(0x0000006a35f00000,0x0000006a36000000)]
  0x000001edbef27aa0 JavaThread "Unconstrained build operations Thread 13" [_thread_blocked, id=12260, stack(0x0000006a36000000,0x0000006a36100000)]
  0x000001edbef26290 JavaThread "Unconstrained build operations Thread 14" [_thread_blocked, id=3552, stack(0x0000006a36100000,0x0000006a36200000)]
  0x000001edbef23270 JavaThread "Unconstrained build operations Thread 15" [_thread_blocked, id=8904, stack(0x0000006a36200000,0x0000006a36300000)]
  0x000001edbef26760 JavaThread "Unconstrained build operations Thread 16" [_thread_blocked, id=8876, stack(0x0000006a36300000,0x0000006a36400000)]
  0x000001edbef245b0 JavaThread "Unconstrained build operations Thread 17" [_thread_blocked, id=13220, stack(0x0000006a36400000,0x0000006a36500000)]
  0x000001edbef27100 JavaThread "Unconstrained build operations Thread 18" [_thread_blocked, id=11240, stack(0x0000006a36500000,0x0000006a36600000)]
  0x000001edbef27f70 JavaThread "Unconstrained build operations Thread 19" [_thread_blocked, id=12804, stack(0x0000006a36600000,0x0000006a36700000)]
  0x000001edbef28440 JavaThread "Unconstrained build operations Thread 20" [_thread_blocked, id=6684, stack(0x0000006a36700000,0x0000006a36800000)]
  0x000001edbef228d0 JavaThread "Unconstrained build operations Thread 21" [_thread_blocked, id=6208, stack(0x0000006a36800000,0x0000006a36900000)]
  0x000001edbef28910 JavaThread "Unconstrained build operations Thread 22" [_thread_blocked, id=12928, stack(0x0000006a36900000,0x0000006a36a00000)]
  0x000001edbef210c0 JavaThread "Unconstrained build operations Thread 23" [_thread_blocked, id=12428, stack(0x0000006a36a00000,0x0000006a36b00000)]
  0x000001edbef23740 JavaThread "Unconstrained build operations Thread 24" [_thread_blocked, id=2328, stack(0x0000006a36b00000,0x0000006a36c00000)]
  0x000001edbef21590 JavaThread "Unconstrained build operations Thread 25" [_thread_blocked, id=3720, stack(0x0000006a36c00000,0x0000006a36d00000)]
  0x000001edbef240e0 JavaThread "Unconstrained build operations Thread 26" [_thread_blocked, id=6824, stack(0x0000006a36d00000,0x0000006a36e00000)]
  0x000001edbef24f50 JavaThread "Unconstrained build operations Thread 27" [_thread_blocked, id=11652, stack(0x0000006a36e00000,0x0000006a36f00000)]
  0x000001edbef21a60 JavaThread "Unconstrained build operations Thread 28" [_thread_blocked, id=9908, stack(0x0000006a36f00000,0x0000006a37000000)]
  0x000001edbef21f30 JavaThread "Unconstrained build operations Thread 29" [_thread_blocked, id=12856, stack(0x0000006a37000000,0x0000006a37100000)]
  0x000001edbef23c10 JavaThread "Unconstrained build operations Thread 30" [_thread_blocked, id=13236, stack(0x0000006a37100000,0x0000006a37200000)]
  0x000001edbef25420 JavaThread "Unconstrained build operations Thread 31" [_thread_blocked, id=6804, stack(0x0000006a37200000,0x0000006a37300000)]
  0x000001edbef258f0 JavaThread "Unconstrained build operations Thread 32" [_thread_blocked, id=2664, stack(0x0000006a37300000,0x0000006a37400000)]
  0x000001edbef25dc0 JavaThread "Unconstrained build operations Thread 33" [_thread_blocked, id=10968, stack(0x0000006a37400000,0x0000006a37500000)]
  0x000001edbe186850 JavaThread "Unconstrained build operations Thread 34" [_thread_blocked, id=12864, stack(0x0000006a37500000,0x0000006a37600000)]
  0x000001edbe182e90 JavaThread "Unconstrained build operations Thread 35" [_thread_blocked, id=3052, stack(0x0000006a37600000,0x0000006a37700000)]
  0x000001edbe181b50 JavaThread "Unconstrained build operations Thread 36" [_thread_blocked, id=12932, stack(0x0000006a37700000,0x0000006a37800000)]
  0x000001edbe1871f0 JavaThread "Unconstrained build operations Thread 37" [_thread_blocked, id=8920, stack(0x0000006a37800000,0x0000006a37900000)]
  0x000001edbe183360 JavaThread "Unconstrained build operations Thread 38" [_thread_blocked, id=9064, stack(0x0000006a37900000,0x0000006a37a00000)]
  0x000001edbe1846a0 JavaThread "Unconstrained build operations Thread 39" [_thread_blocked, id=2932, stack(0x0000006a37a00000,0x0000006a37b00000)]
  0x000001edbe185510 JavaThread "Unconstrained build operations Thread 40" [_thread_blocked, id=11804, stack(0x0000006a37b00000,0x0000006a37c00000)]
  0x000001edbe1859e0 JavaThread "build event listener" [_thread_blocked, id=7076, stack(0x0000006a37c00000,0x0000006a37d00000)]
  0x000001edbe183830 JavaThread "Memory manager" [_thread_blocked, id=10376, stack(0x0000006a37d00000,0x0000006a37e00000)]
  0x000001edbe180340 JavaThread "included builds" [_thread_in_native, id=8604, stack(0x0000006a37e00000,0x0000006a37f00000)]
  0x000001edbe184b70 JavaThread "Execution worker" [_thread_blocked, id=11736, stack(0x0000006a37f00000,0x0000006a38000000)]
  0x000001edbe183d00 JavaThread "Execution worker Thread 2" [_thread_blocked, id=13096, stack(0x0000006a38000000,0x0000006a38100000)]
  0x000001edbe1824f0 JavaThread "Execution worker Thread 3" [_thread_blocked, id=492, stack(0x0000006a38100000,0x0000006a38200000)]
  0x000001edbe186380 JavaThread "Cache worker for execution history cache (C:\Users\Aadhil Ahamed\AndroidStudioProjects\CineWorldDigital\.gradle\8.0\executionHistory)" [_thread_blocked, id=5524, stack(0x0000006a38200000,0x0000006a38300000)]
  0x000001edbc4c6860 JavaThread "WorkerExecutor Queue" [_thread_blocked, id=11800, stack(0x0000006a38500000,0x0000006a38600000)]
  0x000001edc26192c0 JavaThread "WorkerExecutor Queue Thread 2" [_thread_blocked, id=8964, stack(0x0000006a38600000,0x0000006a38700000)]
  0x000001edbc4c5520 JavaThread "WorkerExecutor Queue Thread 3" [_thread_blocked, id=11616, stack(0x0000006a38700000,0x0000006a38800000)]
  0x000001edbc8cb9f0 JavaThread "pool-3-thread-1" [_thread_blocked, id=8056, stack(0x0000006a38800000,0x0000006a38900000)]
  0x000001edc293c390 JavaThread "stderr" [_thread_in_native, id=8772, stack(0x0000006a38900000,0x0000006a38a00000)]
  0x000001edc293f3b0 JavaThread "stdout" [_thread_in_native, id=6316, stack(0x0000006a38a00000,0x0000006a38b00000)]
=>0x000001edc4b474a0 JavaThread "C2 CompilerThread1" daemon [_thread_in_native, id=8240, stack(0x0000006a31e00000,0x0000006a31f00000)]
  0x000001edbe186d20 JavaThread "Cache worker for Java compile cache (C:\Users\Aadhil Ahamed\.gradle\caches\8.0\javaCompile)" [_thread_blocked, id=12400, stack(0x0000006a31f00000,0x0000006a32000000)]
  0x000001edbc4c5050 JavaThread "Build operations" [_thread_blocked, id=7704, stack(0x0000006a32000000,0x0000006a32100000)]
  0x000001edbc4c5ec0 JavaThread "Build operations Thread 2" [_thread_blocked, id=12828, stack(0x0000006a34000000,0x0000006a34100000)]
  0x000001edbc4c6390 JavaThread "Build operations Thread 3" [_thread_blocked, id=9676, stack(0x0000006a38400000,0x0000006a38500000)]
  0x000001edc24b3850 JavaThread "Build operations Thread 4" [_thread_blocked, id=9756, stack(0x0000006a38b00000,0x0000006a38c00000)]

Other Threads:
  0x000001edb8799880 VMThread "VM Thread" [stack: 0x0000006a32700000,0x0000006a32800000] [id=11108]
  0x000001edb85e7840 WatcherThread [stack: 0x0000006a33300000,0x0000006a33400000] [id=10460]
  0x000001ed9b07daf0 GCTaskThread "GC Thread#0" [stack: 0x0000006a32200000,0x0000006a32300000] [id=6088]
  0x000001edbbda1450 GCTaskThread "GC Thread#1" [stack: 0x0000006a33500000,0x0000006a33600000] [id=11208]
  0x000001edbbb21100 GCTaskThread "GC Thread#2" [stack: 0x0000006a33600000,0x0000006a33700000] [id=11188]
  0x000001edbc9b5d20 GCTaskThread "GC Thread#3" [stack: 0x0000006a33700000,0x0000006a33800000] [id=8736]
  0x000001edb85d4830 ConcurrentGCThread "G1 Main Marker" [stack: 0x0000006a32300000,0x0000006a32400000] [id=12064]
  0x000001edb85d58f0 ConcurrentGCThread "G1 Conc#0" [stack: 0x0000006a32400000,0x0000006a32500000] [id=11568]
  0x000001edb864dd90 ConcurrentGCThread "G1 Refine#0" [stack: 0x0000006a32500000,0x0000006a32600000] [id=4448]
  0x000001edbee7a4a0 ConcurrentGCThread "G1 Refine#1" [stack: 0x0000006a34b00000,0x0000006a34c00000] [id=13064]
  0x000001edb86505d0 ConcurrentGCThread "G1 Service" [stack: 0x0000006a32600000,0x0000006a32700000] [id=5232]

Threads with active compile tasks:
C2 CompilerThread0    80446 13551       4       org.gradle.api.internal.tasks.compile.incremental.compilerapi.deps.DependentSetSerializer::read (198 bytes)
C2 CompilerThread1    80446 13520       4       org.gradle.api.internal.tasks.compile.incremental.serialization.HierarchicalNameSerializer::readName (51 bytes)

VM state: not at safepoint (normal execution)

VM Mutex/Monitor currently owned by a thread: None

Heap address: 0x0000000080000000, size: 2048 MB, Compressed Oops mode: 32-bit

CDS archive(s) mapped at: [0x0000000800000000-0x0000000800bc0000-0x0000000800bc0000), size 12320768, SharedBaseAddress: 0x0000000800000000, ArchiveRelocationMode: 0.
Compressed class space mapped at: 0x0000000800c00000-0x0000000840c00000, reserved size: 1073741824
Narrow klass base: 0x0000000800000000, Narrow klass shift: 0, Narrow klass range: 0x100000000

GC Precious Log:
 CPUs: 4 total, 4 available
 Memory: 8103M
 Large Page Support: Disabled
 NUMA Support: Disabled
 Compressed Oops: Enabled (32-bit)
 Heap Region Size: 1M
 Heap Min Capacity: 8M
 Heap Initial Capacity: 128M
 Heap Max Capacity: 2G
 Pre-touch: Disabled
 Parallel Workers: 4
 Concurrent Workers: 1
 Concurrent Refinement Workers: 4
 Periodic GC: Disabled

Heap:
 garbage-first heap   total 220160K, used 133224K [0x0000000080000000, 0x0000000100000000)
  region size 1024K, 32 young (32768K), 4 survivors (4096K)
 Metaspace       used 84090K, committed 84736K, reserved 1122304K
  class space    used 11416K, committed 11712K, reserved 1048576K

Heap Regions: E=young(eden), S=young(survivor), O=old, HS=humongous(starts), HC=humongous(continues), CS=collection set, F=free, OA=open archive, CA=closed archive, TAMS=top-at-mark-start (previous, next)
|   0|0x0000000080000000, 0x0000000080100000, 0x0000000080100000|100%| O|  |TAMS 0x0000000080100000, 0x0000000080000000| Untracked 
|   1|0x0000000080100000, 0x0000000080200000, 0x0000000080200000|100%| O|  |TAMS 0x0000000080200000, 0x0000000080100000| Untracked 
|   2|0x0000000080200000, 0x0000000080300000, 0x0000000080300000|100%|HS|  |TAMS 0x0000000080300000, 0x0000000080200000| Complete 
|   3|0x0000000080300000, 0x0000000080400000, 0x0000000080400000|100%|HC|  |TAMS 0x0000000080400000, 0x0000000080300000| Complete 
|   4|0x0000000080400000, 0x0000000080500000, 0x0000000080500000|100%|HC|  |TAMS 0x0000000080500000, 0x0000000080400000| Complete 
|   5|0x0000000080500000, 0x0000000080600000, 0x0000000080600000|100%|HC|  |TAMS 0x0000000080600000, 0x0000000080500000| Complete 
|   6|0x0000000080600000, 0x0000000080700000, 0x0000000080700000|100%| O|  |TAMS 0x0000000080700000, 0x0000000080600000| Untracked 
|   7|0x0000000080700000, 0x0000000080800000, 0x0000000080800000|100%| O|  |TAMS 0x0000000080800000, 0x0000000080700000| Untracked 
|   8|0x0000000080800000, 0x0000000080900000, 0x0000000080900000|100%| O|  |TAMS 0x0000000080900000, 0x0000000080800000| Untracked 
|   9|0x0000000080900000, 0x0000000080a00000, 0x0000000080a00000|100%| O|  |TAMS 0x0000000080a00000, 0x0000000080900000| Untracked 
|  10|0x0000000080a00000, 0x0000000080b00000, 0x0000000080b00000|100%| O|  |TAMS 0x0000000080b00000, 0x0000000080a00000| Untracked 
|  11|0x0000000080b00000, 0x0000000080c00000, 0x0000000080c00000|100%| O|  |TAMS 0x0000000080c00000, 0x0000000080b00000| Untracked 
|  12|0x0000000080c00000, 0x0000000080d00000, 0x0000000080d00000|100%| O|  |TAMS 0x0000000080d00000, 0x0000000080c00000| Untracked 
|  13|0x0000000080d00000, 0x0000000080e00000, 0x0000000080e00000|100%| O|  |TAMS 0x0000000080e00000, 0x0000000080d00000| Untracked 
|  14|0x0000000080e00000, 0x0000000080f00000, 0x0000000080f00000|100%| O|  |TAMS 0x0000000080f00000, 0x0000000080e00000| Untracked 
|  15|0x0000000080f00000, 0x0000000081000000, 0x0000000081000000|100%| O|  |TAMS 0x0000000081000000, 0x0000000080f00000| Untracked 
|  16|0x0000000081000000, 0x0000000081100000, 0x0000000081100000|100%| O|  |TAMS 0x0000000081100000, 0x0000000081000000| Untracked 
|  17|0x0000000081100000, 0x0000000081200000, 0x0000000081200000|100%| O|  |TAMS 0x0000000081200000, 0x0000000081100000| Untracked 
|  18|0x0000000081200000, 0x0000000081300000, 0x0000000081300000|100%| O|  |TAMS 0x0000000081300000, 0x0000000081200000| Untracked 
|  19|0x0000000081300000, 0x0000000081400000, 0x0000000081400000|100%| O|  |TAMS 0x0000000081400000, 0x0000000081300000| Untracked 
|  20|0x0000000081400000, 0x0000000081500000, 0x0000000081500000|100%| O|  |TAMS 0x0000000081500000, 0x0000000081400000| Untracked 
|  21|0x0000000081500000, 0x0000000081600000, 0x0000000081600000|100%| O|  |TAMS 0x0000000081600000, 0x0000000081500000| Untracked 
|  22|0x0000000081600000, 0x0000000081700000, 0x0000000081700000|100%| O|  |TAMS 0x0000000081700000, 0x0000000081600000| Untracked 
|  23|0x0000000081700000, 0x0000000081800000, 0x0000000081800000|100%| O|  |TAMS 0x0000000081800000, 0x0000000081700000| Untracked 
|  24|0x0000000081800000, 0x0000000081900000, 0x0000000081900000|100%| O|  |TAMS 0x0000000081900000, 0x0000000081800000| Untracked 
|  25|0x0000000081900000, 0x0000000081a00000, 0x0000000081a00000|100%| O|  |TAMS 0x0000000081a00000, 0x0000000081900000| Untracked 
|  26|0x0000000081a00000, 0x0000000081b00000, 0x0000000081b00000|100%| O|  |TAMS 0x0000000081b00000, 0x0000000081a00000| Untracked 
|  27|0x0000000081b00000, 0x0000000081c00000, 0x0000000081c00000|100%| O|  |TAMS 0x0000000081c00000, 0x0000000081b00000| Untracked 
|  28|0x0000000081c00000, 0x0000000081d00000, 0x0000000081d00000|100%| O|  |TAMS 0x0000000081d00000, 0x0000000081c00000| Untracked 
|  29|0x0000000081d00000, 0x0000000081e00000, 0x0000000081e00000|100%|HS|  |TAMS 0x0000000081e00000, 0x0000000081d00000| Complete 
|  30|0x0000000081e00000, 0x0000000081f00000, 0x0000000081f00000|100%| O|  |TAMS 0x0000000081f00000, 0x0000000081e00000| Untracked 
|  31|0x0000000081f00000, 0x0000000082000000, 0x0000000082000000|100%| O|  |TAMS 0x0000000082000000, 0x0000000081f00000| Untracked 
|  32|0x0000000082000000, 0x0000000082100000, 0x0000000082100000|100%| O|  |TAMS 0x0000000082100000, 0x0000000082000000| Untracked 
|  33|0x0000000082100000, 0x0000000082200000, 0x0000000082200000|100%| O|  |TAMS 0x0000000082200000, 0x0000000082100000| Untracked 
|  34|0x0000000082200000, 0x0000000082300000, 0x0000000082300000|100%| O|  |TAMS 0x0000000082300000, 0x0000000082200000| Untracked 
|  35|0x0000000082300000, 0x0000000082400000, 0x0000000082400000|100%| O|  |TAMS 0x0000000082400000, 0x0000000082300000| Untracked 
|  36|0x0000000082400000, 0x0000000082500000, 0x0000000082500000|100%| O|  |TAMS 0x0000000082500000, 0x0000000082400000| Untracked 
|  37|0x0000000082500000, 0x0000000082600000, 0x0000000082600000|100%| O|  |TAMS 0x0000000082600000, 0x0000000082500000| Untracked 
|  38|0x0000000082600000, 0x0000000082700000, 0x0000000082700000|100%|HS|  |TAMS 0x0000000082700000, 0x0000000082600000| Complete 
|  39|0x0000000082700000, 0x0000000082800000, 0x0000000082800000|100%| O|  |TAMS 0x0000000082800000, 0x0000000082700000| Untracked 
|  40|0x0000000082800000, 0x0000000082900000, 0x0000000082900000|100%| O|  |TAMS 0x0000000082900000, 0x0000000082800000| Untracked 
|  41|0x0000000082900000, 0x0000000082a00000, 0x0000000082a00000|100%| O|  |TAMS 0x0000000082a00000, 0x0000000082900000| Untracked 
|  42|0x0000000082a00000, 0x0000000082b00000, 0x0000000082b00000|100%| O|  |TAMS 0x0000000082b00000, 0x0000000082a00000| Untracked 
|  43|0x0000000082b00000, 0x0000000082c00000, 0x0000000082c00000|100%| O|  |TAMS 0x0000000082c00000, 0x0000000082b00000| Untracked 
|  44|0x0000000082c00000, 0x0000000082d00000, 0x0000000082d00000|100%| O|  |TAMS 0x0000000082d00000, 0x0000000082c00000| Untracked 
|  45|0x0000000082d00000, 0x0000000082e00000, 0x0000000082e00000|100%| O|  |TAMS 0x0000000082e00000, 0x0000000082d00000| Untracked 
|  46|0x0000000082e00000, 0x0000000082f00000, 0x0000000082f00000|100%| O|  |TAMS 0x0000000082f00000, 0x0000000082e00000| Untracked 
|  47|0x0000000082f00000, 0x0000000083000000, 0x0000000083000000|100%| O|  |TAMS 0x0000000083000000, 0x0000000082f00000| Untracked 
|  48|0x0000000083000000, 0x0000000083100000, 0x0000000083100000|100%| O|  |TAMS 0x0000000083100000, 0x0000000083000000| Untracked 
|  49|0x0000000083100000, 0x0000000083200000, 0x0000000083200000|100%| O|  |TAMS 0x0000000083200000, 0x0000000083100000| Untracked 
|  50|0x0000000083200000, 0x0000000083300000, 0x0000000083300000|100%| O|  |TAMS 0x0000000083300000, 0x0000000083200000| Untracked 
|  51|0x0000000083300000, 0x0000000083400000, 0x0000000083400000|100%| O|  |TAMS 0x0000000083400000, 0x0000000083300000| Untracked 
|  52|0x0000000083400000, 0x0000000083500000, 0x0000000083500000|100%| O|  |TAMS 0x0000000083500000, 0x0000000083400000| Untracked 
|  53|0x0000000083500000, 0x0000000083600000, 0x0000000083600000|100%| O|  |TAMS 0x0000000083600000, 0x0000000083500000| Untracked 
|  54|0x0000000083600000, 0x0000000083700000, 0x0000000083700000|100%| O|  |TAMS 0x0000000083700000, 0x0000000083600000| Untracked 
|  55|0x0000000083700000, 0x0000000083800000, 0x0000000083800000|100%| O|  |TAMS 0x0000000083800000, 0x0000000083700000| Untracked 
|  56|0x0000000083800000, 0x0000000083900000, 0x0000000083900000|100%| O|  |TAMS 0x0000000083900000, 0x0000000083800000| Untracked 
|  57|0x0000000083900000, 0x0000000083a00000, 0x0000000083a00000|100%| O|  |TAMS 0x0000000083a00000, 0x0000000083900000| Untracked 
|  58|0x0000000083a00000, 0x0000000083b00000, 0x0000000083b00000|100%| O|  |TAMS 0x0000000083b00000, 0x0000000083a00000| Untracked 
|  59|0x0000000083b00000, 0x0000000083c00000, 0x0000000083c00000|100%| O|  |TAMS 0x0000000083c00000, 0x0000000083b00000| Untracked 
|  60|0x0000000083c00000, 0x0000000083d00000, 0x0000000083d00000|100%| O|  |TAMS 0x0000000083d00000, 0x0000000083c00000| Untracked 
|  61|0x0000000083d00000, 0x0000000083e00000, 0x0000000083e00000|100%| O|  |TAMS 0x0000000083e00000, 0x0000000083d00000| Untracked 
|  62|0x0000000083e00000, 0x0000000083f00000, 0x0000000083f00000|100%| O|  |TAMS 0x0000000083f00000, 0x0000000083e00000| Untracked 
|  63|0x0000000083f00000, 0x0000000084000000, 0x0000000084000000|100%| O|  |TAMS 0x0000000084000000, 0x0000000083f00000| Untracked 
|  64|0x0000000084000000, 0x0000000084100000, 0x0000000084100000|100%| O|  |TAMS 0x0000000084100000, 0x0000000084000000| Untracked 
|  65|0x0000000084100000, 0x0000000084200000, 0x0000000084200000|100%| O|  |TAMS 0x0000000084200000, 0x0000000084100000| Untracked 
|  66|0x0000000084200000, 0x0000000084300000, 0x0000000084300000|100%| O|  |TAMS 0x0000000084300000, 0x0000000084200000| Untracked 
|  67|0x0000000084300000, 0x0000000084400000, 0x0000000084400000|100%| O|  |TAMS 0x0000000084400000, 0x0000000084300000| Untracked 
|  68|0x0000000084400000, 0x0000000084500000, 0x0000000084500000|100%| O|  |TAMS 0x0000000084500000, 0x0000000084400000| Untracked 
|  69|0x0000000084500000, 0x0000000084600000, 0x0000000084600000|100%| O|  |TAMS 0x0000000084600000, 0x0000000084500000| Untracked 
|  70|0x0000000084600000, 0x0000000084700000, 0x0000000084700000|100%| O|  |TAMS 0x0000000084700000, 0x0000000084600000| Untracked 
|  71|0x0000000084700000, 0x0000000084800000, 0x0000000084800000|100%| O|  |TAMS 0x0000000084800000, 0x0000000084700000| Untracked 
|  72|0x0000000084800000, 0x0000000084900000, 0x0000000084900000|100%| O|  |TAMS 0x0000000084900000, 0x0000000084800000| Untracked 
|  73|0x0000000084900000, 0x0000000084a00000, 0x0000000084a00000|100%| O|  |TAMS 0x0000000084a00000, 0x0000000084900000| Untracked 
|  74|0x0000000084a00000, 0x0000000084b00000, 0x0000000084b00000|100%| O|  |TAMS 0x0000000084b00000, 0x0000000084a00000| Untracked 
|  75|0x0000000084b00000, 0x0000000084c00000, 0x0000000084c00000|100%| O|  |TAMS 0x0000000084c00000, 0x0000000084b00000| Untracked 
|  76|0x0000000084c00000, 0x0000000084d00000, 0x0000000084d00000|100%| O|  |TAMS 0x0000000084d00000, 0x0000000084c00000| Untracked 
|  77|0x0000000084d00000, 0x0000000084e00000, 0x0000000084e00000|100%| O|  |TAMS 0x0000000084e00000, 0x0000000084d00000| Untracked 
|  78|0x0000000084e00000, 0x0000000084f00000, 0x0000000084f00000|100%| O|  |TAMS 0x0000000084f00000, 0x0000000084e00000| Untracked 
|  79|0x0000000084f00000, 0x0000000085000000, 0x0000000085000000|100%| O|  |TAMS 0x0000000085000000, 0x0000000084f00000| Untracked 
|  80|0x0000000085000000, 0x0000000085100000, 0x0000000085100000|100%| O|  |TAMS 0x0000000085100000, 0x0000000085000000| Untracked 
|  81|0x0000000085100000, 0x0000000085200000, 0x0000000085200000|100%| O|  |TAMS 0x0000000085200000, 0x0000000085100000| Untracked 
|  82|0x0000000085200000, 0x0000000085300000, 0x0000000085300000|100%| O|  |TAMS 0x0000000085300000, 0x0000000085200000| Untracked 
|  83|0x0000000085300000, 0x0000000085400000, 0x0000000085400000|100%| O|  |TAMS 0x0000000085400000, 0x0000000085300000| Untracked 
|  84|0x0000000085400000, 0x0000000085500000, 0x0000000085500000|100%| O|  |TAMS 0x0000000085500000, 0x0000000085400000| Untracked 
|  85|0x0000000085500000, 0x0000000085600000, 0x0000000085600000|100%| O|  |TAMS 0x0000000085600000, 0x0000000085500000| Untracked 
|  86|0x0000000085600000, 0x0000000085700000, 0x0000000085700000|100%| O|  |TAMS 0x0000000085700000, 0x0000000085600000| Untracked 
|  87|0x0000000085700000, 0x0000000085800000, 0x0000000085800000|100%| O|  |TAMS 0x0000000085800000, 0x0000000085700000| Untracked 
|  88|0x0000000085800000, 0x0000000085900000, 0x0000000085900000|100%| O|  |TAMS 0x0000000085900000, 0x0000000085800000| Untracked 
|  89|0x0000000085900000, 0x0000000085a00000, 0x0000000085a00000|100%| O|  |TAMS 0x0000000085a00000, 0x0000000085900000| Untracked 
|  90|0x0000000085a00000, 0x0000000085b00000, 0x0000000085b00000|100%| O|  |TAMS 0x0000000085b00000, 0x0000000085a00000| Untracked 
|  91|0x0000000085b00000, 0x0000000085c00000, 0x0000000085c00000|100%| O|  |TAMS 0x0000000085c00000, 0x0000000085b00000| Complete 
|  92|0x0000000085c00000, 0x0000000085d00000, 0x0000000085d00000|100%| O|  |TAMS 0x0000000085d00000, 0x0000000085c00000| Complete 
|  93|0x0000000085d00000, 0x0000000085e00000, 0x0000000085e00000|100%| O|  |TAMS 0x0000000085d48a00, 0x0000000085d00000| Untracked 
|  94|0x0000000085e00000, 0x0000000085f00000, 0x0000000085f00000|100%| O|  |TAMS 0x0000000085e00000, 0x0000000085e00000| Untracked 
|  95|0x0000000085f00000, 0x0000000086000000, 0x0000000086000000|100%| O|  |TAMS 0x0000000085f00000, 0x0000000085f00000| Untracked 
|  96|0x0000000086000000, 0x0000000086100000, 0x0000000086100000|100%| O|  |TAMS 0x0000000086000000, 0x0000000086000000| Untracked 
|  97|0x0000000086100000, 0x0000000086200000, 0x0000000086200000|100%| O|  |TAMS 0x0000000086100000, 0x0000000086100000| Untracked 
|  98|0x0000000086200000, 0x0000000086300000, 0x0000000086300000|100%| O|  |TAMS 0x0000000086200000, 0x0000000086200000| Untracked 
|  99|0x0000000086300000, 0x00000000863c6800, 0x0000000086400000| 77%| O|  |TAMS 0x0000000086300000, 0x0000000086300000| Untracked 
| 100|0x0000000086400000, 0x0000000086400000, 0x0000000086500000|  0%| F|  |TAMS 0x0000000086400000, 0x0000000086400000| Untracked 
| 101|0x0000000086500000, 0x0000000086500000, 0x0000000086600000|  0%| F|  |TAMS 0x0000000086500000, 0x0000000086500000| Untracked 
| 102|0x0000000086600000, 0x0000000086600000, 0x0000000086700000|  0%| F|  |TAMS 0x0000000086600000, 0x0000000086600000| Untracked 
| 103|0x0000000086700000, 0x0000000086700000, 0x0000000086800000|  0%| F|  |TAMS 0x0000000086700000, 0x0000000086700000| Untracked 
| 104|0x0000000086800000, 0x0000000086800000, 0x0000000086900000|  0%| F|  |TAMS 0x0000000086800000, 0x0000000086800000| Untracked 
| 105|0x0000000086900000, 0x0000000086900000, 0x0000000086a00000|  0%| F|  |TAMS 0x0000000086900000, 0x0000000086900000| Untracked 
| 106|0x0000000086a00000, 0x0000000086a00000, 0x0000000086b00000|  0%| F|  |TAMS 0x0000000086a00000, 0x0000000086a00000| Untracked 
| 107|0x0000000086b00000, 0x0000000086b00000, 0x0000000086c00000|  0%| F|  |TAMS 0x0000000086b00000, 0x0000000086b00000| Untracked 
| 108|0x0000000086c00000, 0x0000000086c00000, 0x0000000086d00000|  0%| F|  |TAMS 0x0000000086c00000, 0x0000000086c00000| Untracked 
| 109|0x0000000086d00000, 0x0000000086d00000, 0x0000000086e00000|  0%| F|  |TAMS 0x0000000086d00000, 0x0000000086d00000| Untracked 
| 110|0x0000000086e00000, 0x0000000086e00000, 0x0000000086f00000|  0%| F|  |TAMS 0x0000000086e00000, 0x0000000086e00000| Untracked 
| 111|0x0000000086f00000, 0x0000000086f00000, 0x0000000087000000|  0%| F|  |TAMS 0x0000000086f00000, 0x0000000086f00000| Untracked 
| 112|0x0000000087000000, 0x0000000087000000, 0x0000000087100000|  0%| F|  |TAMS 0x0000000087000000, 0x0000000087000000| Untracked 
| 113|0x0000000087100000, 0x0000000087100000, 0x0000000087200000|  0%| F|  |TAMS 0x0000000087100000, 0x0000000087100000| Untracked 
| 114|0x0000000087200000, 0x0000000087200000, 0x0000000087300000|  0%| F|  |TAMS 0x0000000087200000, 0x0000000087200000| Untracked 
| 115|0x0000000087300000, 0x0000000087300000, 0x0000000087400000|  0%| F|  |TAMS 0x0000000087300000, 0x0000000087300000| Untracked 
| 116|0x0000000087400000, 0x0000000087400000, 0x0000000087500000|  0%| F|  |TAMS 0x0000000087400000, 0x0000000087400000| Untracked 
| 117|0x0000000087500000, 0x0000000087500000, 0x0000000087600000|  0%| F|  |TAMS 0x0000000087500000, 0x0000000087500000| Untracked 
| 118|0x0000000087600000, 0x0000000087600000, 0x0000000087700000|  0%| F|  |TAMS 0x0000000087600000, 0x0000000087600000| Untracked 
| 119|0x0000000087700000, 0x0000000087700000, 0x0000000087800000|  0%| F|  |TAMS 0x0000000087700000, 0x0000000087700000| Untracked 
| 120|0x0000000087800000, 0x0000000087800000, 0x0000000087900000|  0%| F|  |TAMS 0x0000000087800000, 0x0000000087800000| Untracked 
| 121|0x0000000087900000, 0x0000000087900000, 0x0000000087a00000|  0%| F|  |TAMS 0x0000000087900000, 0x0000000087900000| Untracked 
| 122|0x0000000087a00000, 0x0000000087a00000, 0x0000000087b00000|  0%| F|  |TAMS 0x0000000087a00000, 0x0000000087a00000| Untracked 
| 123|0x0000000087b00000, 0x0000000087b00000, 0x0000000087c00000|  0%| F|  |TAMS 0x0000000087b00000, 0x0000000087b00000| Untracked 
| 124|0x0000000087c00000, 0x0000000087c00000, 0x0000000087d00000|  0%| F|  |TAMS 0x0000000087c00000, 0x0000000087c00000| Untracked 
| 125|0x0000000087d00000, 0x0000000087d53948, 0x0000000087e00000| 32%| S|CS|TAMS 0x0000000087d00000, 0x0000000087d00000| Complete 
| 126|0x0000000087e00000, 0x0000000087f00000, 0x0000000087f00000|100%| S|CS|TAMS 0x0000000087e00000, 0x0000000087e00000| Complete 
| 127|0x0000000087f00000, 0x0000000088000000, 0x0000000088000000|100%| S|CS|TAMS 0x0000000087f00000, 0x0000000087f00000| Complete 
| 128|0x0000000088000000, 0x0000000088100000, 0x0000000088100000|100%| S|CS|TAMS 0x0000000088000000, 0x0000000088000000| Complete 
| 129|0x0000000088100000, 0x0000000088100000, 0x0000000088200000|  0%| F|  |TAMS 0x0000000088100000, 0x0000000088100000| Untracked 
| 130|0x0000000088200000, 0x0000000088200000, 0x0000000088300000|  0%| F|  |TAMS 0x0000000088200000, 0x0000000088200000| Untracked 
| 131|0x0000000088300000, 0x0000000088300000, 0x0000000088400000|  0%| F|  |TAMS 0x0000000088300000, 0x0000000088300000| Untracked 
| 132|0x0000000088400000, 0x0000000088400000, 0x0000000088500000|  0%| F|  |TAMS 0x0000000088400000, 0x0000000088400000| Untracked 
| 133|0x0000000088500000, 0x0000000088500000, 0x0000000088600000|  0%| F|  |TAMS 0x0000000088500000, 0x0000000088500000| Untracked 
| 134|0x0000000088600000, 0x0000000088600000, 0x0000000088700000|  0%| F|  |TAMS 0x0000000088600000, 0x0000000088600000| Untracked 
| 135|0x0000000088700000, 0x0000000088700000, 0x0000000088800000|  0%| F|  |TAMS 0x0000000088700000, 0x0000000088700000| Untracked 
| 136|0x0000000088800000, 0x0000000088800000, 0x0000000088900000|  0%| F|  |TAMS 0x0000000088800000, 0x0000000088800000| Untracked 
| 137|0x0000000088900000, 0x0000000088900000, 0x0000000088a00000|  0%| F|  |TAMS 0x0000000088900000, 0x0000000088900000| Untracked 
| 138|0x0000000088a00000, 0x0000000088a00000, 0x0000000088b00000|  0%| F|  |TAMS 0x0000000088a00000, 0x0000000088a00000| Untracked 
| 139|0x0000000088b00000, 0x0000000088c00000, 0x0000000088c00000|100%| E|CS|TAMS 0x0000000088b00000, 0x0000000088b00000| Complete 
| 140|0x0000000088c00000, 0x0000000088d00000, 0x0000000088d00000|100%| E|CS|TAMS 0x0000000088c00000, 0x0000000088c00000| Complete 
| 141|0x0000000088d00000, 0x0000000088e00000, 0x0000000088e00000|100%| E|CS|TAMS 0x0000000088d00000, 0x0000000088d00000| Complete 
| 142|0x0000000088e00000, 0x0000000088f00000, 0x0000000088f00000|100%| E|CS|TAMS 0x0000000088e00000, 0x0000000088e00000| Complete 
| 143|0x0000000088f00000, 0x0000000089000000, 0x0000000089000000|100%| E|CS|TAMS 0x0000000088f00000, 0x0000000088f00000| Complete 
| 144|0x0000000089000000, 0x0000000089100000, 0x0000000089100000|100%| E|CS|TAMS 0x0000000089000000, 0x0000000089000000| Complete 
| 145|0x0000000089100000, 0x0000000089200000, 0x0000000089200000|100%| E|CS|TAMS 0x0000000089100000, 0x0000000089100000| Complete 
| 146|0x0000000089200000, 0x0000000089300000, 0x0000000089300000|100%| E|CS|TAMS 0x0000000089200000, 0x0000000089200000| Complete 
| 147|0x0000000089300000, 0x0000000089400000, 0x0000000089400000|100%| E|CS|TAMS 0x0000000089300000, 0x0000000089300000| Complete 
| 148|0x0000000089400000, 0x0000000089500000, 0x0000000089500000|100%| E|CS|TAMS 0x0000000089400000, 0x0000000089400000| Complete 
| 149|0x0000000089500000, 0x0000000089600000, 0x0000000089600000|100%| E|CS|TAMS 0x0000000089500000, 0x0000000089500000| Complete 
| 150|0x0000000089600000, 0x0000000089700000, 0x0000000089700000|100%| E|CS|TAMS 0x0000000089600000, 0x0000000089600000| Complete 
| 151|0x0000000089700000, 0x0000000089800000, 0x0000000089800000|100%| E|CS|TAMS 0x0000000089700000, 0x0000000089700000| Complete 
| 152|0x0000000089800000, 0x0000000089900000, 0x0000000089900000|100%| E|CS|TAMS 0x0000000089800000, 0x0000000089800000| Complete 
| 153|0x0000000089900000, 0x0000000089a00000, 0x0000000089a00000|100%| E|CS|TAMS 0x0000000089900000, 0x0000000089900000| Complete 
| 154|0x0000000089a00000, 0x0000000089b00000, 0x0000000089b00000|100%| E|CS|TAMS 0x0000000089a00000, 0x0000000089a00000| Complete 
| 155|0x0000000089b00000, 0x0000000089c00000, 0x0000000089c00000|100%| E|CS|TAMS 0x0000000089b00000, 0x0000000089b00000| Complete 
| 156|0x0000000089c00000, 0x0000000089d00000, 0x0000000089d00000|100%| E|CS|TAMS 0x0000000089c00000, 0x0000000089c00000| Complete 
| 157|0x0000000089d00000, 0x0000000089e00000, 0x0000000089e00000|100%| E|CS|TAMS 0x0000000089d00000, 0x0000000089d00000| Complete 
| 158|0x0000000089e00000, 0x0000000089f00000, 0x0000000089f00000|100%| E|CS|TAMS 0x0000000089e00000, 0x0000000089e00000| Complete 
| 159|0x0000000089f00000, 0x000000008a000000, 0x000000008a000000|100%| E|CS|TAMS 0x0000000089f00000, 0x0000000089f00000| Complete 
| 160|0x000000008a000000, 0x000000008a100000, 0x000000008a100000|100%| E|CS|TAMS 0x000000008a000000, 0x000000008a000000| Complete 
| 161|0x000000008a100000, 0x000000008a200000, 0x000000008a200000|100%| E|CS|TAMS 0x000000008a100000, 0x000000008a100000| Complete 
| 162|0x000000008a200000, 0x000000008a300000, 0x000000008a300000|100%| E|CS|TAMS 0x000000008a200000, 0x000000008a200000| Complete 
| 163|0x000000008a300000, 0x000000008a400000, 0x000000008a400000|100%| E|CS|TAMS 0x000000008a300000, 0x000000008a300000| Complete 
| 164|0x000000008a400000, 0x000000008a400000, 0x000000008a500000|  0%| F|  |TAMS 0x000000008a400000, 0x000000008a400000| Untracked 
| 165|0x000000008a500000, 0x000000008a500000, 0x000000008a600000|  0%| F|  |TAMS 0x000000008a500000, 0x000000008a500000| Untracked 
| 166|0x000000008a600000, 0x000000008a600000, 0x000000008a700000|  0%| F|  |TAMS 0x000000008a600000, 0x000000008a600000| Untracked 
| 167|0x000000008a700000, 0x000000008a700000, 0x000000008a800000|  0%| F|  |TAMS 0x000000008a700000, 0x000000008a700000| Untracked 
| 168|0x000000008a800000, 0x000000008a800000, 0x000000008a900000|  0%| F|  |TAMS 0x000000008a800000, 0x000000008a800000| Untracked 
| 169|0x000000008a900000, 0x000000008a900000, 0x000000008aa00000|  0%| F|  |TAMS 0x000000008a900000, 0x000000008a900000| Untracked 
| 170|0x000000008aa00000, 0x000000008aa00000, 0x000000008ab00000|  0%| F|  |TAMS 0x000000008aa00000, 0x000000008aa00000| Untracked 
| 171|0x000000008ab00000, 0x000000008ab00000, 0x000000008ac00000|  0%| F|  |TAMS 0x000000008ab00000, 0x000000008ab00000| Untracked 
| 172|0x000000008ac00000, 0x000000008ac00000, 0x000000008ad00000|  0%| F|  |TAMS 0x000000008ac00000, 0x000000008ac00000| Untracked 
| 173|0x000000008ad00000, 0x000000008ad00000, 0x000000008ae00000|  0%| F|  |TAMS 0x000000008ad00000, 0x000000008ad00000| Untracked 
| 174|0x000000008ae00000, 0x000000008ae00000, 0x000000008af00000|  0%| F|  |TAMS 0x000000008ae00000, 0x000000008ae00000| Untracked 
| 175|0x000000008af00000, 0x000000008af00000, 0x000000008b000000|  0%| F|  |TAMS 0x000000008af00000, 0x000000008af00000| Untracked 
| 176|0x000000008b000000, 0x000000008b000000, 0x000000008b100000|  0%| F|  |TAMS 0x000000008b000000, 0x000000008b000000| Untracked 
| 177|0x000000008b100000, 0x000000008b100000, 0x000000008b200000|  0%| F|  |TAMS 0x000000008b100000, 0x000000008b100000| Untracked 
| 178|0x000000008b200000, 0x000000008b200000, 0x000000008b300000|  0%| F|  |TAMS 0x000000008b200000, 0x000000008b200000| Untracked 
| 179|0x000000008b300000, 0x000000008b300000, 0x000000008b400000|  0%| F|  |TAMS 0x000000008b300000, 0x000000008b300000| Untracked 
| 180|0x000000008b400000, 0x000000008b400000, 0x000000008b500000|  0%| F|  |TAMS 0x000000008b400000, 0x000000008b400000| Untracked 
| 181|0x000000008b500000, 0x000000008b500000, 0x000000008b600000|  0%| F|  |TAMS 0x000000008b500000, 0x000000008b500000| Untracked 
| 182|0x000000008b600000, 0x000000008b600000, 0x000000008b700000|  0%| F|  |TAMS 0x000000008b600000, 0x000000008b600000| Untracked 
| 183|0x000000008b700000, 0x000000008b700000, 0x000000008b800000|  0%| F|  |TAMS 0x000000008b700000, 0x000000008b700000| Untracked 
| 184|0x000000008b800000, 0x000000008b800000, 0x000000008b900000|  0%| F|  |TAMS 0x000000008b800000, 0x000000008b800000| Untracked 
| 185|0x000000008b900000, 0x000000008b900000, 0x000000008ba00000|  0%| F|  |TAMS 0x000000008b900000, 0x000000008b900000| Untracked 
| 186|0x000000008ba00000, 0x000000008ba00000, 0x000000008bb00000|  0%| F|  |TAMS 0x000000008ba00000, 0x000000008ba00000| Untracked 
| 187|0x000000008bb00000, 0x000000008bb00000, 0x000000008bc00000|  0%| F|  |TAMS 0x000000008bb00000, 0x000000008bb00000| Untracked 
| 188|0x000000008bc00000, 0x000000008bc00000, 0x000000008bd00000|  0%| F|  |TAMS 0x000000008bc00000, 0x000000008bc00000| Untracked 
| 189|0x000000008bd00000, 0x000000008bd00000, 0x000000008be00000|  0%| F|  |TAMS 0x000000008bd00000, 0x000000008bd00000| Untracked 
| 190|0x000000008be00000, 0x000000008be00000, 0x000000008bf00000|  0%| F|  |TAMS 0x000000008be00000, 0x000000008be00000| Untracked 
| 191|0x000000008bf00000, 0x000000008bf00000, 0x000000008c000000|  0%| F|  |TAMS 0x000000008bf00000, 0x000000008bf00000| Untracked 
| 192|0x000000008c000000, 0x000000008c000000, 0x000000008c100000|  0%| F|  |TAMS 0x000000008c000000, 0x000000008c000000| Untracked 
| 193|0x000000008c100000, 0x000000008c100000, 0x000000008c200000|  0%| F|  |TAMS 0x000000008c100000, 0x000000008c100000| Untracked 
| 194|0x000000008c200000, 0x000000008c200000, 0x000000008c300000|  0%| F|  |TAMS 0x000000008c200000, 0x000000008c200000| Untracked 
| 195|0x000000008c300000, 0x000000008c300000, 0x000000008c400000|  0%| F|  |TAMS 0x000000008c300000, 0x000000008c300000| Untracked 
| 196|0x000000008c400000, 0x000000008c400000, 0x000000008c500000|  0%| F|  |TAMS 0x000000008c400000, 0x000000008c400000| Untracked 
| 197|0x000000008c500000, 0x000000008c500000, 0x000000008c600000|  0%| F|  |TAMS 0x000000008c500000, 0x000000008c500000| Untracked 
| 198|0x000000008c600000, 0x000000008c600000, 0x000000008c700000|  0%| F|  |TAMS 0x000000008c600000, 0x000000008c600000| Untracked 
| 199|0x000000008c700000, 0x000000008c700000, 0x000000008c800000|  0%| F|  |TAMS 0x000000008c700000, 0x000000008c700000| Untracked 
| 200|0x000000008c800000, 0x000000008c800000, 0x000000008c900000|  0%| F|  |TAMS 0x000000008c800000, 0x000000008c800000| Untracked 
| 201|0x000000008c900000, 0x000000008c900000, 0x000000008ca00000|  0%| F|  |TAMS 0x000000008c900000, 0x000000008c900000| Untracked 
| 202|0x000000008ca00000, 0x000000008ca00000, 0x000000008cb00000|  0%| F|  |TAMS 0x000000008ca00000, 0x000000008ca00000| Untracked 
| 203|0x000000008cb00000, 0x000000008cb00000, 0x000000008cc00000|  0%| F|  |TAMS 0x000000008cb00000, 0x000000008cb00000| Untracked 
| 204|0x000000008cc00000, 0x000000008cc00000, 0x000000008cd00000|  0%| F|  |TAMS 0x000000008cc00000, 0x000000008cc00000| Untracked 
| 205|0x000000008cd00000, 0x000000008cd00000, 0x000000008ce00000|  0%| F|  |TAMS 0x000000008cd00000, 0x000000008cd00000| Untracked 
| 206|0x000000008ce00000, 0x000000008ce00000, 0x000000008cf00000|  0%| F|  |TAMS 0x000000008ce00000, 0x000000008ce00000| Untracked 
| 207|0x000000008cf00000, 0x000000008cf00000, 0x000000008d000000|  0%| F|  |TAMS 0x000000008cf00000, 0x000000008cf00000| Untracked 
| 208|0x000000008d000000, 0x000000008d000000, 0x000000008d100000|  0%| F|  |TAMS 0x000000008d000000, 0x000000008d000000| Untracked 
| 209|0x000000008d100000, 0x000000008d100000, 0x000000008d200000|  0%| F|  |TAMS 0x000000008d100000, 0x000000008d100000| Untracked 
| 210|0x000000008d200000, 0x000000008d200000, 0x000000008d300000|  0%| F|  |TAMS 0x000000008d200000, 0x000000008d200000| Untracked 
| 211|0x000000008d300000, 0x000000008d300000, 0x000000008d400000|  0%| F|  |TAMS 0x000000008d300000, 0x000000008d300000| Untracked 
| 212|0x000000008d400000, 0x000000008d500000, 0x000000008d500000|100%| E|  |TAMS 0x000000008d400000, 0x000000008d400000| Complete 
| 213|0x000000008d500000, 0x000000008d600000, 0x000000008d600000|100%| E|CS|TAMS 0x000000008d500000, 0x000000008d500000| Complete 
| 214|0x000000008d600000, 0x000000008d700000, 0x000000008d700000|100%| E|CS|TAMS 0x000000008d600000, 0x000000008d600000| Complete 

Card table byte_map: [0x000001edb3dd0000,0x000001edb41d0000] _byte_map_base: 0x000001edb39d0000

Marking Bits (Prev, Next): (CMBitMap*) 0x000001ed9b07f020, (CMBitMap*) 0x000001ed9b07f060
 Prev Bits: [0x000001edb45d0000, 0x000001edb65d0000)
 Next Bits: [0x000001edb65d0000, 0x000001edb85d0000)

Polling page: 0x000001ed9b090000

Metaspace:

Usage:
  Non-class:     70.97 MB used.
      Class:     11.15 MB used.
       Both:     82.12 MB used.

Virtual space:
  Non-class space:       72.00 MB reserved,      71.31 MB (>99%) committed,  9 nodes.
      Class space:        1.00 GB reserved,      11.44 MB (  1%) committed,  1 nodes.
             Both:        1.07 GB reserved,      82.75 MB (  8%) committed. 

Chunk freelists:
   Non-Class:  464.00 KB
       Class:  384.00 KB
        Both:  848.00 KB

MaxMetaspaceSize: unlimited
CompressedClassSpaceSize: 1.00 GB
Initial GC threshold: 21.00 MB
Current GC threshold: 137.75 MB
CDS: on
MetaspaceReclaimPolicy: balanced
 - commit_granule_bytes: 65536.
 - commit_granule_words: 8192.
 - virtual_space_node_default_size: 1048576.
 - enlarge_chunks_in_place: 1.
 - new_chunks_are_fully_committed: 0.
 - uncommit_free_chunks: 1.
 - use_allocation_guard: 0.
 - handle_deallocations: 1.


Internal statistics:

num_allocs_failed_limit: 9.
num_arena_births: 946.
num_arena_deaths: 4.
num_vsnodes_births: 10.
num_vsnodes_deaths: 0.
num_space_committed: 1324.
num_space_uncommitted: 0.
num_chunks_returned_to_freelist: 14.
num_chunks_taken_from_freelist: 4355.
num_chunk_merges: 9.
num_chunk_splits: 2872.
num_chunks_enlarged: 1929.
num_purges: 4.
num_inconsistent_stats: 0.

CodeHeap 'non-profiled nmethods': size=120000Kb used=7663Kb max_used=7663Kb free=112336Kb
 bounds [0x000001edabe70000, 0x000001edac5f0000, 0x000001edb33a0000]
CodeHeap 'profiled nmethods': size=120000Kb used=23927Kb max_used=23927Kb free=96072Kb
 bounds [0x000001eda4940000, 0x000001eda60a0000, 0x000001edabe70000]
CodeHeap 'non-nmethods': size=5760Kb used=2403Kb max_used=2449Kb free=3356Kb
 bounds [0x000001eda43a0000, 0x000001eda4620000, 0x000001eda4940000]
 total_blobs=12881 nmethods=11951 adapters=841
 compilation: enabled
              stopped_count=0, restarted_count=0
 full_count=0

Compilation events (20 events):
Event: 80.151 Thread 0x000001edb87b5cd0 13573       2       org.gradle.api.internal.tasks.compile.incremental.compilerapi.deps.DependentsSet::merge (230 bytes)
Event: 80.154 Thread 0x000001edb87b5cd0 nmethod 13573 0x000001eda6098790 code [0x000001eda6098ba0, 0x000001eda6099ee8]
Event: 80.155 Thread 0x000001edb87b5cd0 13574       2       com.google.common.collect.AbstractMapBasedMultimap$AsMap::wrapEntry (29 bytes)
Event: 80.155 Thread 0x000001edb87b5cd0 nmethod 13574 0x000001eda609a710 code [0x000001eda609a8e0, 0x000001eda609ac08]
Event: 80.196 Thread 0x000001edb87b5cd0 13579       2       com.google.common.collect.RegularImmutableMap$KeySet::contains (9 bytes)
Event: 80.196 Thread 0x000001edb87b5cd0 nmethod 13579 0x000001eda609ad10 code [0x000001eda609aea0, 0x000001eda609afe8]
Event: 80.197 Thread 0x000001edb87b5cd0 13580       1       org.gradle.api.internal.tasks.compile.incremental.compilerapi.deps.DependentsSet$EmptyDependentsSet::isDependencyToAll (2 bytes)
Event: 80.197 Thread 0x000001edb87b5cd0 nmethod 13580 0x000001edac5df310 code [0x000001edac5df4a0, 0x000001edac5df578]
Event: 80.197 Thread 0x000001edb87b5cd0 13581       2       com.google.common.collect.Sets$3$1::computeNext (48 bytes)
Event: 80.197 Thread 0x000001edb87b5cd0 nmethod 13581 0x000001eda609b110 code [0x000001eda609b2e0, 0x000001eda609b588]
Event: 80.198 Thread 0x000001edb87b5cd0 13582       2       org.gradle.api.internal.tasks.compile.incremental.deps.ClassSetAnalysisData::getDependents (91 bytes)
Event: 80.199 Thread 0x000001edb87b5cd0 nmethod 13582 0x000001eda609b710 code [0x000001eda609b940, 0x000001eda609bee8]
Event: 80.220 Thread 0x000001edb87b5cd0 13585       2       java.util.HashMap$EntrySet::contains (54 bytes)
Event: 80.220 Thread 0x000001edb87b5cd0 nmethod 13585 0x000001eda609c190 code [0x000001eda609c360, 0x000001eda609c608]
Event: 80.220 Thread 0x000001edb87b5cd0 13586       2       java.util.HashMap$Node::equals (57 bytes)
Event: 80.221 Thread 0x000001edb87b5cd0 nmethod 13586 0x000001eda609c790 code [0x000001eda609c960, 0x000001eda609ccb8]
Event: 80.226 Thread 0x000001edb87b5cd0 13587       2       java.util.stream.StreamSpliterators$WrappingSpliterator$$Lambda$463/0x0000000801021728::getAsBoolean (8 bytes)
Event: 80.226 Thread 0x000001edb87b5cd0 nmethod 13587 0x000001eda609ce10 code [0x000001eda609cfa0, 0x000001eda609d0e8]
Event: 80.226 Thread 0x000001edb87b5cd0 13588       2       java.util.stream.StreamSpliterators$WrappingSpliterator::lambda$initPartialTraversalState$0 (14 bytes)
Event: 80.227 Thread 0x000001edb87b5cd0 nmethod 13588 0x000001eda609d190 code [0x000001eda609d320, 0x000001eda609d448]

GC Heap History (20 events):
Event: 37.247 GC heap before
{Heap before GC invocations=42 (full 0):
 garbage-first heap   total 142336K, used 115822K [0x0000000080000000, 0x0000000100000000)
  region size 1024K, 36 young (36864K), 1 survivors (1024K)
 Metaspace       used 73277K, committed 73984K, reserved 1114112K
  class space    used 10137K, committed 10496K, reserved 1048576K
}
Event: 37.253 GC heap after
{Heap after GC invocations=43 (full 0):
 garbage-first heap   total 142336K, used 82956K [0x0000000080000000, 0x0000000100000000)
  region size 1024K, 3 young (3072K), 3 survivors (3072K)
 Metaspace       used 73277K, committed 73984K, reserved 1114112K
  class space    used 10137K, committed 10496K, reserved 1048576K
}
Event: 43.596 GC heap before
{Heap before GC invocations=43 (full 0):
 garbage-first heap   total 142336K, used 116748K [0x0000000080000000, 0x0000000100000000)
  region size 1024K, 37 young (37888K), 3 survivors (3072K)
 Metaspace       used 76954K, committed 77632K, reserved 1122304K
  class space    used 10529K, committed 10880K, reserved 1048576K
}
Event: 43.603 GC heap after
{Heap after GC invocations=44 (full 0):
 garbage-first heap   total 142336K, used 83777K [0x0000000080000000, 0x0000000100000000)
  region size 1024K, 4 young (4096K), 4 survivors (4096K)
 Metaspace       used 76954K, committed 77632K, reserved 1122304K
  class space    used 10529K, committed 10880K, reserved 1048576K
}
Event: 45.697 GC heap before
{Heap before GC invocations=44 (full 0):
 garbage-first heap   total 142336K, used 117569K [0x0000000080000000, 0x0000000100000000)
  region size 1024K, 38 young (38912K), 4 survivors (4096K)
 Metaspace       used 80940K, committed 81600K, reserved 1122304K
  class space    used 11048K, committed 11392K, reserved 1048576K
}
Event: 45.709 GC heap after
{Heap after GC invocations=45 (full 0):
 garbage-first heap   total 142336K, used 87372K [0x0000000080000000, 0x0000000100000000)
  region size 1024K, 5 young (5120K), 5 survivors (5120K)
 Metaspace       used 80940K, committed 81600K, reserved 1122304K
  class space    used 11048K, committed 11392K, reserved 1048576K
}
Event: 47.088 GC heap before
{Heap before GC invocations=45 (full 0):
 garbage-first heap   total 142336K, used 118092K [0x0000000080000000, 0x0000000100000000)
  region size 1024K, 36 young (36864K), 5 survivors (5120K)
 Metaspace       used 81353K, committed 82048K, reserved 1122304K
  class space    used 11111K, committed 11456K, reserved 1048576K
}
Event: 47.100 GC heap after
{Heap after GC invocations=46 (full 0):
 garbage-first heap   total 142336K, used 89360K [0x0000000080000000, 0x0000000100000000)
  region size 1024K, 2 young (2048K), 2 survivors (2048K)
 Metaspace       used 81353K, committed 82048K, reserved 1122304K
  class space    used 11111K, committed 11456K, reserved 1048576K
}
Event: 47.913 GC heap before
{Heap before GC invocations=47 (full 0):
 garbage-first heap   total 167936K, used 115984K [0x0000000080000000, 0x0000000100000000)
  region size 1024K, 29 young (29696K), 2 survivors (2048K)
 Metaspace       used 81389K, committed 82048K, reserved 1122304K
  class space    used 11113K, committed 11456K, reserved 1048576K
}
Event: 47.925 GC heap after
{Heap after GC invocations=48 (full 0):
 garbage-first heap   total 167936K, used 90735K [0x0000000080000000, 0x0000000100000000)
  region size 1024K, 4 young (4096K), 4 survivors (4096K)
 Metaspace       used 81389K, committed 82048K, reserved 1122304K
  class space    used 11113K, committed 11456K, reserved 1048576K
}
Event: 48.102 GC heap before
{Heap before GC invocations=48 (full 0):
 garbage-first heap   total 167936K, used 93807K [0x0000000080000000, 0x0000000100000000)
  region size 1024K, 8 young (8192K), 4 survivors (4096K)
 Metaspace       used 81410K, committed 82048K, reserved 1122304K
  class space    used 11115K, committed 11456K, reserved 1048576K
}
Event: 48.112 GC heap after
{Heap after GC invocations=49 (full 0):
 garbage-first heap   total 167936K, used 91030K [0x0000000080000000, 0x0000000100000000)
  region size 1024K, 1 young (1024K), 1 survivors (1024K)
 Metaspace       used 81410K, committed 82048K, reserved 1122304K
  class space    used 11115K, committed 11456K, reserved 1048576K
}
Event: 49.320 GC heap before
{Heap before GC invocations=49 (full 0):
 garbage-first heap   total 167936K, used 138134K [0x0000000080000000, 0x0000000100000000)
  region size 1024K, 48 young (49152K), 1 survivors (1024K)
 Metaspace       used 81521K, committed 82176K, reserved 1122304K
  class space    used 11126K, committed 11456K, reserved 1048576K
}
Event: 49.329 GC heap after
{Heap after GC invocations=50 (full 0):
 garbage-first heap   total 167936K, used 93666K [0x0000000080000000, 0x0000000100000000)
  region size 1024K, 4 young (4096K), 4 survivors (4096K)
 Metaspace       used 81521K, committed 82176K, reserved 1122304K
  class space    used 11126K, committed 11456K, reserved 1048576K
}
Event: 55.943 GC heap before
{Heap before GC invocations=50 (full 0):
 garbage-first heap   total 167936K, used 138722K [0x0000000080000000, 0x0000000100000000)
  region size 1024K, 49 young (50176K), 4 survivors (4096K)
 Metaspace       used 82283K, committed 82880K, reserved 1122304K
  class space    used 11206K, committed 11520K, reserved 1048576K
}
Event: 55.973 GC heap after
{Heap after GC invocations=51 (full 0):
 garbage-first heap   total 167936K, used 97078K [0x0000000080000000, 0x0000000100000000)
  region size 1024K, 7 young (7168K), 7 survivors (7168K)
 Metaspace       used 82283K, committed 82880K, reserved 1122304K
  class space    used 11206K, committed 11520K, reserved 1048576K
}
Event: 78.827 GC heap before
{Heap before GC invocations=51 (full 0):
 garbage-first heap   total 167936K, used 139062K [0x0000000080000000, 0x0000000100000000)
  region size 1024K, 49 young (50176K), 7 survivors (7168K)
 Metaspace       used 83330K, committed 83968K, reserved 1122304K
  class space    used 11318K, committed 11648K, reserved 1048576K
}
Event: 78.850 GC heap after
{Heap after GC invocations=52 (full 0):
 garbage-first heap   total 167936K, used 102690K [0x0000000080000000, 0x0000000100000000)
  region size 1024K, 7 young (7168K), 7 survivors (7168K)
 Metaspace       used 83330K, committed 83968K, reserved 1122304K
  class space    used 11318K, committed 11648K, reserved 1048576K
}
Event: 79.750 GC heap before
{Heap before GC invocations=52 (full 0):
 garbage-first heap   total 167936K, used 137506K [0x0000000080000000, 0x0000000100000000)
  region size 1024K, 42 young (43008K), 7 survivors (7168K)
 Metaspace       used 83853K, committed 84544K, reserved 1122304K
  class space    used 11381K, committed 11712K, reserved 1048576K
}
Event: 79.767 GC heap after
{Heap after GC invocations=53 (full 0):
 garbage-first heap   total 167936K, used 105576K [0x0000000080000000, 0x0000000100000000)
  region size 1024K, 4 young (4096K), 4 survivors (4096K)
 Metaspace       used 83853K, committed 84544K, reserved 1122304K
  class space    used 11381K, committed 11712K, reserved 1048576K
}

Deoptimization events (20 events):
Event: 79.999 Thread 0x000001edbe186d20 Uncommon trap: trap_request=0xffffffbe fr.pc=0x000001edac5b4bf4 relative=0x0000000000002214
Event: 79.999 Thread 0x000001edbe186d20 Uncommon trap: reason=profile_predicate action=maybe_recompile pc=0x000001edac5b4bf4 method=com.google.common.collect.MapMakerInternalMap$Segment.expand()V @ 59 c2
Event: 79.999 Thread 0x000001edbe186d20 DEOPT PACKING pc=0x000001edac5b4bf4 sp=0x0000006a31ffe730
Event: 79.999 Thread 0x000001edbe186d20 DEOPT UNPACKING pc=0x000001eda43f23a3 sp=0x0000006a31ffe6c8 mode 2
Event: 80.010 Thread 0x000001edbe186d20 Uncommon trap: trap_request=0xffffff45 fr.pc=0x000001edac4630a0 relative=0x0000000000000480
Event: 80.010 Thread 0x000001edbe186d20 Uncommon trap: reason=unstable_if action=reinterpret pc=0x000001edac4630a0 method=org.gradle.internal.io.StreamByteBuffer$StreamByteBufferInputStream.readImpl([BII)I @ 49 c2
Event: 80.010 Thread 0x000001edbe186d20 DEOPT PACKING pc=0x000001edac4630a0 sp=0x0000006a31ffe780
Event: 80.010 Thread 0x000001edbe186d20 DEOPT UNPACKING pc=0x000001eda43f23a3 sp=0x0000006a31ffe6b0 mode 2
Event: 80.016 Thread 0x000001edbe186d20 Uncommon trap: trap_request=0xffffffbe fr.pc=0x000001edac5b4bf4 relative=0x0000000000002214
Event: 80.016 Thread 0x000001edbe186d20 Uncommon trap: reason=profile_predicate action=maybe_recompile pc=0x000001edac5b4bf4 method=com.google.common.collect.MapMakerInternalMap$Segment.expand()V @ 59 c2
Event: 80.016 Thread 0x000001edbe186d20 DEOPT PACKING pc=0x000001edac5b4bf4 sp=0x0000006a31ffe730
Event: 80.016 Thread 0x000001edbe186d20 DEOPT UNPACKING pc=0x000001eda43f23a3 sp=0x0000006a31ffe6c8 mode 2
Event: 80.029 Thread 0x000001edbe186d20 Uncommon trap: trap_request=0xffffffbe fr.pc=0x000001edac5b4bf4 relative=0x0000000000002214
Event: 80.029 Thread 0x000001edbe186d20 Uncommon trap: reason=profile_predicate action=maybe_recompile pc=0x000001edac5b4bf4 method=com.google.common.collect.MapMakerInternalMap$Segment.expand()V @ 59 c2
Event: 80.029 Thread 0x000001edbe186d20 DEOPT PACKING pc=0x000001edac5b4bf4 sp=0x0000006a31ffe730
Event: 80.029 Thread 0x000001edbe186d20 DEOPT UNPACKING pc=0x000001eda43f23a3 sp=0x0000006a31ffe6c8 mode 2
Event: 80.104 Thread 0x000001edbe186d20 Uncommon trap: trap_request=0xffffff45 fr.pc=0x000001edac462520 relative=0x0000000000000480
Event: 80.104 Thread 0x000001edbe186d20 Uncommon trap: reason=unstable_if action=reinterpret pc=0x000001edac462520 method=org.gradle.internal.io.StreamByteBuffer$StreamByteBufferInputStream.readImpl([BII)I @ 49 c2
Event: 80.104 Thread 0x000001edbe186d20 DEOPT PACKING pc=0x000001edac462520 sp=0x0000006a31ffe6d0
Event: 80.104 Thread 0x000001edbe186d20 DEOPT UNPACKING pc=0x000001eda43f23a3 sp=0x0000006a31ffe698 mode 2

Classes unloaded (2 events):
Event: 26.948 Thread 0x000001edb8799880 Unloading class 0x0000000801610800 'java/lang/invoke/LambdaForm$DMH+0x0000000801610800'
Event: 47.414 Thread 0x000001edb8799880 Unloading class 0x0000000801620000 'java/lang/invoke/LambdaForm$DMH+0x0000000801620000'

Classes redefined (0 events):
No events

Internal exceptions (20 events):
Event: 49.225 Thread 0x000001edbe180340 Exception <a 'java/lang/NoSuchMethodError'{0x0000000087679580}: static Lcom/android/build/api/artifact/Artifact$Single;.<clinit>()V> (0x0000000087679580) 
thrown [s\open\src\hotspot\share\prims\jni.cpp, line 1107]
Event: 49.225 Thread 0x000001edbe180340 Exception <a 'java/lang/NoSuchMethodError'{0x000000008767c018}: static Ljava/lang/Object;.<clinit>()V> (0x000000008767c018) 
thrown [s\open\src\hotspot\share\prims\jni.cpp, line 1107]
Event: 49.227 Thread 0x000001edbe180340 Exception <a 'java/lang/NoSuchMethodError'{0x0000000087695dd0}: static Lcom/android/build/api/artifact/ArtifactKind;.<clinit>()V> (0x0000000087695dd0) 
thrown [s\open\src\hotspot\share\prims\jni.cpp, line 1107]
Event: 49.227 Thread 0x000001edbe180340 Exception <a 'java/lang/NoSuchMethodError'{0x0000000087697238}: static Lcom/android/build/api/artifact/ArtifactKind;.<clinit>()V> (0x0000000087697238) 
thrown [s\open\src\hotspot\share\prims\jni.cpp, line 1107]
Event: 51.565 Thread 0x000001edbe180340 Exception <a 'java/lang/NoSuchMethodError'{0x0000000087a19ef8}: static Lcom/android/builder/internal/aapt/AaptOptions;.<clinit>()V> (0x0000000087a19ef8) 
thrown [s\open\src\hotspot\share\prims\jni.cpp, line 1107]
Event: 51.572 Thread 0x000001edbe180340 Exception <a 'java/lang/NoSuchMethodError'{0x0000000087a3dd18}: static Ljava/lang/Object;.<clinit>()V> (0x0000000087a3dd18) 
thrown [s\open\src\hotspot\share\prims\jni.cpp, line 1107]
Event: 51.579 Thread 0x000001edbe180340 Exception <a 'java/lang/NoSuchMethodError'{0x0000000087a6c270}: static Lcom/android/build/api/variant/impl/VariantOutputImpl$SerializedForm;.<clinit>()V> (0x0000000087a6c270) 
thrown [s\open\src\hotspot\share\prims\jni.cpp, line 1107]
Event: 51.581 Thread 0x000001edbe180340 Exception <a 'java/lang/NoSuchMethodError'{0x0000000087a805a0}: static Lcom/android/build/api/variant/impl/VariantOutputConfigurationImpl;.<clinit>()V> (0x0000000087a805a0) 
thrown [s\open\src\hotspot\share\prims\jni.cpp, line 1107]
Event: 51.604 Thread 0x000001edc26192c0 Exception <a 'sun/nio/fs/WindowsException'{0x00000000879b18a8}> (0x00000000879b18a8) 
thrown [s\open\src\hotspot\share\prims\jni.cpp, line 516]
Event: 51.604 Thread 0x000001edc26192c0 Exception <a 'sun/nio/fs/WindowsException'{0x00000000879b1ce8}> (0x00000000879b1ce8) 
thrown [s\open\src\hotspot\share\prims\jni.cpp, line 516]
Event: 51.636 Thread 0x000001edc26192c0 Exception <a 'sun/nio/fs/WindowsException'{0x00000000879b2f88}> (0x00000000879b2f88) 
thrown [s\open\src\hotspot\share\prims\jni.cpp, line 516]
Event: 51.637 Thread 0x000001edc26192c0 Exception <a 'sun/nio/fs/WindowsException'{0x00000000879b33c8}> (0x00000000879b33c8) 
thrown [s\open\src\hotspot\share\prims\jni.cpp, line 516]
Event: 54.625 Thread 0x000001edc26192c0 Exception <a 'java/lang/NoSuchMethodError'{0x000000008776e728}: 'void java.lang.invoke.DirectMethodHandle$Holder.invokeStatic(java.lang.Object, long)'> (0x000000008776e728) 
thrown [s\open\src\hotspot\share\interpreter\linkResolver.cpp, line 759]
Event: 54.626 Thread 0x000001edc26192c0 Exception <a 'java/lang/NoSuchMethodError'{0x000000008778e6d8}: 'java.lang.Object java.lang.invoke.DirectMethodHandle$Holder.newInvokeSpecial(java.lang.Object, long)'> (0x000000008778e6d8) 
thrown [s\open\src\hotspot\share\interpreter\linkResolver.cpp, line 759]
Event: 54.980 Thread 0x000001edc26192c0 Exception <a 'java/lang/NoSuchMethodError'{0x0000000087795ad0}: 'java.lang.Object java.lang.invoke.DirectMethodHandle$Holder.invokeStatic(java.lang.Object, java.lang.Object, long, java.lang.Object)'> (0x0000000087795ad0) 
thrown [s\open\src\hotspot\share\interpreter\linkResolver.cpp, line 759]
Event: 54.980 Thread 0x000001edc26192c0 Exception <a 'java/lang/NoSuchMethodError'{0x0000000087799a70}: 'java.lang.Object java.lang.invoke.DirectMethodHandle$Holder.invokeStaticInit(java.lang.Object, java.lang.Object, long, java.lang.Object)'> (0x0000000087799a70) 
thrown [s\open\src\hotspot\share\interpreter\linkResolver.cpp, line 759]
Event: 56.233 Thread 0x000001edc26192c0 Exception <a 'java/lang/NoSuchMethodError'{0x000000008a3e08b8}: 'int java.lang.invoke.DirectMethodHandle$Holder.invokeSpecialIFC(java.lang.Object, java.lang.Object, java.lang.Object)'> (0x000000008a3e08b8) 
thrown [s\open\src\hotspot\share\interpreter\linkResolver.cpp, line 759]
Event: 78.705 Thread 0x000001edc26192c0 Exception <a 'sun/nio/fs/WindowsException'{0x0000000088254058}> (0x0000000088254058) 
thrown [s\open\src\hotspot\share\prims\jni.cpp, line 516]
Event: 78.705 Thread 0x000001edc26192c0 Exception <a 'sun/nio/fs/WindowsException'{0x00000000882544f0}> (0x00000000882544f0) 
thrown [s\open\src\hotspot\share\prims\jni.cpp, line 516]
Event: 79.151 Thread 0x000001edbe180340 Exception <a 'java/lang/NoSuchMethodError'{0x0000000089713780}: static Ljava/lang/Object;.<clinit>()V> (0x0000000089713780) 
thrown [s\open\src\hotspot\share\prims\jni.cpp, line 1107]

VM Operations (20 events):
Event: 56.983 Executing VM operation: Cleanup
Event: 56.983 Executing VM operation: Cleanup done
Event: 57.989 Executing VM operation: Cleanup
Event: 57.990 Executing VM operation: Cleanup done
Event: 64.031 Executing VM operation: Cleanup
Event: 64.032 Executing VM operation: Cleanup done
Event: 74.083 Executing VM operation: Cleanup
Event: 74.084 Executing VM operation: Cleanup done
Event: 78.124 Executing VM operation: Cleanup
Event: 78.125 Executing VM operation: Cleanup done
Event: 78.599 Executing VM operation: HandshakeAllThreads
Event: 78.599 Executing VM operation: HandshakeAllThreads done
Event: 78.600 Executing VM operation: HandshakeAllThreads
Event: 78.600 Executing VM operation: HandshakeAllThreads done
Event: 78.827 Executing VM operation: G1CollectForAllocation
Event: 78.852 Executing VM operation: G1CollectForAllocation done
Event: 79.750 Executing VM operation: G1CollectForAllocation
Event: 79.768 Executing VM operation: G1CollectForAllocation done
Event: 80.135 Executing VM operation: G1Concurrent
Event: 80.148 Executing VM operation: G1Concurrent done

Events (20 events):
Event: 77.546 loading class java/util/zip/ZipInputStream done
Event: 77.578 loading class java/nio/file/FileChannelLinesSpliterator
Event: 77.596 loading class java/nio/file/FileChannelLinesSpliterator done
Event: 77.597 loading class java/util/stream/Streams$1
Event: 77.597 loading class java/util/stream/Streams$1 done
Event: 77.637 loading class java/nio/file/FileChannelLinesSpliterator$1
Event: 77.637 loading class java/nio/file/FileChannelLinesSpliterator$1 done
Event: 77.710 Thread 0x000001edc4b474a0 Thread added: 0x000001edc4b474a0
Event: 78.940 loading class java/nio/channels/Channels$1
Event: 78.940 loading class java/nio/channels/Channels$1 done
Event: 79.523 Thread 0x000001edbe186d20 Thread added: 0x000001edbe186d20
Event: 79.616 loading class java/util/PrimitiveIterator$OfInt
Event: 79.631 loading class java/util/PrimitiveIterator
Event: 79.632 loading class java/util/PrimitiveIterator done
Event: 79.632 loading class java/util/PrimitiveIterator$OfInt done
Event: 79.675 Thread 0x000001edbc4c5050 Thread added: 0x000001edbc4c5050
Event: 79.676 Thread 0x000001edbc4c5ec0 Thread added: 0x000001edbc4c5ec0
Event: 79.676 Thread 0x000001edbc4c6390 Thread added: 0x000001edbc4c6390
Event: 79.676 Thread 0x000001edc24b3850 Thread added: 0x000001edc24b3850
Event: 80.241 loading class java/util/concurrent/RecursiveAction


Dynamic libraries:
0x00007ff7cabe0000 - 0x00007ff7cabf0000 	C:\Program Files\Java\jdk-17.0.4\bin\java.exe
0x00007ffc62fb0000 - 0x00007ffc631a8000 	C:\Windows\SYSTEM32\ntdll.dll
0x00007ffc61100000 - 0x00007ffc611bd000 	C:\Windows\System32\KERNEL32.DLL
0x00007ffc60bc0000 - 0x00007ffc60eb6000 	C:\Windows\System32\KERNELBASE.dll
0x00007ffc609e0000 - 0x00007ffc60ae0000 	C:\Windows\System32\ucrtbase.dll
0x00007ffc5d7b0000 - 0x00007ffc5d7c8000 	C:\Program Files\Java\jdk-17.0.4\bin\jli.dll
0x00007ffc61220000 - 0x00007ffc612cf000 	C:\Windows\System32\ADVAPI32.dll
0x00007ffc5c230000 - 0x00007ffc5c24a000 	C:\Program Files\Java\jdk-17.0.4\bin\VCRUNTIME140.dll
0x00007ffc61c30000 - 0x00007ffc61cce000 	C:\Windows\System32\msvcrt.dll
0x00007ffc61cd0000 - 0x00007ffc61d6c000 	C:\Windows\System32\sechost.dll
0x00007ffc61540000 - 0x00007ffc61666000 	C:\Windows\System32\RPCRT4.dll
0x00007ffc613a0000 - 0x00007ffc6153e000 	C:\Windows\System32\USER32.dll
0x00007ffc60ae0000 - 0x00007ffc60b02000 	C:\Windows\System32\win32u.dll
0x00007ffc611c0000 - 0x00007ffc611ec000 	C:\Windows\System32\GDI32.dll
0x00007ffc60ef0000 - 0x00007ffc6100a000 	C:\Windows\System32\gdi32full.dll
0x00007ffc4c3e0000 - 0x00007ffc4c67a000 	C:\Windows\WinSxS\amd64_microsoft.windows.common-controls_6595b64144ccf1df_6.0.19041.3636_none_60b6a03d71f818d5\COMCTL32.dll
0x00007ffc60940000 - 0x00007ffc609dd000 	C:\Windows\System32\msvcp_win.dll
0x00007ffc5ef00000 - 0x00007ffc5ef0a000 	C:\Windows\SYSTEM32\VERSION.dll
0x00007ffc611f0000 - 0x00007ffc61220000 	C:\Windows\System32\IMM32.DLL
0x00007ffc5ef10000 - 0x00007ffc5ef46000 	C:\Windows\system32\DriverStore\FileRepository\nvami.inf_amd64_1474122a0ce2f241\nvinitx.dll
0x00007ffc61f20000 - 0x00007ffc62665000 	C:\Windows\System32\Shell32.dll
0x00007ffc5e700000 - 0x00007ffc5ee9b000 	C:\Windows\SYSTEM32\windows.storage.dll
0x00007ffc616e0000 - 0x00007ffc61a34000 	C:\Windows\System32\combase.dll
0x00007ffc600d0000 - 0x00007ffc600fd000 	C:\Windows\SYSTEM32\Wldp.dll
0x00007ffc61a50000 - 0x00007ffc61afd000 	C:\Windows\System32\SHCORE.dll
0x00007ffc627f0000 - 0x00007ffc62845000 	C:\Windows\System32\shlwapi.dll
0x0000000075be0000 - 0x0000000075be6000 	C:\Program Files\NVIDIA Corporation\CoProcManager\_etoured.dll
0x00007ffc59000000 - 0x00007ffc59043000 	C:\Program Files\NVIDIA Corporation\CoProcManager\nvd3d9wrapx.dll
0x00007ffc62a00000 - 0x00007ffc62e6e000 	C:\Windows\System32\SETUPAPI.dll
0x00007ffc608f0000 - 0x00007ffc6093e000 	C:\Windows\System32\cfgmgr32.dll
0x00007ffc60ec0000 - 0x00007ffc60ee7000 	C:\Windows\System32\bcrypt.dll
0x00007ffc58fd0000 - 0x00007ffc58ffd000 	C:\Program Files\NVIDIA Corporation\CoProcManager\nvdxgiwrapx.dll
0x00007ffc5dfc0000 - 0x00007ffc5dfcc000 	C:\Program Files\Java\jdk-17.0.4\bin\vcruntime140_1.dll
0x00007ffc3cc40000 - 0x00007ffc3cccd000 	C:\Program Files\Java\jdk-17.0.4\bin\msvcp140.dll
0x00007ffc25a00000 - 0x00007ffc265c2000 	C:\Program Files\Java\jdk-17.0.4\bin\server\jvm.dll
0x00007ffc62e70000 - 0x00007ffc62e78000 	C:\Windows\System32\PSAPI.DLL
0x00007ffc2e930000 - 0x00007ffc2e939000 	C:\Windows\SYSTEM32\WSOCK32.dll
0x00007ffc57cb0000 - 0x00007ffc57cd7000 	C:\Windows\SYSTEM32\WINMM.dll
0x00007ffc61670000 - 0x00007ffc616db000 	C:\Windows\System32\WS2_32.dll
0x00007ffc5e590000 - 0x00007ffc5e5a2000 	C:\Windows\SYSTEM32\kernel.appcore.dll
0x00007ffc5c270000 - 0x00007ffc5c27a000 	C:\Program Files\Java\jdk-17.0.4\bin\jimage.dll
0x00007ffc4f300000 - 0x00007ffc4f4e4000 	C:\Windows\SYSTEM32\DBGHELP.DLL
0x00007ffc4f2b0000 - 0x00007ffc4f2e4000 	C:\Windows\SYSTEM32\dbgcore.DLL
0x00007ffc60700000 - 0x00007ffc60782000 	C:\Windows\System32\bcryptPrimitives.dll
0x00007ffc5a1a0000 - 0x00007ffc5a1c5000 	C:\Program Files\Java\jdk-17.0.4\bin\java.dll
0x00007ffc3a890000 - 0x00007ffc3a966000 	C:\Program Files\Java\jdk-17.0.4\bin\jsvml.dll
0x00007ffc605c0000 - 0x00007ffc605e5000 	C:\Windows\SYSTEM32\profapi.dll
0x00007ffc56b30000 - 0x00007ffc56b49000 	C:\Program Files\Java\jdk-17.0.4\bin\net.dll
0x00007ffc55010000 - 0x00007ffc5511a000 	C:\Windows\SYSTEM32\WINHTTP.dll
0x00007ffc5fe30000 - 0x00007ffc5fe9a000 	C:\Windows\system32\mswsock.dll
0x00007ffc54ce0000 - 0x00007ffc54cf6000 	C:\Program Files\Java\jdk-17.0.4\bin\nio.dll
0x00007ffc54c10000 - 0x00007ffc54c28000 	C:\Program Files\Java\jdk-17.0.4\bin\zip.dll
0x00007ffc5c200000 - 0x00007ffc5c210000 	C:\Program Files\Java\jdk-17.0.4\bin\verify.dll
0x00007ffc3d5d0000 - 0x00007ffc3d5f7000 	C:\Users\Aadhil Ahamed\.gradle\native\68d5fa5c4cc2d200863cafc0d521ce42e7d3e7ee720ec0a83991735586a16f82\windows-amd64\native-platform.dll
0x00007ffc362c0000 - 0x00007ffc36404000 	C:\Users\Aadhil Ahamed\.gradle\native\e376f236ea51e6404a007f0833ffe2c6e607c4080706a723a18a27aeea778392\windows-amd64\native-platform-file-events.dll
0x00007ffc5b420000 - 0x00007ffc5b429000 	C:\Program Files\Java\jdk-17.0.4\bin\management.dll
0x00007ffc5a460000 - 0x00007ffc5a46b000 	C:\Program Files\Java\jdk-17.0.4\bin\management_ext.dll
0x00007ffc60020000 - 0x00007ffc60038000 	C:\Windows\SYSTEM32\CRYPTSP.dll
0x00007ffc5f6f0000 - 0x00007ffc5f724000 	C:\Windows\system32\rsaenh.dll
0x00007ffc60540000 - 0x00007ffc6056e000 	C:\Windows\SYSTEM32\USERENV.dll
0x00007ffc60040000 - 0x00007ffc6004c000 	C:\Windows\SYSTEM32\CRYPTBASE.dll
0x00007ffc5fad0000 - 0x00007ffc5fb0b000 	C:\Windows\SYSTEM32\IPHLPAPI.DLL
0x00007ffc62f60000 - 0x00007ffc62f68000 	C:\Windows\System32\NSI.dll
0x00007ffc552a0000 - 0x00007ffc552b7000 	C:\Windows\SYSTEM32\dhcpcsvc6.DLL
0x00007ffc55370000 - 0x00007ffc5538d000 	C:\Windows\SYSTEM32\dhcpcsvc.DLL
0x00007ffc5fb60000 - 0x00007ffc5fc2a000 	C:\Windows\SYSTEM32\DNSAPI.dll
0x00007ffc5a2d0000 - 0x00007ffc5a2de000 	C:\Program Files\Java\jdk-17.0.4\bin\sunmscapi.dll
0x00007ffc60790000 - 0x00007ffc608ed000 	C:\Windows\System32\CRYPT32.dll
0x00007ffc60140000 - 0x00007ffc60167000 	C:\Windows\SYSTEM32\ncrypt.dll
0x00007ffc60100000 - 0x00007ffc6013b000 	C:\Windows\SYSTEM32\NTASN1.dll
0x00007ffc2e940000 - 0x00007ffc2e947000 	C:\Windows\system32\wshunix.dll

dbghelp: loaded successfully - version: 4.0.5 - missing functions: none
symbol engine: initialized successfully - sym options: 0x614 - pdb path: .;C:\Program Files\Java\jdk-17.0.4\bin;C:\Windows\SYSTEM32;C:\Windows\WinSxS\amd64_microsoft.windows.common-controls_6595b64144ccf1df_6.0.19041.3636_none_60b6a03d71f818d5;C:\Windows\system32\DriverStore\FileRepository\nvami.inf_amd64_1474122a0ce2f241;C:\Program Files\NVIDIA Corporation\CoProcManager;C:\Program Files\Java\jdk-17.0.4\bin\server;C:\Users\Aadhil Ahamed\.gradle\native\68d5fa5c4cc2d200863cafc0d521ce42e7d3e7ee720ec0a83991735586a16f82\windows-amd64;C:\Users\Aadhil Ahamed\.gradle\native\e376f236ea51e6404a007f0833ffe2c6e607c4080706a723a18a27aeea778392\windows-amd64

VM Arguments:
jvm_args: --add-opens=java.base/java.util=ALL-UNNAMED --add-opens=java.base/java.lang=ALL-UNNAMED --add-opens=java.base/java.lang.invoke=ALL-UNNAMED --add-opens=java.prefs/java.util.prefs=ALL-UNNAMED --add-opens=java.base/java.nio.charset=ALL-UNNAMED --add-opens=java.base/java.net=ALL-UNNAMED --add-opens=java.base/java.util.concurrent.atomic=ALL-UNNAMED -Xmx2048m -Dfile.encoding=UTF-8 -Duser.country=US -Duser.language=en -Duser.variant 
java_command: org.gradle.launcher.daemon.bootstrap.GradleDaemon 8.0
java_class_path (initial): C:\Users\Aadhil Ahamed\.gradle\wrapper\dists\gradle-8.0-bin\ca5e32bp14vu59qr306oxotwh\gradle-8.0\lib\gradle-launcher-8.0.jar
Launcher Type: SUN_STANDARD

[Global flags]
     intx CICompilerCount                          = 3                                         {product} {ergonomic}
     uint ConcGCThreads                            = 1                                         {product} {ergonomic}
     uint G1ConcRefinementThreads                  = 4                                         {product} {ergonomic}
   size_t G1HeapRegionSize                         = 1048576                                   {product} {ergonomic}
    uintx GCDrainStackTargetSize                   = 64                                        {product} {ergonomic}
   size_t InitialHeapSize                          = 134217728                                 {product} {ergonomic}
   size_t MarkStackSize                            = 4194304                                   {product} {ergonomic}
   size_t MaxHeapSize                              = 2147483648                                {product} {command line}
   size_t MaxNewSize                               = 1287651328                                {product} {ergonomic}
   size_t MinHeapDeltaBytes                        = 1048576                                   {product} {ergonomic}
   size_t MinHeapSize                              = 8388608                                   {product} {ergonomic}
    uintx NonNMethodCodeHeapSize                   = 5832780                                {pd product} {ergonomic}
    uintx NonProfiledCodeHeapSize                  = 122912730                              {pd product} {ergonomic}
    uintx ProfiledCodeHeapSize                     = 122912730                              {pd product} {ergonomic}
    uintx ReservedCodeCacheSize                    = 251658240                              {pd product} {ergonomic}
     bool SegmentedCodeCache                       = true                                      {product} {ergonomic}
   size_t SoftMaxHeapSize                          = 2147483648                             {manageable} {ergonomic}
     bool UseCompressedClassPointers               = true                           {product lp64_product} {ergonomic}
     bool UseCompressedOops                        = true                           {product lp64_product} {ergonomic}
     bool UseG1GC                                  = true                                      {product} {ergonomic}
     bool UseLargePagesIndividualAllocation        = false                                  {pd product} {ergonomic}

Logging:
Log output configuration:
 #0: stdout all=warning uptime,level,tags
 #1: stderr all=off uptime,level,tags

Environment Variables:
JAVA_HOME=C:\Program Files\Java\jdk-17.0.4
PATH=C:\Program Files\Java\jdk-17.0.4;C:\Program Files\Microsoft\jdk-11.0.19.7-hotspot;C:\Python311\Scripts\;C:\Python311\;C:\Program Files\Common Files\Oracle\Java\javapath;C:\Windows\system32;C:\Windows;C:\Windows\System32\Wbem;C:\Windows\System32\WindowsPowerShell\v1.0\;C:\Windows\System32\OpenSSH\;C:\Program Files (x86)\NVIDIA Corporation\PhysX\Common;C:\Program Files\Git\cmd;C:\Program Files (x86)\Microsoft SQL Server\160\DTS\Binn\;C:\Program Files\Azure Data Studio\bin;C:\Program Files (x86)\Microsoft SQL Server\150\Tools\Binn\;C:\Program Files\Microsoft SQL Server\150\Tools\Binn\;C:\Program Files (x86)\Microsoft SQL Server\150\DTS\Binn\;C:\Program Files\Microsoft SQL Server\150\DTS\Binn\;C:\Program Files\Microsoft SQL Server\Client SDK\ODBC\170\Tools\Binn\;C:\xampp\php;C:\ProgramData\chocolatey\bin;C:\Program Files\nodejs\;C:\Program Files\MySQL\MySQL Shell 8.0\bin\;C:\Users\Aadhil Ahamed\AppData\Local\Programs\Python\Python39-32\Scripts\;C:\Users\Aadhil Ahamed\AppData\Local\Programs\Python\Python39-32\;C:\Users\Aadhil Ahamed\AppData\Local\Microsoft\WindowsApps;D:\Microsoft VS Code\bin;C:\Program Files\Java\jdk-11.0.16;C:\Program Files (x86)\Java\jdk 1.8.0_271\bin;C:\Program Files\Java\jdk-18.0.2\bin;C:\Program Files\Azure Data Studio\bin;C:\Users\Aadhil Ahamed\AppData\Roaming\npm
USERNAME=Aadhil Ahamed
OS=Windows_NT
PROCESSOR_IDENTIFIER=Intel64 Family 6 Model 42 Stepping 7, GenuineIntel



---------------  S Y S T E M  ---------------

OS:
 Windows 10 , 64 bit Build 19041 (10.0.19041.3636)
OS uptime: 0 days 11:32 hours

CPU: total 4 (initial active 4) (2 cores per cpu, 2 threads per core) family 6 model 42 stepping 7 microcode 0x2f, cx8, cmov, fxsr, ht, mmx, sse, sse2, sse3, ssse3, sse4.1, sse4.2, popcnt, tsc, tscinvbit, avx, aes, clmul, vzeroupper, clflush

Memory: 4k page, system-wide physical 8103M (1071M free)
TotalPageFile size 10151M (AvailPageFile size 8M)
current process WorkingSet (physical memory assigned to process): 424M, peak: 425M
current process commit charge ("private bytes"): 508M, peak: 510M

vm_info: Java HotSpot(TM) 64-Bit Server VM (17.0.4+11-LTS-179) for windows-amd64 JRE (17.0.4+11-LTS-179), built on Jun 28 2022 08:23:05 by "mach5one" with MS VC++ 16.8 / 16.9 (VS2019)

END.
