#
# There is insufficient memory for the Java Runtime Environment to continue.
# Native memory allocation (mmap) failed to map 124780544 bytes for G1 virtual space
# Possible reasons:
#   The system is out of physical RAM or swap space
#   The process is running with CompressedOops enabled, and the Java Heap may be blocking the growth of the native heap
# Possible solutions:
#   Reduce memory load on the system
#   Increase physical memory or swap space
#   Check if swap backing store is full
#   Decrease Java heap size (-Xmx/-Xms)
#   Decrease number of Java threads
#   Decrease Java thread stack sizes (-Xss)
#   Set larger code cache with -XX:ReservedCodeCacheSize=
#   JVM is running with Unscaled Compressed Oops mode in which the Java heap is
#     placed in the first 4GB address space. The Java Heap base address is the
#     maximum limit for the native heap growth. Please use -XX:HeapBaseMinAddress
#     to set the Java Heap base and to place the Java Heap above 4GB virtual address.
# This output file may be truncated or incomplete.
#
#  Out of Memory Error (os_windows.cpp:3535), pid=11144, tid=3652
#
# JRE version: Java(TM) SE Runtime Environment (17.0.4+11) (build 17.0.4+11-LTS-179)
# Java VM: Java HotSpot(TM) 64-Bit Server VM (17.0.4+11-LTS-179, mixed mode, sharing, tiered, compressed oops, compressed class ptrs, g1 gc, windows-amd64)
# No core dump will be written. Minidumps are not enabled by default on client versions of Windows
#

---------------  S U M M A R Y ------------

Command Line: --add-opens=java.base/java.util=ALL-UNNAMED --add-opens=java.base/java.lang=ALL-UNNAMED --add-opens=java.base/java.lang.invoke=ALL-UNNAMED --add-opens=java.prefs/java.util.prefs=ALL-UNNAMED --add-opens=java.base/java.nio.charset=ALL-UNNAMED --add-opens=java.base/java.net=ALL-UNNAMED --add-opens=java.base/java.util.concurrent.atomic=ALL-UNNAMED -Xmx2048m -Dfile.encoding=UTF-8 -Duser.country=US -Duser.language=en -Duser.variant org.gradle.launcher.daemon.bootstrap.GradleDaemon 8.0

Host: Intel(R) Core(TM) i5-2410M CPU @ 2.30GHz, 4 cores, 7G,  Windows 10 , 64 bit Build 19041 (10.0.19041.3636)
Time: Thu Dec 14 20:27:14 2023 Sri Lanka Standard Time elapsed time: 54.741218 seconds (0d 0h 0m 54s)

---------------  T H R E A D  ---------------

Current thread (0x000001d3724598b0):  VMThread "VM Thread" [stack: 0x0000008ce1700000,0x0000008ce1800000] [id=3652]

Stack: [0x0000008ce1700000,0x0000008ce1800000]
Native frames: (J=compiled Java code, j=interpreted, Vv=VM code, C=native code)
V  [jvm.dll+0x6723da]
V  [jvm.dll+0x7d1f74]
V  [jvm.dll+0x7d371e]
V  [jvm.dll+0x7d3d83]
V  [jvm.dll+0x242ed5]
V  [jvm.dll+0x66f2f9]
V  [jvm.dll+0x663c42]
V  [jvm.dll+0x30103b]
V  [jvm.dll+0x3085d6]
V  [jvm.dll+0x35844e]
V  [jvm.dll+0x35867f]
V  [jvm.dll+0x2d8258]
V  [jvm.dll+0x2d6524]
V  [jvm.dll+0x2d5b2c]
V  [jvm.dll+0x31959b]
V  [jvm.dll+0x7d825b]
V  [jvm.dll+0x7d8f94]
V  [jvm.dll+0x7d94ac]
V  [jvm.dll+0x7d9884]
V  [jvm.dll+0x7d9950]
V  [jvm.dll+0x78201a]
V  [jvm.dll+0x671265]
C  [ucrtbase.dll+0x21bb2]
C  [KERNEL32.DLL+0x17344]
C  [ntdll.dll+0x526b1]

VM_Operation (0x0000008ce2df6670): G1CollectForAllocation, mode: safepoint, requested by thread 0x000001d376ed6d00


---------------  P R O C E S S  ---------------

Threads class SMR info:
_java_thread_list=0x000001d37f3ec430, length=82, elements={
0x000001d356e83470, 0x000001d37245e160, 0x000001d37245efd0, 0x000001d37246c770,
0x000001d37246d120, 0x000001d37246dad0, 0x000001d37246e480, 0x000001d372474670,
0x000001d37247d480, 0x000001d372488650, 0x000001d3724467d0, 0x000001d37522ecc0,
0x000001d377c8f6b0, 0x000001d3772a3f90, 0x000001d375ede560, 0x000001d3764fe050,
0x000001d3761b7b60, 0x000001d376ed6830, 0x000001d376ed6d00, 0x000001d377652c00,
0x000001d377650f20, 0x000001d3776513f0, 0x000001d3776535a0, 0x000001d377653a70,
0x000001d377654410, 0x000001d3776530d0, 0x000001d377653f40, 0x000001d3776548e0,
0x000001d377652260, 0x000001d3776518c0, 0x000001d377651d90, 0x000001d377652730,
0x000001d377206060, 0x000001d377209550, 0x000001d377207d40, 0x000001d377206ed0,
0x000001d377208bb0, 0x000001d37720ad60, 0x000001d377208210, 0x000001d377206530,
0x000001d37720a3c0, 0x000001d37720c570, 0x000001d377209ef0, 0x000001d37720a890,
0x000001d37720b230, 0x000001d37720bbd0, 0x000001d37720c0a0, 0x000001d37720ca40,
0x000001d37720cf10, 0x000001d37720d8b0, 0x000001d377206a00, 0x000001d3751b4660,
0x000001d3751b59a0, 0x000001d3751b7680, 0x000001d3751b3320, 0x000001d3751b4190,
0x000001d3751b4b30, 0x000001d3751b24b0, 0x000001d3751b37f0, 0x000001d3751b6810,
0x000001d3751b2980, 0x000001d3751b7b50, 0x000001d3751b1fe0, 0x000001d3751b54d0,
0x000001d3751b07d0, 0x000001d3751b3cc0, 0x000001d3751b5000, 0x000001d3751b5e70,
0x000001d3751b2e50, 0x000001d3751b6ce0, 0x000001d3751b0ca0, 0x000001d3751b6340,
0x000001d3751b71b0, 0x000001d3751b8020, 0x000001d3751b1170, 0x000001d3751b1640,
0x000001d3751b1b10, 0x000001d378d3b260, 0x000001d378d35220, 0x000001d378d38240,
0x000001d378d36560, 0x000001d3775c5b50
}

Java Threads: ( => current thread )
  0x000001d356e83470 JavaThread "main" [_thread_blocked, id=9708, stack(0x0000008ce1100000,0x0000008ce1200000)]
  0x000001d37245e160 JavaThread "Reference Handler" daemon [_thread_blocked, id=2628, stack(0x0000008ce1800000,0x0000008ce1900000)]
  0x000001d37245efd0 JavaThread "Finalizer" daemon [_thread_blocked, id=552, stack(0x0000008ce1900000,0x0000008ce1a00000)]
  0x000001d37246c770 JavaThread "Signal Dispatcher" daemon [_thread_blocked, id=10280, stack(0x0000008ce1a00000,0x0000008ce1b00000)]
  0x000001d37246d120 JavaThread "Attach Listener" daemon [_thread_blocked, id=11104, stack(0x0000008ce1b00000,0x0000008ce1c00000)]
  0x000001d37246dad0 JavaThread "Service Thread" daemon [_thread_blocked, id=12528, stack(0x0000008ce1c00000,0x0000008ce1d00000)]
  0x000001d37246e480 JavaThread "Monitor Deflation Thread" daemon [_thread_blocked, id=11060, stack(0x0000008ce1d00000,0x0000008ce1e00000)]
  0x000001d372474670 JavaThread "C2 CompilerThread0" daemon [_thread_blocked, id=1740, stack(0x0000008ce1e00000,0x0000008ce1f00000)]
  0x000001d37247d480 JavaThread "C1 CompilerThread0" daemon [_thread_blocked, id=12612, stack(0x0000008ce1f00000,0x0000008ce2000000)]
  0x000001d372488650 JavaThread "Sweeper thread" daemon [_thread_blocked, id=1812, stack(0x0000008ce2000000,0x0000008ce2100000)]
  0x000001d3724467d0 JavaThread "Common-Cleaner" daemon [_thread_blocked, id=7892, stack(0x0000008ce2100000,0x0000008ce2200000)]
  0x000001d37522ecc0 JavaThread "Notification Thread" daemon [_thread_blocked, id=12636, stack(0x0000008ce2200000,0x0000008ce2300000)]
  0x000001d377c8f6b0 JavaThread "Daemon health stats" [_thread_blocked, id=11860, stack(0x0000008ce2700000,0x0000008ce2800000)]
  0x000001d3772a3f90 JavaThread "Incoming local TCP Connector on port 3697" [_thread_in_native, id=8060, stack(0x0000008ce2800000,0x0000008ce2900000)]
  0x000001d375ede560 JavaThread "Daemon periodic checks" [_thread_blocked, id=5512, stack(0x0000008ce2900000,0x0000008ce2a00000)]
  0x000001d3764fe050 JavaThread "Daemon" [_thread_blocked, id=9052, stack(0x0000008ce2a00000,0x0000008ce2b00000)]
  0x000001d3761b7b60 JavaThread "Handler for socket connection from /127.0.0.1:3697 to /127.0.0.1:3698" [_thread_in_native, id=4608, stack(0x0000008ce2b00000,0x0000008ce2c00000)]
  0x000001d376ed6830 JavaThread "Cancel handler" [_thread_blocked, id=2584, stack(0x0000008ce2c00000,0x0000008ce2d00000)]
  0x000001d376ed6d00 JavaThread "Daemon worker" [_thread_blocked, id=6944, stack(0x0000008ce2d00000,0x0000008ce2e00000)]
  0x000001d377652c00 JavaThread "Asynchronous log dispatcher for DefaultDaemonConnection: socket connection from /127.0.0.1:3697 to /127.0.0.1:3698" [_thread_blocked, id=6316, stack(0x0000008ce2e00000,0x0000008ce2f00000)]
  0x000001d377650f20 JavaThread "Stdin handler" [_thread_blocked, id=10812, stack(0x0000008ce2f00000,0x0000008ce3000000)]
  0x000001d3776513f0 JavaThread "Daemon client event forwarder" [_thread_blocked, id=11316, stack(0x0000008ce3000000,0x0000008ce3100000)]
  0x000001d3776535a0 JavaThread "Cache worker for journal cache (C:\Users\Aadhil Ahamed\.gradle\caches\journal-1)" [_thread_blocked, id=10076, stack(0x0000008ce3100000,0x0000008ce3200000)]
  0x000001d377653a70 JavaThread "File lock request listener" [_thread_in_native, id=8772, stack(0x0000008ce3200000,0x0000008ce3300000)]
  0x000001d377654410 JavaThread "Cache worker for file hash cache (C:\Users\Aadhil Ahamed\.gradle\caches\8.0\fileHashes)" [_thread_blocked, id=10024, stack(0x0000008ce3300000,0x0000008ce3400000)]
  0x000001d3776530d0 JavaThread "File watcher server" daemon [_thread_in_native, id=12052, stack(0x0000008ce3500000,0x0000008ce3600000)]
  0x000001d377653f40 JavaThread "File watcher consumer" daemon [_thread_blocked, id=4456, stack(0x0000008ce3600000,0x0000008ce3700000)]
  0x000001d3776548e0 JavaThread "Cache worker for checksums cache (C:\Users\Aadhil Ahamed\AndroidStudioProjects\CineWorldDigital\.gradle\8.0\checksums)" [_thread_blocked, id=10052, stack(0x0000008ce3400000,0x0000008ce3500000)]
  0x000001d377652260 JavaThread "Cache worker for cache directory md-rule (C:\Users\Aadhil Ahamed\.gradle\caches\8.0\md-rule)" [_thread_blocked, id=6244, stack(0x0000008ce3700000,0x0000008ce3800000)]
  0x000001d3776518c0 JavaThread "Cache worker for file content cache (C:\Users\Aadhil Ahamed\.gradle\caches\8.0\fileContent)" [_thread_blocked, id=9280, stack(0x0000008ce3800000,0x0000008ce3900000)]
  0x000001d377651d90 JavaThread "Cache worker for file hash cache (C:\Users\Aadhil Ahamed\AndroidStudioProjects\CineWorldDigital\.gradle\8.0\fileHashes)" [_thread_blocked, id=2828, stack(0x0000008ce3900000,0x0000008ce3a00000)]
  0x000001d377652730 JavaThread "Cache worker for cache directory md-supplier (C:\Users\Aadhil Ahamed\.gradle\caches\8.0\md-supplier)" [_thread_blocked, id=12792, stack(0x0000008ce3b00000,0x0000008ce3c00000)]
  0x000001d377206060 JavaThread "Cache worker for execution history cache (C:\Users\Aadhil Ahamed\.gradle\caches\8.0\executionHistory)" [_thread_blocked, id=10660, stack(0x0000008ce3c00000,0x0000008ce3d00000)]
  0x000001d377209550 JavaThread "jar transforms" [_thread_blocked, id=4844, stack(0x0000008ce3e00000,0x0000008ce3f00000)]
  0x000001d377207d40 JavaThread "jar transforms Thread 2" [_thread_blocked, id=11048, stack(0x0000008ce3f00000,0x0000008ce4000000)]
  0x000001d377206ed0 JavaThread "jar transforms Thread 3" [_thread_blocked, id=6260, stack(0x0000008ce3d00000,0x0000008ce3e00000)]
  0x000001d377208bb0 JavaThread "jar transforms Thread 4" [_thread_blocked, id=9024, stack(0x0000008ce4100000,0x0000008ce4200000)]
  0x000001d37720ad60 JavaThread "Cache worker for dependencies-accessors (C:\Users\Aadhil Ahamed\AndroidStudioProjects\CineWorldDigital\.gradle\8.0\dependencies-accessors)" [_thread_blocked, id=8952, stack(0x0000008ce4200000,0x0000008ce4300000)]
  0x000001d377208210 JavaThread "Cache worker for Build Output Cleanup Cache (C:\Users\Aadhil Ahamed\AndroidStudioProjects\CineWorldDigital\.gradle\buildOutputCleanup)" [_thread_blocked, id=11556, stack(0x0000008ce4000000,0x0000008ce4100000)]
  0x000001d377206530 JavaThread "Unconstrained build operations" [_thread_blocked, id=5172, stack(0x0000008ce4400000,0x0000008ce4500000)]
  0x000001d37720a3c0 JavaThread "Unconstrained build operations Thread 2" [_thread_blocked, id=8240, stack(0x0000008ce4500000,0x0000008ce4600000)]
  0x000001d37720c570 JavaThread "Unconstrained build operations Thread 3" [_thread_blocked, id=12400, stack(0x0000008ce4600000,0x0000008ce4700000)]
  0x000001d377209ef0 JavaThread "Unconstrained build operations Thread 4" [_thread_blocked, id=7704, stack(0x0000008ce4700000,0x0000008ce4800000)]
  0x000001d37720a890 JavaThread "Unconstrained build operations Thread 5" [_thread_blocked, id=12828, stack(0x0000008ce4800000,0x0000008ce4900000)]
  0x000001d37720b230 JavaThread "Unconstrained build operations Thread 6" [_thread_blocked, id=9676, stack(0x0000008ce4900000,0x0000008ce4a00000)]
  0x000001d37720bbd0 JavaThread "Unconstrained build operations Thread 7" [_thread_blocked, id=9756, stack(0x0000008ce4a00000,0x0000008ce4b00000)]
  0x000001d37720c0a0 JavaThread "Unconstrained build operations Thread 8" [_thread_blocked, id=10612, stack(0x0000008ce4b00000,0x0000008ce4c00000)]
  0x000001d37720ca40 JavaThread "Unconstrained build operations Thread 9" [_thread_blocked, id=12088, stack(0x0000008ce4c00000,0x0000008ce4d00000)]
  0x000001d37720cf10 JavaThread "Unconstrained build operations Thread 10" [_thread_blocked, id=10224, stack(0x0000008ce4d00000,0x0000008ce4e00000)]
  0x000001d37720d8b0 JavaThread "Unconstrained build operations Thread 11" [_thread_blocked, id=1688, stack(0x0000008ce4e00000,0x0000008ce4f00000)]
  0x000001d377206a00 JavaThread "Unconstrained build operations Thread 12" [_thread_blocked, id=9404, stack(0x0000008ce4f00000,0x0000008ce5000000)]
  0x000001d3751b4660 JavaThread "Unconstrained build operations Thread 13" [_thread_blocked, id=2908, stack(0x0000008ce5000000,0x0000008ce5100000)]
  0x000001d3751b59a0 JavaThread "Unconstrained build operations Thread 14" [_thread_blocked, id=9808, stack(0x0000008ce5100000,0x0000008ce5200000)]
  0x000001d3751b7680 JavaThread "Unconstrained build operations Thread 15" [_thread_blocked, id=13180, stack(0x0000008ce5200000,0x0000008ce5300000)]
  0x000001d3751b3320 JavaThread "Unconstrained build operations Thread 16" [_thread_blocked, id=13080, stack(0x0000008ce5300000,0x0000008ce5400000)]
  0x000001d3751b4190 JavaThread "Unconstrained build operations Thread 17" [_thread_blocked, id=13300, stack(0x0000008ce5400000,0x0000008ce5500000)]
  0x000001d3751b4b30 JavaThread "Unconstrained build operations Thread 18" [_thread_blocked, id=2660, stack(0x0000008ce5500000,0x0000008ce5600000)]
  0x000001d3751b24b0 JavaThread "Unconstrained build operations Thread 19" [_thread_blocked, id=11232, stack(0x0000008ce5600000,0x0000008ce5700000)]
  0x000001d3751b37f0 JavaThread "Unconstrained build operations Thread 20" [_thread_blocked, id=7804, stack(0x0000008ce5700000,0x0000008ce5800000)]
  0x000001d3751b6810 JavaThread "Unconstrained build operations Thread 21" [_thread_blocked, id=12960, stack(0x0000008ce5800000,0x0000008ce5900000)]
  0x000001d3751b2980 JavaThread "Unconstrained build operations Thread 22" [_thread_blocked, id=10580, stack(0x0000008ce5900000,0x0000008ce5a00000)]
  0x000001d3751b7b50 JavaThread "Unconstrained build operations Thread 23" [_thread_blocked, id=3660, stack(0x0000008ce5a00000,0x0000008ce5b00000)]
  0x000001d3751b1fe0 JavaThread "Unconstrained build operations Thread 24" [_thread_blocked, id=7564, stack(0x0000008ce5b00000,0x0000008ce5c00000)]
  0x000001d3751b54d0 JavaThread "Unconstrained build operations Thread 25" [_thread_blocked, id=6840, stack(0x0000008ce5c00000,0x0000008ce5d00000)]
  0x000001d3751b07d0 JavaThread "Unconstrained build operations Thread 26" [_thread_blocked, id=8080, stack(0x0000008ce5d00000,0x0000008ce5e00000)]
  0x000001d3751b3cc0 JavaThread "Unconstrained build operations Thread 27" [_thread_blocked, id=12132, stack(0x0000008ce5e00000,0x0000008ce5f00000)]
  0x000001d3751b5000 JavaThread "Unconstrained build operations Thread 28" [_thread_blocked, id=11088, stack(0x0000008ce5f00000,0x0000008ce6000000)]
  0x000001d3751b5e70 JavaThread "Unconstrained build operations Thread 29" [_thread_blocked, id=9304, stack(0x0000008ce6000000,0x0000008ce6100000)]
  0x000001d3751b2e50 JavaThread "Unconstrained build operations Thread 30" [_thread_blocked, id=5496, stack(0x0000008ce6100000,0x0000008ce6200000)]
  0x000001d3751b6ce0 JavaThread "Unconstrained build operations Thread 31" [_thread_blocked, id=9420, stack(0x0000008ce6200000,0x0000008ce6300000)]
  0x000001d3751b0ca0 JavaThread "Unconstrained build operations Thread 32" [_thread_blocked, id=12416, stack(0x0000008ce6300000,0x0000008ce6400000)]
  0x000001d3751b6340 JavaThread "Unconstrained build operations Thread 33" [_thread_blocked, id=9124, stack(0x0000008ce6400000,0x0000008ce6500000)]
  0x000001d3751b71b0 JavaThread "Unconstrained build operations Thread 34" [_thread_blocked, id=12628, stack(0x0000008ce6500000,0x0000008ce6600000)]
  0x000001d3751b8020 JavaThread "Unconstrained build operations Thread 35" [_thread_blocked, id=10204, stack(0x0000008ce6600000,0x0000008ce6700000)]
  0x000001d3751b1170 JavaThread "Unconstrained build operations Thread 36" [_thread_blocked, id=5944, stack(0x0000008ce6700000,0x0000008ce6800000)]
  0x000001d3751b1640 JavaThread "Unconstrained build operations Thread 37" [_thread_blocked, id=3780, stack(0x0000008ce6800000,0x0000008ce6900000)]
  0x000001d3751b1b10 JavaThread "Unconstrained build operations Thread 38" [_thread_blocked, id=1616, stack(0x0000008ce6900000,0x0000008ce6a00000)]
  0x000001d378d3b260 JavaThread "Unconstrained build operations Thread 39" [_thread_blocked, id=1168, stack(0x0000008ce6a00000,0x0000008ce6b00000)]
  0x000001d378d35220 JavaThread "Unconstrained build operations Thread 40" [_thread_blocked, id=9500, stack(0x0000008ce6b00000,0x0000008ce6c00000)]
  0x000001d378d38240 JavaThread "build event listener" [_thread_blocked, id=12796, stack(0x0000008ce6d00000,0x0000008ce6e00000)]
  0x000001d378d36560 JavaThread "Memory manager" [_thread_blocked, id=9444, stack(0x0000008ce6c00000,0x0000008ce6d00000)]
  0x000001d3775c5b50 JavaThread "C2 CompilerThread1" daemon [_thread_blocked, id=428, stack(0x0000008ce6e00000,0x0000008ce6f00000)]

Other Threads:
=>0x000001d3724598b0 VMThread "VM Thread" [stack: 0x0000008ce1700000,0x0000008ce1800000] [id=3652]
  0x000001d3722a4f80 WatcherThread [stack: 0x0000008ce2300000,0x0000008ce2400000] [id=2720]
  0x000001d356edda70 GCTaskThread "GC Thread#0" [stack: 0x0000008ce1200000,0x0000008ce1300000] [id=9344]
  0x000001d375376b10 GCTaskThread "GC Thread#1" [stack: 0x0000008ce2400000,0x0000008ce2500000] [id=12604]
  0x000001d375377880 GCTaskThread "GC Thread#2" [stack: 0x0000008ce2500000,0x0000008ce2600000] [id=4720]
  0x000001d3753775d0 GCTaskThread "GC Thread#3" [stack: 0x0000008ce2600000,0x0000008ce2700000] [id=12092]
  0x000001d372294090 ConcurrentGCThread "G1 Main Marker" [stack: 0x0000008ce1300000,0x0000008ce1400000] [id=10156]
  0x000001d372295ab0 ConcurrentGCThread "G1 Conc#0" [stack: 0x0000008ce1400000,0x0000008ce1500000] [id=6112]
  0x000001d37230d5c0 ConcurrentGCThread "G1 Refine#0" [stack: 0x0000008ce1500000,0x0000008ce1600000] [id=4460]
  0x000001d376fff990 ConcurrentGCThread "G1 Refine#1" [stack: 0x0000008ce3a00000,0x0000008ce3b00000] [id=6664]
  0x000001d37230dfe0 ConcurrentGCThread "G1 Service" [stack: 0x0000008ce1600000,0x0000008ce1700000] [id=9464]

Threads with active compile tasks:
C2 CompilerThread0    54935 9059       4       java.beans.Introspector::addMethod (196 bytes)
C2 CompilerThread1    54935 9056       4       groovy.lang.MetaClassImpl$1MOPIter::methodNameAction (325 bytes)

VM state: at safepoint (normal execution)

VM Mutex/Monitor currently owned by a thread:  ([mutex/lock_event])
[0x000001d356e7e720] Threads_lock - owner thread: 0x000001d3724598b0
[0x000001d356e7f140] Heap_lock - owner thread: 0x000001d376ed6d00

Heap address: 0x0000000080000000, size: 2048 MB, Compressed Oops mode: 32-bit

CDS archive(s) mapped at: [0x0000000800000000-0x0000000800bc0000-0x0000000800bc0000), size 12320768, SharedBaseAddress: 0x0000000800000000, ArchiveRelocationMode: 0.
Compressed class space mapped at: 0x0000000800c00000-0x0000000840c00000, reserved size: 1073741824
Narrow klass base: 0x0000000800000000, Narrow klass shift: 0, Narrow klass range: 0x100000000

GC Precious Log:
 CPUs: 4 total, 4 available
 Memory: 8103M
 Large Page Support: Disabled
 NUMA Support: Disabled
 Compressed Oops: Enabled (32-bit)
 Heap Region Size: 1M
 Heap Min Capacity: 8M
 Heap Initial Capacity: 128M
 Heap Max Capacity: 2G
 Pre-touch: Disabled
 Parallel Workers: 4
 Concurrent Workers: 1
 Concurrent Refinement Workers: 4
 Periodic GC: Disabled

Heap:
 garbage-first heap   total 131072K, used 74885K [0x0000000080000000, 0x0000000100000000)
  region size 1024K, 4 young (4096K), 4 survivors (4096K)
 Metaspace       used 75259K, committed 75904K, reserved 1122304K
  class space    used 10361K, committed 10688K, reserved 1048576K

Heap Regions: E=young(eden), S=young(survivor), O=old, HS=humongous(starts), HC=humongous(continues), CS=collection set, F=free, OA=open archive, CA=closed archive, TAMS=top-at-mark-start (previous, next)
|   0|0x0000000080000000, 0x0000000080100000, 0x0000000080100000|100%| O|  |TAMS 0x0000000080100000, 0x0000000080100000| Untracked 
|   1|0x0000000080100000, 0x0000000080200000, 0x0000000080200000|100%| O|  |TAMS 0x0000000080200000, 0x0000000080200000| Untracked 
|   2|0x0000000080200000, 0x0000000080300000, 0x0000000080300000|100%|HS|  |TAMS 0x0000000080300000, 0x0000000080300000| Complete 
|   3|0x0000000080300000, 0x0000000080400000, 0x0000000080400000|100%|HC|  |TAMS 0x0000000080400000, 0x0000000080400000| Complete 
|   4|0x0000000080400000, 0x0000000080500000, 0x0000000080500000|100%|HC|  |TAMS 0x0000000080500000, 0x0000000080500000| Complete 
|   5|0x0000000080500000, 0x0000000080600000, 0x0000000080600000|100%|HC|  |TAMS 0x0000000080600000, 0x0000000080600000| Complete 
|   6|0x0000000080600000, 0x0000000080700000, 0x0000000080700000|100%| O|  |TAMS 0x0000000080700000, 0x0000000080700000| Untracked 
|   7|0x0000000080700000, 0x0000000080800000, 0x0000000080800000|100%| O|  |TAMS 0x0000000080800000, 0x0000000080800000| Untracked 
|   8|0x0000000080800000, 0x0000000080900000, 0x0000000080900000|100%| O|  |TAMS 0x0000000080900000, 0x0000000080900000| Untracked 
|   9|0x0000000080900000, 0x0000000080a00000, 0x0000000080a00000|100%| O|  |TAMS 0x0000000080a00000, 0x0000000080a00000| Untracked 
|  10|0x0000000080a00000, 0x0000000080b00000, 0x0000000080b00000|100%| O|  |TAMS 0x0000000080b00000, 0x0000000080b00000| Untracked 
|  11|0x0000000080b00000, 0x0000000080c00000, 0x0000000080c00000|100%| O|  |TAMS 0x0000000080c00000, 0x0000000080c00000| Untracked 
|  12|0x0000000080c00000, 0x0000000080d00000, 0x0000000080d00000|100%| O|  |TAMS 0x0000000080d00000, 0x0000000080d00000| Untracked 
|  13|0x0000000080d00000, 0x0000000080e00000, 0x0000000080e00000|100%| O|  |TAMS 0x0000000080e00000, 0x0000000080e00000| Untracked 
|  14|0x0000000080e00000, 0x0000000080f00000, 0x0000000080f00000|100%| O|  |TAMS 0x0000000080f00000, 0x0000000080f00000| Untracked 
|  15|0x0000000080f00000, 0x0000000081000000, 0x0000000081000000|100%| O|  |TAMS 0x0000000081000000, 0x0000000081000000| Untracked 
|  16|0x0000000081000000, 0x0000000081100000, 0x0000000081100000|100%| O|  |TAMS 0x0000000081100000, 0x0000000081100000| Untracked 
|  17|0x0000000081100000, 0x0000000081200000, 0x0000000081200000|100%| O|  |TAMS 0x0000000081200000, 0x0000000081200000| Untracked 
|  18|0x0000000081200000, 0x0000000081300000, 0x0000000081300000|100%| O|  |TAMS 0x0000000081300000, 0x0000000081300000| Untracked 
|  19|0x0000000081300000, 0x0000000081400000, 0x0000000081400000|100%| O|  |TAMS 0x0000000081400000, 0x0000000081400000| Untracked 
|  20|0x0000000081400000, 0x0000000081500000, 0x0000000081500000|100%| O|  |TAMS 0x0000000081500000, 0x0000000081500000| Untracked 
|  21|0x0000000081500000, 0x0000000081600000, 0x0000000081600000|100%| O|  |TAMS 0x0000000081600000, 0x0000000081600000| Untracked 
|  22|0x0000000081600000, 0x0000000081700000, 0x0000000081700000|100%| O|  |TAMS 0x0000000081700000, 0x0000000081700000| Untracked 
|  23|0x0000000081700000, 0x0000000081800000, 0x0000000081800000|100%| O|  |TAMS 0x0000000081800000, 0x0000000081800000| Untracked 
|  24|0x0000000081800000, 0x0000000081900000, 0x0000000081900000|100%| O|  |TAMS 0x0000000081900000, 0x0000000081900000| Untracked 
|  25|0x0000000081900000, 0x0000000081a00000, 0x0000000081a00000|100%| O|  |TAMS 0x0000000081a00000, 0x0000000081a00000| Untracked 
|  26|0x0000000081a00000, 0x0000000081b00000, 0x0000000081b00000|100%| O|  |TAMS 0x0000000081b00000, 0x0000000081b00000| Untracked 
|  27|0x0000000081b00000, 0x0000000081c00000, 0x0000000081c00000|100%| O|  |TAMS 0x0000000081c00000, 0x0000000081c00000| Untracked 
|  28|0x0000000081c00000, 0x0000000081d00000, 0x0000000081d00000|100%| O|  |TAMS 0x0000000081d00000, 0x0000000081d00000| Untracked 
|  29|0x0000000081d00000, 0x0000000081e00000, 0x0000000081e00000|100%| O|  |TAMS 0x0000000081e00000, 0x0000000081e00000| Untracked 
|  30|0x0000000081e00000, 0x0000000081f00000, 0x0000000081f00000|100%|HS|  |TAMS 0x0000000081f00000, 0x0000000081f00000| Complete 
|  31|0x0000000081f00000, 0x0000000082000000, 0x0000000082000000|100%|HS|  |TAMS 0x0000000082000000, 0x0000000082000000| Complete 
|  32|0x0000000082000000, 0x0000000082100000, 0x0000000082100000|100%| O|  |TAMS 0x0000000082100000, 0x0000000082100000| Untracked 
|  33|0x0000000082100000, 0x0000000082200000, 0x0000000082200000|100%| O|  |TAMS 0x0000000082200000, 0x0000000082200000| Untracked 
|  34|0x0000000082200000, 0x0000000082300000, 0x0000000082300000|100%| O|  |TAMS 0x0000000082300000, 0x0000000082300000| Untracked 
|  35|0x0000000082300000, 0x0000000082400000, 0x0000000082400000|100%| O|  |TAMS 0x0000000082400000, 0x0000000082400000| Untracked 
|  36|0x0000000082400000, 0x0000000082500000, 0x0000000082500000|100%| O|  |TAMS 0x0000000082500000, 0x0000000082500000| Untracked 
|  37|0x0000000082500000, 0x0000000082600000, 0x0000000082600000|100%| O|  |TAMS 0x0000000082600000, 0x0000000082600000| Untracked 
|  38|0x0000000082600000, 0x0000000082700000, 0x0000000082700000|100%| O|  |TAMS 0x0000000082700000, 0x0000000082700000| Untracked 
|  39|0x0000000082700000, 0x0000000082800000, 0x0000000082800000|100%| O|  |TAMS 0x0000000082800000, 0x0000000082800000| Untracked 
|  40|0x0000000082800000, 0x0000000082900000, 0x0000000082900000|100%| O|  |TAMS 0x0000000082900000, 0x0000000082900000| Untracked 
|  41|0x0000000082900000, 0x0000000082a00000, 0x0000000082a00000|100%| O|  |TAMS 0x0000000082a00000, 0x0000000082a00000| Untracked 
|  42|0x0000000082a00000, 0x0000000082b00000, 0x0000000082b00000|100%| O|  |TAMS 0x0000000082b00000, 0x0000000082b00000| Untracked 
|  43|0x0000000082b00000, 0x0000000082c00000, 0x0000000082c00000|100%| O|  |TAMS 0x0000000082c00000, 0x0000000082c00000| Untracked 
|  44|0x0000000082c00000, 0x0000000082d00000, 0x0000000082d00000|100%| O|  |TAMS 0x0000000082d00000, 0x0000000082d00000| Untracked 
|  45|0x0000000082d00000, 0x0000000082e00000, 0x0000000082e00000|100%| O|  |TAMS 0x0000000082e00000, 0x0000000082e00000| Untracked 
|  46|0x0000000082e00000, 0x0000000082f00000, 0x0000000082f00000|100%| O|  |TAMS 0x0000000082f00000, 0x0000000082f00000| Untracked 
|  47|0x0000000082f00000, 0x0000000083000000, 0x0000000083000000|100%| O|  |TAMS 0x0000000083000000, 0x0000000083000000| Untracked 
|  48|0x0000000083000000, 0x0000000083100000, 0x0000000083100000|100%| O|  |TAMS 0x0000000083100000, 0x0000000083100000| Untracked 
|  49|0x0000000083100000, 0x0000000083200000, 0x0000000083200000|100%| O|  |TAMS 0x0000000083200000, 0x0000000083200000| Untracked 
|  50|0x0000000083200000, 0x0000000083300000, 0x0000000083300000|100%| O|  |TAMS 0x0000000083300000, 0x0000000083300000| Untracked 
|  51|0x0000000083300000, 0x0000000083400000, 0x0000000083400000|100%| O|  |TAMS 0x0000000083400000, 0x0000000083400000| Untracked 
|  52|0x0000000083400000, 0x0000000083500000, 0x0000000083500000|100%| O|  |TAMS 0x0000000083500000, 0x0000000083500000| Untracked 
|  53|0x0000000083500000, 0x0000000083600000, 0x0000000083600000|100%| O|  |TAMS 0x0000000083600000, 0x0000000083600000| Untracked 
|  54|0x0000000083600000, 0x0000000083700000, 0x0000000083700000|100%| O|  |TAMS 0x0000000083700000, 0x0000000083700000| Untracked 
|  55|0x0000000083700000, 0x0000000083800000, 0x0000000083800000|100%| O|  |TAMS 0x0000000083800000, 0x0000000083800000| Untracked 
|  56|0x0000000083800000, 0x0000000083900000, 0x0000000083900000|100%| O|  |TAMS 0x0000000083900000, 0x0000000083900000| Untracked 
|  57|0x0000000083900000, 0x0000000083a00000, 0x0000000083a00000|100%| O|  |TAMS 0x0000000083a00000, 0x0000000083a00000| Untracked 
|  58|0x0000000083a00000, 0x0000000083b00000, 0x0000000083b00000|100%| O|  |TAMS 0x0000000083b00000, 0x0000000083b00000| Untracked 
|  59|0x0000000083b00000, 0x0000000083c00000, 0x0000000083c00000|100%| O|  |TAMS 0x0000000083c00000, 0x0000000083c00000| Untracked 
|  60|0x0000000083c00000, 0x0000000083d00000, 0x0000000083d00000|100%| O|  |TAMS 0x0000000083d00000, 0x0000000083d00000| Untracked 
|  61|0x0000000083d00000, 0x0000000083e00000, 0x0000000083e00000|100%| O|  |TAMS 0x0000000083deb600, 0x0000000083e00000| Untracked 
|  62|0x0000000083e00000, 0x0000000083f00000, 0x0000000083f00000|100%| O|  |TAMS 0x0000000083e00000, 0x0000000083f00000| Untracked 
|  63|0x0000000083f00000, 0x0000000084000000, 0x0000000084000000|100%| O|  |TAMS 0x0000000083f00000, 0x0000000084000000| Untracked 
|  64|0x0000000084000000, 0x0000000084100000, 0x0000000084100000|100%| O|  |TAMS 0x0000000084000000, 0x0000000084100000| Untracked 
|  65|0x0000000084100000, 0x0000000084200000, 0x0000000084200000|100%| O|  |TAMS 0x0000000084100000, 0x000000008415c200| Untracked 
|  66|0x0000000084200000, 0x0000000084300000, 0x0000000084300000|100%| O|  |TAMS 0x0000000084200000, 0x0000000084200000| Untracked 
|  67|0x0000000084300000, 0x0000000084400000, 0x0000000084400000|100%| O|  |TAMS 0x0000000084300000, 0x0000000084300000| Untracked 
|  68|0x0000000084400000, 0x0000000084500000, 0x0000000084500000|100%| O|  |TAMS 0x0000000084400000, 0x0000000084400000| Untracked 
|  69|0x0000000084500000, 0x0000000084521600, 0x0000000084600000| 13%| O|  |TAMS 0x0000000084500000, 0x0000000084500000| Untracked 
|  70|0x0000000084600000, 0x0000000084600000, 0x0000000084700000|  0%| F|  |TAMS 0x0000000084600000, 0x0000000084600000| Untracked 
|  71|0x0000000084700000, 0x0000000084700000, 0x0000000084800000|  0%| F|  |TAMS 0x0000000084700000, 0x0000000084700000| Untracked 
|  72|0x0000000084800000, 0x0000000084800000, 0x0000000084900000|  0%| F|  |TAMS 0x0000000084800000, 0x0000000084800000| Untracked 
|  73|0x0000000084900000, 0x0000000084900000, 0x0000000084a00000|  0%| F|  |TAMS 0x0000000084900000, 0x0000000084900000| Untracked 
|  74|0x0000000084a00000, 0x0000000084a00000, 0x0000000084b00000|  0%| F|  |TAMS 0x0000000084a00000, 0x0000000084a00000| Untracked 
|  75|0x0000000084b00000, 0x0000000084b00000, 0x0000000084c00000|  0%| F|  |TAMS 0x0000000084b00000, 0x0000000084b00000| Untracked 
|  76|0x0000000084c00000, 0x0000000084c00000, 0x0000000084d00000|  0%| F|  |TAMS 0x0000000084c00000, 0x0000000084c00000| Untracked 
|  77|0x0000000084d00000, 0x0000000084d00000, 0x0000000084e00000|  0%| F|  |TAMS 0x0000000084d00000, 0x0000000084d00000| Untracked 
|  78|0x0000000084e00000, 0x0000000084e00000, 0x0000000084f00000|  0%| F|  |TAMS 0x0000000084e00000, 0x0000000084e00000| Untracked 
|  79|0x0000000084f00000, 0x0000000084f00000, 0x0000000085000000|  0%| F|  |TAMS 0x0000000084f00000, 0x0000000084f00000| Untracked 
|  80|0x0000000085000000, 0x0000000085000000, 0x0000000085100000|  0%| F|  |TAMS 0x0000000085000000, 0x0000000085000000| Untracked 
|  81|0x0000000085100000, 0x0000000085100000, 0x0000000085200000|  0%| F|  |TAMS 0x0000000085100000, 0x0000000085100000| Untracked 
|  82|0x0000000085200000, 0x0000000085200000, 0x0000000085300000|  0%| F|  |TAMS 0x0000000085200000, 0x0000000085200000| Untracked 
|  83|0x0000000085300000, 0x0000000085400000, 0x0000000085400000|100%| S|CS|TAMS 0x0000000085300000, 0x0000000085300000| Complete 
|  84|0x0000000085400000, 0x0000000085500000, 0x0000000085500000|100%| S|CS|TAMS 0x0000000085400000, 0x0000000085400000| Complete 
|  85|0x0000000085500000, 0x0000000085600000, 0x0000000085600000|100%| S|CS|TAMS 0x0000000085500000, 0x0000000085500000| Complete 
|  86|0x0000000085600000, 0x0000000085700000, 0x0000000085700000|100%| S|CS|TAMS 0x0000000085600000, 0x0000000085600000| Complete 
|  87|0x0000000085700000, 0x0000000085700000, 0x0000000085800000|  0%| F|  |TAMS 0x0000000085700000, 0x0000000085700000| Untracked 
|  88|0x0000000085800000, 0x0000000085800000, 0x0000000085900000|  0%| F|  |TAMS 0x0000000085800000, 0x0000000085800000| Untracked 
|  89|0x0000000085900000, 0x0000000085900000, 0x0000000085a00000|  0%| F|  |TAMS 0x0000000085900000, 0x0000000085900000| Untracked 
|  90|0x0000000085a00000, 0x0000000085a00000, 0x0000000085b00000|  0%| F|  |TAMS 0x0000000085a00000, 0x0000000085a00000| Untracked 
|  91|0x0000000085b00000, 0x0000000085b00000, 0x0000000085c00000|  0%| F|  |TAMS 0x0000000085b00000, 0x0000000085b00000| Untracked 
|  92|0x0000000085c00000, 0x0000000085c00000, 0x0000000085d00000|  0%| F|  |TAMS 0x0000000085c00000, 0x0000000085c00000| Untracked 
|  93|0x0000000085d00000, 0x0000000085d00000, 0x0000000085e00000|  0%| F|  |TAMS 0x0000000085d00000, 0x0000000085d00000| Untracked 
|  94|0x0000000085e00000, 0x0000000085e00000, 0x0000000085f00000|  0%| F|  |TAMS 0x0000000085e00000, 0x0000000085e00000| Untracked 
|  95|0x0000000085f00000, 0x0000000085f00000, 0x0000000086000000|  0%| F|  |TAMS 0x0000000085f00000, 0x0000000085f00000| Untracked 
|  96|0x0000000086000000, 0x0000000086000000, 0x0000000086100000|  0%| F|  |TAMS 0x0000000086000000, 0x0000000086000000| Untracked 
|  97|0x0000000086100000, 0x0000000086100000, 0x0000000086200000|  0%| F|  |TAMS 0x0000000086100000, 0x0000000086100000| Untracked 
|  98|0x0000000086200000, 0x0000000086200000, 0x0000000086300000|  0%| F|  |TAMS 0x0000000086200000, 0x0000000086200000| Untracked 
|  99|0x0000000086300000, 0x0000000086300000, 0x0000000086400000|  0%| F|  |TAMS 0x0000000086300000, 0x0000000086300000| Untracked 
| 100|0x0000000086400000, 0x0000000086400000, 0x0000000086500000|  0%| F|  |TAMS 0x0000000086400000, 0x0000000086400000| Untracked 
| 101|0x0000000086500000, 0x0000000086500000, 0x0000000086600000|  0%| F|  |TAMS 0x0000000086500000, 0x0000000086500000| Untracked 
| 102|0x0000000086600000, 0x0000000086600000, 0x0000000086700000|  0%| F|  |TAMS 0x0000000086600000, 0x0000000086600000| Untracked 
| 103|0x0000000086700000, 0x0000000086700000, 0x0000000086800000|  0%| F|  |TAMS 0x0000000086700000, 0x0000000086700000| Untracked 
| 104|0x0000000086800000, 0x0000000086800000, 0x0000000086900000|  0%| F|  |TAMS 0x0000000086800000, 0x0000000086800000| Untracked 
| 105|0x0000000086900000, 0x0000000086900000, 0x0000000086a00000|  0%| F|  |TAMS 0x0000000086900000, 0x0000000086900000| Untracked 
| 106|0x0000000086a00000, 0x0000000086a00000, 0x0000000086b00000|  0%| F|  |TAMS 0x0000000086a00000, 0x0000000086a00000| Untracked 
| 107|0x0000000086b00000, 0x0000000086b00000, 0x0000000086c00000|  0%| F|  |TAMS 0x0000000086b00000, 0x0000000086b00000| Untracked 
| 108|0x0000000086c00000, 0x0000000086c00000, 0x0000000086d00000|  0%| F|  |TAMS 0x0000000086c00000, 0x0000000086c00000| Untracked 
| 109|0x0000000086d00000, 0x0000000086d00000, 0x0000000086e00000|  0%| F|  |TAMS 0x0000000086d00000, 0x0000000086d00000| Untracked 
| 110|0x0000000086e00000, 0x0000000086e00000, 0x0000000086f00000|  0%| F|  |TAMS 0x0000000086e00000, 0x0000000086e00000| Untracked 
| 111|0x0000000086f00000, 0x0000000086f00000, 0x0000000087000000|  0%| F|  |TAMS 0x0000000086f00000, 0x0000000086f00000| Untracked 
| 112|0x0000000087000000, 0x0000000087000000, 0x0000000087100000|  0%| F|  |TAMS 0x0000000087000000, 0x0000000087000000| Untracked 
| 113|0x0000000087100000, 0x0000000087100000, 0x0000000087200000|  0%| F|  |TAMS 0x0000000087100000, 0x0000000087100000| Untracked 
| 114|0x0000000087200000, 0x0000000087200000, 0x0000000087300000|  0%| F|  |TAMS 0x0000000087200000, 0x0000000087200000| Untracked 
| 115|0x0000000087300000, 0x0000000087300000, 0x0000000087400000|  0%| F|  |TAMS 0x0000000087300000, 0x0000000087300000| Untracked 
| 116|0x0000000087400000, 0x0000000087400000, 0x0000000087500000|  0%| F|  |TAMS 0x0000000087400000, 0x0000000087400000| Untracked 
| 117|0x0000000087500000, 0x0000000087500000, 0x0000000087600000|  0%| F|  |TAMS 0x0000000087500000, 0x0000000087500000| Untracked 
| 118|0x0000000087600000, 0x0000000087600000, 0x0000000087700000|  0%| F|  |TAMS 0x0000000087600000, 0x0000000087600000| Untracked 
| 119|0x0000000087700000, 0x0000000087700000, 0x0000000087800000|  0%| F|  |TAMS 0x0000000087700000, 0x0000000087700000| Untracked 
| 120|0x0000000087800000, 0x0000000087800000, 0x0000000087900000|  0%| F|  |TAMS 0x0000000087800000, 0x0000000087800000| Untracked 
| 121|0x0000000087900000, 0x0000000087900000, 0x0000000087a00000|  0%| F|  |TAMS 0x0000000087900000, 0x0000000087900000| Untracked 
| 122|0x0000000087a00000, 0x0000000087a00000, 0x0000000087b00000|  0%| F|  |TAMS 0x0000000087a00000, 0x0000000087a00000| Untracked 
| 123|0x0000000087b00000, 0x0000000087b00000, 0x0000000087c00000|  0%| F|  |TAMS 0x0000000087b00000, 0x0000000087b00000| Untracked 
| 124|0x0000000087c00000, 0x0000000087c00000, 0x0000000087d00000|  0%| F|  |TAMS 0x0000000087c00000, 0x0000000087c00000| Untracked 
| 125|0x0000000087d00000, 0x0000000087d00000, 0x0000000087e00000|  0%| F|  |TAMS 0x0000000087d00000, 0x0000000087d00000| Untracked 
| 126|0x0000000087e00000, 0x0000000087e00000, 0x0000000087f00000|  0%| F|  |TAMS 0x0000000087e00000, 0x0000000087e00000| Untracked 
| 127|0x0000000087f00000, 0x0000000087f00000, 0x0000000088000000|  0%| F|  |TAMS 0x0000000087f00000, 0x0000000087f00000| Untracked 

Card table byte_map: [0x000001d36da90000,0x000001d36de90000] _byte_map_base: 0x000001d36d690000

Marking Bits (Prev, Next): (CMBitMap*) 0x000001d356ede0c0, (CMBitMap*) 0x000001d356ede080
 Prev Bits: [0x000001d370290000, 0x000001d372290000)
 Next Bits: [0x000001d36e290000, 0x000001d370290000)

Polling page: 0x000001d3565f0000

Metaspace:

Usage:
  Non-class:     63.38 MB used.
      Class:     10.12 MB used.
       Both:     73.50 MB used.

Virtual space:
  Non-class space:       72.00 MB reserved,      63.69 MB ( 88%) committed,  9 nodes.
      Class space:        1.00 GB reserved,      10.44 MB (  1%) committed,  1 nodes.
             Both:        1.07 GB reserved,      74.12 MB (  7%) committed. 

Chunk freelists:
   Non-Class:  3.50 MB
       Class:  1.54 MB
        Both:  5.04 MB

MaxMetaspaceSize: unlimited
CompressedClassSpaceSize: 1.00 GB
Initial GC threshold: 21.00 MB
Current GC threshold: 121.88 MB
CDS: on
MetaspaceReclaimPolicy: balanced
 - commit_granule_bytes: 65536.
 - commit_granule_words: 8192.
 - virtual_space_node_default_size: 1048576.
 - enlarge_chunks_in_place: 1.
 - new_chunks_are_fully_committed: 0.
 - uncommit_free_chunks: 1.
 - use_allocation_guard: 0.
 - handle_deallocations: 1.


Internal statistics:

num_allocs_failed_limit: 9.
num_arena_births: 758.
num_arena_deaths: 0.
num_vsnodes_births: 10.
num_vsnodes_deaths: 0.
num_space_committed: 1186.
num_space_uncommitted: 0.
num_chunks_returned_to_freelist: 9.
num_chunks_taken_from_freelist: 3589.
num_chunk_merges: 9.
num_chunk_splits: 2395.
num_chunks_enlarged: 1604.
num_purges: 0.
num_inconsistent_stats: 0.

CodeHeap 'non-profiled nmethods': size=120000Kb used=5079Kb max_used=5079Kb free=114920Kb
 bounds [0x000001d366160000, 0x000001d366660000, 0x000001d36d690000]
CodeHeap 'profiled nmethods': size=120000Kb used=16819Kb max_used=16819Kb free=103180Kb
 bounds [0x000001d35ec30000, 0x000001d35fca0000, 0x000001d366160000]
CodeHeap 'non-nmethods': size=5760Kb used=2397Kb max_used=2472Kb free=3362Kb
 bounds [0x000001d35e690000, 0x000001d35e900000, 0x000001d35ec30000]
 total_blobs=9201 nmethods=8270 adapters=843
 compilation: enabled
              stopped_count=0, restarted_count=0
 full_count=0

Compilation events (20 events):
Event: 54.583 Thread 0x000001d37247d480 9125       2       org.codehaus.groovy.reflection.ClassInfo::getWeakMetaClass (21 bytes)
Event: 54.583 Thread 0x000001d37247d480 nmethod 9125 0x000001d35fc99c10 code [0x000001d35fc99dc0, 0x000001d35fc99f68]
Event: 54.583 Thread 0x000001d37247d480 9126       2       org.codehaus.groovy.reflection.ClassInfo::isValidWeakMetaClass (30 bytes)
Event: 54.584 Thread 0x000001d37247d480 nmethod 9126 0x000001d35fc9a090 code [0x000001d35fc9a220, 0x000001d35fc9a3f8]
Event: 54.585 Thread 0x000001d37247d480 9127       2       java.util.ComparableTimSort::gallopLeft (327 bytes)
Event: 54.586 Thread 0x000001d37247d480 nmethod 9127 0x000001d35fc9a490 code [0x000001d35fc9a680, 0x000001d35fc9ac38]
Event: 54.594 Thread 0x000001d37247d480 9128       2       java.util.HashMap$Values::iterator (12 bytes)
Event: 54.594 Thread 0x000001d37247d480 nmethod 9128 0x000001d35fc9af90 code [0x000001d35fc9b140, 0x000001d35fc9b328]
Event: 54.594 Thread 0x000001d37247d480 9129       2       java.util.HashMap$ValueIterator::<init> (11 bytes)
Event: 54.595 Thread 0x000001d37247d480 nmethod 9129 0x000001d35fc9b410 code [0x000001d35fc9b5a0, 0x000001d35fc9b708]
Event: 54.618 Thread 0x000001d37247d480 9130       2       jdk.internal.reflect.ClassFileAssembler::opc_dup (11 bytes)
Event: 54.618 Thread 0x000001d37247d480 nmethod 9130 0x000001d35fc9b790 code [0x000001d35fc9b940, 0x000001d35fc9bac8]
Event: 54.618 Thread 0x000001d37247d480 9131       2       jdk.internal.reflect.ClassFileAssembler::opc_dup_x1 (11 bytes)
Event: 54.619 Thread 0x000001d37247d480 nmethod 9131 0x000001d35fc9bc10 code [0x000001d35fc9bdc0, 0x000001d35fc9bf48]
Event: 54.619 Thread 0x000001d37247d480 9132       2       jdk.internal.reflect.ClassFileAssembler::opc_swap (7 bytes)
Event: 54.619 Thread 0x000001d37247d480 nmethod 9132 0x000001d35fc9c090 code [0x000001d35fc9c240, 0x000001d35fc9c3a8]
Event: 54.619 Thread 0x000001d37247d480 9133       1       jdk.internal.reflect.ByteVectorImpl::getData (5 bytes)
Event: 54.619 Thread 0x000001d37247d480 nmethod 9133 0x000001d366655c90 code [0x000001d366655e20, 0x000001d366655ef8]
Event: 54.637 Thread 0x000001d37247d480 9134       2       java.util.ComparableTimSort::mergeCollapse (134 bytes)
Event: 54.638 Thread 0x000001d37247d480 nmethod 9134 0x000001d35fc9c490 code [0x000001d35fc9c660, 0x000001d35fc9c9e8]

GC Heap History (20 events):
Event: 46.904 GC heap after
{Heap after GC invocations=25 (full 0):
 garbage-first heap   total 109568K, used 59730K [0x0000000080000000, 0x0000000100000000)
  region size 1024K, 3 young (3072K), 3 survivors (3072K)
 Metaspace       used 60203K, committed 60800K, reserved 1105920K
  class space    used 8082K, committed 8384K, reserved 1048576K
}
Event: 47.810 GC heap before
{Heap before GC invocations=26 (full 0):
 garbage-first heap   total 109568K, used 81234K [0x0000000080000000, 0x0000000100000000)
  region size 1024K, 26 young (26624K), 3 survivors (3072K)
 Metaspace       used 61398K, committed 62016K, reserved 1105920K
  class space    used 8252K, committed 8576K, reserved 1048576K
}
Event: 47.819 GC heap after
{Heap after GC invocations=27 (full 0):
 garbage-first heap   total 109568K, used 58667K [0x0000000080000000, 0x0000000100000000)
  region size 1024K, 4 young (4096K), 4 survivors (4096K)
 Metaspace       used 61398K, committed 62016K, reserved 1105920K
  class space    used 8252K, committed 8576K, reserved 1048576K
}
Event: 47.834 GC heap before
{Heap before GC invocations=27 (full 0):
 garbage-first heap   total 109568K, used 59691K [0x0000000080000000, 0x0000000100000000)
  region size 1024K, 5 young (5120K), 4 survivors (4096K)
 Metaspace       used 61398K, committed 62016K, reserved 1105920K
  class space    used 8252K, committed 8576K, reserved 1048576K
}
Event: 47.842 GC heap after
{Heap after GC invocations=28 (full 0):
 garbage-first heap   total 109568K, used 58620K [0x0000000080000000, 0x0000000100000000)
  region size 1024K, 1 young (1024K), 1 survivors (1024K)
 Metaspace       used 61398K, committed 62016K, reserved 1105920K
  class space    used 8252K, committed 8576K, reserved 1048576K
}
Event: 48.498 GC heap before
{Heap before GC invocations=28 (full 0):
 garbage-first heap   total 109568K, used 83196K [0x0000000080000000, 0x0000000100000000)
  region size 1024K, 26 young (26624K), 1 survivors (1024K)
 Metaspace       used 62047K, committed 62656K, reserved 1105920K
  class space    used 8329K, committed 8640K, reserved 1048576K
}
Event: 48.503 GC heap after
{Heap after GC invocations=29 (full 0):
 garbage-first heap   total 109568K, used 60340K [0x0000000080000000, 0x0000000100000000)
  region size 1024K, 2 young (2048K), 2 survivors (2048K)
 Metaspace       used 62047K, committed 62656K, reserved 1105920K
  class space    used 8329K, committed 8640K, reserved 1048576K
}
Event: 49.725 GC heap before
{Heap before GC invocations=30 (full 0):
 garbage-first heap   total 109568K, used 86964K [0x0000000080000000, 0x0000000100000000)
  region size 1024K, 28 young (28672K), 2 survivors (2048K)
 Metaspace       used 65276K, committed 65856K, reserved 1114112K
  class space    used 8951K, committed 9216K, reserved 1048576K
}
Event: 49.733 GC heap after
{Heap after GC invocations=31 (full 0):
 garbage-first heap   total 109568K, used 61795K [0x0000000080000000, 0x0000000100000000)
  region size 1024K, 4 young (4096K), 4 survivors (4096K)
 Metaspace       used 65276K, committed 65856K, reserved 1114112K
  class space    used 8951K, committed 9216K, reserved 1048576K
}
Event: 49.779 GC heap before
{Heap before GC invocations=31 (full 0):
 garbage-first heap   total 109568K, used 62819K [0x0000000080000000, 0x0000000100000000)
  region size 1024K, 5 young (5120K), 4 survivors (4096K)
 Metaspace       used 65409K, committed 65984K, reserved 1114112K
  class space    used 8974K, committed 9280K, reserved 1048576K
}
Event: 49.790 GC heap after
{Heap after GC invocations=32 (full 0):
 garbage-first heap   total 109568K, used 61458K [0x0000000080000000, 0x0000000100000000)
  region size 1024K, 1 young (1024K), 1 survivors (1024K)
 Metaspace       used 65409K, committed 65984K, reserved 1114112K
  class space    used 8974K, committed 9280K, reserved 1048576K
}
Event: 50.741 GC heap before
{Heap before GC invocations=32 (full 0):
 garbage-first heap   total 109568K, used 88082K [0x0000000080000000, 0x0000000100000000)
  region size 1024K, 27 young (27648K), 1 survivors (1024K)
 Metaspace       used 68106K, committed 68672K, reserved 1114112K
  class space    used 9358K, committed 9664K, reserved 1048576K
}
Event: 50.749 GC heap after
{Heap after GC invocations=33 (full 0):
 garbage-first heap   total 109568K, used 63480K [0x0000000080000000, 0x0000000100000000)
  region size 1024K, 3 young (3072K), 3 survivors (3072K)
 Metaspace       used 68106K, committed 68672K, reserved 1114112K
  class space    used 9358K, committed 9664K, reserved 1048576K
}
Event: 52.071 GC heap before
{Heap before GC invocations=34 (full 0):
 garbage-first heap   total 112640K, used 88056K [0x0000000080000000, 0x0000000100000000)
  region size 1024K, 27 young (27648K), 3 survivors (3072K)
 Metaspace       used 70261K, committed 70848K, reserved 1114112K
  class space    used 9677K, committed 9984K, reserved 1048576K
}
Event: 52.078 GC heap after
{Heap after GC invocations=35 (full 0):
 garbage-first heap   total 112640K, used 65109K [0x0000000080000000, 0x0000000100000000)
  region size 1024K, 2 young (2048K), 2 survivors (2048K)
 Metaspace       used 70261K, committed 70848K, reserved 1114112K
  class space    used 9677K, committed 9984K, reserved 1048576K
}
Event: 53.343 GC heap before
{Heap before GC invocations=35 (full 0):
 garbage-first heap   total 112640K, used 92757K [0x0000000080000000, 0x0000000100000000)
  region size 1024K, 29 young (29696K), 2 survivors (2048K)
 Metaspace       used 74058K, committed 74624K, reserved 1114112K
  class space    used 10202K, committed 10496K, reserved 1048576K
}
Event: 53.353 GC heap after
{Heap after GC invocations=36 (full 0):
 garbage-first heap   total 112640K, used 67118K [0x0000000080000000, 0x0000000100000000)
  region size 1024K, 4 young (4096K), 4 survivors (4096K)
 Metaspace       used 74058K, committed 74624K, reserved 1114112K
  class space    used 10202K, committed 10496K, reserved 1048576K
}
Event: 54.236 GC heap before
{Heap before GC invocations=37 (full 0):
 garbage-first heap   total 121856K, used 92718K [0x0000000080000000, 0x0000000100000000)
  region size 1024K, 29 young (29696K), 4 survivors (4096K)
 Metaspace       used 75202K, committed 75840K, reserved 1122304K
  class space    used 10357K, committed 10688K, reserved 1048576K
}
Event: 54.250 GC heap after
{Heap after GC invocations=38 (full 0):
 garbage-first heap   total 121856K, used 70150K [0x0000000080000000, 0x0000000100000000)
  region size 1024K, 4 young (4096K), 4 survivors (4096K)
 Metaspace       used 75202K, committed 75840K, reserved 1122304K
  class space    used 10357K, committed 10688K, reserved 1048576K
}
Event: 54.639 GC heap before
{Heap before GC invocations=38 (full 0):
 garbage-first heap   total 121856K, used 98822K [0x0000000080000000, 0x0000000100000000)
  region size 1024K, 32 young (32768K), 4 survivors (4096K)
 Metaspace       used 75259K, committed 75904K, reserved 1122304K
  class space    used 10361K, committed 10688K, reserved 1048576K
}

Deoptimization events (20 events):
Event: 53.918 Thread 0x000001d376ed6d00 Uncommon trap: trap_request=0xffffffc6 fr.pc=0x000001d3666352e4 relative=0x0000000000000564
Event: 53.918 Thread 0x000001d376ed6d00 Uncommon trap: reason=bimorphic_or_optimized_type_check action=maybe_recompile pc=0x000001d3666352e4 method=com.google.common.collect.AbstractMapBasedMultimap.createCollection(Ljava/lang/Object;)Ljava/util/Collection; @ 1 c2
Event: 53.918 Thread 0x000001d376ed6d00 DEOPT PACKING pc=0x000001d3666352e4 sp=0x0000008ce2dfb3e0
Event: 53.918 Thread 0x000001d376ed6d00 DEOPT UNPACKING pc=0x000001d35e6e23a3 sp=0x0000008ce2dfb3b0 mode 2
Event: 53.918 Thread 0x000001d376ed6d00 Uncommon trap: trap_request=0xffffffc6 fr.pc=0x000001d3666352e4 relative=0x0000000000000564
Event: 53.918 Thread 0x000001d376ed6d00 Uncommon trap: reason=bimorphic_or_optimized_type_check action=maybe_recompile pc=0x000001d3666352e4 method=com.google.common.collect.AbstractMapBasedMultimap.createCollection(Ljava/lang/Object;)Ljava/util/Collection; @ 1 c2
Event: 53.918 Thread 0x000001d376ed6d00 DEOPT PACKING pc=0x000001d3666352e4 sp=0x0000008ce2dfb3e0
Event: 53.918 Thread 0x000001d376ed6d00 DEOPT UNPACKING pc=0x000001d35e6e23a3 sp=0x0000008ce2dfb3b0 mode 2
Event: 53.918 Thread 0x000001d376ed6d00 Uncommon trap: trap_request=0xffffffc6 fr.pc=0x000001d3666352e4 relative=0x0000000000000564
Event: 53.918 Thread 0x000001d376ed6d00 Uncommon trap: reason=bimorphic_or_optimized_type_check action=maybe_recompile pc=0x000001d3666352e4 method=com.google.common.collect.AbstractMapBasedMultimap.createCollection(Ljava/lang/Object;)Ljava/util/Collection; @ 1 c2
Event: 53.918 Thread 0x000001d376ed6d00 DEOPT PACKING pc=0x000001d3666352e4 sp=0x0000008ce2dfb3e0
Event: 53.918 Thread 0x000001d376ed6d00 DEOPT UNPACKING pc=0x000001d35e6e23a3 sp=0x0000008ce2dfb3b0 mode 2
Event: 54.192 Thread 0x000001d376ed6d00 Uncommon trap: trap_request=0xffffff45 fr.pc=0x000001d3664db800 relative=0x0000000000002080
Event: 54.192 Thread 0x000001d376ed6d00 Uncommon trap: reason=unstable_if action=reinterpret pc=0x000001d3664db800 method=java.lang.ClassLoader.checkCerts(Ljava/lang/String;Ljava/security/CodeSource;)V @ 30 c2
Event: 54.192 Thread 0x000001d376ed6d00 DEOPT PACKING pc=0x000001d3664db800 sp=0x0000008ce2df7520
Event: 54.192 Thread 0x000001d376ed6d00 DEOPT UNPACKING pc=0x000001d35e6e23a3 sp=0x0000008ce2df7450 mode 2
Event: 54.192 Thread 0x000001d376ed6d00 Uncommon trap: trap_request=0xffffff45 fr.pc=0x000001d3663e0d8c relative=0x0000000000000a8c
Event: 54.192 Thread 0x000001d376ed6d00 Uncommon trap: reason=unstable_if action=reinterpret pc=0x000001d3663e0d8c method=java.lang.ClassLoader.loadClass(Ljava/lang/String;Z)Ljava/lang/Class; @ 29 c2
Event: 54.192 Thread 0x000001d376ed6d00 DEOPT PACKING pc=0x000001d3663e0d8c sp=0x0000008ce2df3570
Event: 54.192 Thread 0x000001d376ed6d00 DEOPT UNPACKING pc=0x000001d35e6e23a3 sp=0x0000008ce2df3538 mode 2

Classes unloaded (0 events):
No events

Classes redefined (0 events):
No events

Internal exceptions (20 events):
Event: 54.575 Thread 0x000001d376ed6d00 Exception <a 'java/lang/ClassNotFoundException'{0x0000000085f7c128}: com/android/build/gradle/internal/tasks/DexFileDependenciesTask_DecoratedBeanInfo> (0x0000000085f7c128) 
thrown [s\open\src\hotspot\share\classfile\systemDictionary.cpp, line 256]
Event: 54.576 Thread 0x000001d376ed6d00 Exception <a 'java/lang/ClassNotFoundException'{0x0000000085f88088}: com/android/build/gradle/internal/tasks/DexFileDependenciesTaskBeanInfo> (0x0000000085f88088) 
thrown [s\open\src\hotspot\share\classfile\systemDictionary.cpp, line 256]
Event: 54.577 Thread 0x000001d376ed6d00 Exception <a 'java/lang/ClassNotFoundException'{0x0000000085f93a78}: com/android/build/gradle/internal/tasks/DexFileDependenciesTaskCustomizer> (0x0000000085f93a78) 
thrown [s\open\src\hotspot\share\classfile\systemDictionary.cpp, line 256]
Event: 54.579 Thread 0x000001d376ed6d00 Exception <a 'java/lang/ClassNotFoundException'{0x0000000085fbb5b8}: com/android/build/gradle/internal/tasks/DexFileDependenciesTask_DecoratedCustomizer> (0x0000000085fbb5b8) 
thrown [s\open\src\hotspot\share\classfile\systemDictionary.cpp, line 256]
Event: 54.588 Thread 0x000001d376ed6d00 Exception <a 'java/lang/ClassNotFoundException'{0x0000000085e62470}: com/android/build/gradle/internal/tasks/DexMergingTask_DecoratedBeanInfo> (0x0000000085e62470) 
thrown [s\open\src\hotspot\share\classfile\systemDictionary.cpp, line 256]
Event: 54.589 Thread 0x000001d376ed6d00 Exception <a 'java/lang/ClassNotFoundException'{0x0000000085e6dfa0}: com/android/build/gradle/internal/tasks/DexMergingTaskBeanInfo> (0x0000000085e6dfa0) 
thrown [s\open\src\hotspot\share\classfile\systemDictionary.cpp, line 256]
Event: 54.590 Thread 0x000001d376ed6d00 Exception <a 'java/lang/ClassNotFoundException'{0x0000000085e79850}: com/android/build/gradle/internal/tasks/DexMergingTaskCustomizer> (0x0000000085e79850) 
thrown [s\open\src\hotspot\share\classfile\systemDictionary.cpp, line 256]
Event: 54.593 Thread 0x000001d376ed6d00 Exception <a 'java/lang/ClassNotFoundException'{0x0000000085ea1288}: com/android/build/gradle/internal/tasks/DexMergingTask_DecoratedCustomizer> (0x0000000085ea1288) 
thrown [s\open\src\hotspot\share\classfile\systemDictionary.cpp, line 256]
Event: 54.601 Thread 0x000001d376ed6d00 Exception <a 'java/lang/ClassNotFoundException'{0x000000008594c3b8}: com/android/build/gradle/internal/tasks/DexArchiveBuilderTask_DecoratedBeanInfo> (0x000000008594c3b8) 
thrown [s\open\src\hotspot\share\classfile\systemDictionary.cpp, line 256]
Event: 54.602 Thread 0x000001d376ed6d00 Exception <a 'java/lang/ClassNotFoundException'{0x0000000085957fc0}: com/android/build/gradle/internal/tasks/DexArchiveBuilderTaskBeanInfo> (0x0000000085957fc0) 
thrown [s\open\src\hotspot\share\classfile\systemDictionary.cpp, line 256]
Event: 54.602 Thread 0x000001d376ed6d00 Exception <a 'java/lang/ClassNotFoundException'{0x0000000085963958}: com/android/build/gradle/internal/tasks/DexArchiveBuilderTaskCustomizer> (0x0000000085963958) 
thrown [s\open\src\hotspot\share\classfile\systemDictionary.cpp, line 256]
Event: 54.605 Thread 0x000001d376ed6d00 Exception <a 'java/lang/ClassNotFoundException'{0x0000000085993678}: com/android/build/gradle/internal/tasks/DexArchiveBuilderTask_DecoratedCustomizer> (0x0000000085993678) 
thrown [s\open\src\hotspot\share\classfile\systemDictionary.cpp, line 256]
Event: 54.615 Thread 0x000001d376ed6d00 Exception <a 'java/lang/ClassNotFoundException'{0x000000008584c6f0}: com/android/build/gradle/internal/tasks/MergeNativeLibsTask_DecoratedBeanInfo> (0x000000008584c6f0) 
thrown [s\open\src\hotspot\share\classfile\systemDictionary.cpp, line 256]
Event: 54.616 Thread 0x000001d376ed6d00 Exception <a 'java/lang/ClassNotFoundException'{0x00000000858582f0}: com/android/build/gradle/internal/tasks/MergeNativeLibsTaskBeanInfo> (0x00000000858582f0) 
thrown [s\open\src\hotspot\share\classfile\systemDictionary.cpp, line 256]
Event: 54.617 Thread 0x000001d376ed6d00 Exception <a 'java/lang/ClassNotFoundException'{0x0000000085863c18}: com/android/build/gradle/internal/tasks/MergeNativeLibsTaskCustomizer> (0x0000000085863c18) 
thrown [s\open\src\hotspot\share\classfile\systemDictionary.cpp, line 256]
Event: 54.620 Thread 0x000001d376ed6d00 Exception <a 'java/lang/ClassNotFoundException'{0x0000000085892b98}: com/android/build/gradle/internal/tasks/MergeNativeLibsTask_DecoratedCustomizer> (0x0000000085892b98) 
thrown [s\open\src\hotspot\share\classfile\systemDictionary.cpp, line 256]
Event: 54.629 Thread 0x000001d376ed6d00 Exception <a 'java/lang/ClassNotFoundException'{0x00000000857352f0}: com/android/build/gradle/internal/tasks/StripDebugSymbolsTask_DecoratedBeanInfo> (0x00000000857352f0) 
thrown [s\open\src\hotspot\share\classfile\systemDictionary.cpp, line 256]
Event: 54.630 Thread 0x000001d376ed6d00 Exception <a 'java/lang/ClassNotFoundException'{0x0000000085740ef8}: com/android/build/gradle/internal/tasks/StripDebugSymbolsTaskBeanInfo> (0x0000000085740ef8) 
thrown [s\open\src\hotspot\share\classfile\systemDictionary.cpp, line 256]
Event: 54.631 Thread 0x000001d376ed6d00 Exception <a 'java/lang/ClassNotFoundException'{0x000000008574c890}: com/android/build/gradle/internal/tasks/StripDebugSymbolsTaskCustomizer> (0x000000008574c890) 
thrown [s\open\src\hotspot\share\classfile\systemDictionary.cpp, line 256]
Event: 54.632 Thread 0x000001d376ed6d00 Exception <a 'java/lang/ClassNotFoundException'{0x0000000085770128}: com/android/build/gradle/internal/tasks/StripDebugSymbolsTask_DecoratedCustomizer> (0x0000000085770128) 
thrown [s\open\src\hotspot\share\classfile\systemDictionary.cpp, line 256]

VM Operations (20 events):
Event: 52.416 Executing VM operation: HandshakeAllThreads done
Event: 52.903 Executing VM operation: HandshakeAllThreads
Event: 52.903 Executing VM operation: HandshakeAllThreads done
Event: 53.094 Executing VM operation: HandshakeAllThreads
Event: 53.094 Executing VM operation: HandshakeAllThreads done
Event: 53.094 Executing VM operation: Cleanup
Event: 53.094 Executing VM operation: Cleanup done
Event: 53.343 Executing VM operation: G1CollectForAllocation
Event: 53.353 Executing VM operation: G1CollectForAllocation done
Event: 53.388 Executing VM operation: HandshakeAllThreads
Event: 53.389 Executing VM operation: HandshakeAllThreads done
Event: 53.541 Executing VM operation: G1Concurrent
Event: 53.550 Executing VM operation: G1Concurrent done
Event: 53.630 Executing VM operation: G1Concurrent
Event: 53.631 Executing VM operation: G1Concurrent done
Event: 54.019 Executing VM operation: HandshakeAllThreads
Event: 54.019 Executing VM operation: HandshakeAllThreads done
Event: 54.236 Executing VM operation: G1CollectForAllocation
Event: 54.251 Executing VM operation: G1CollectForAllocation done
Event: 54.639 Executing VM operation: G1CollectForAllocation

Events (20 events):
Event: 53.031 loading class java/util/EnumMap$EntrySet done
Event: 53.031 loading class java/util/EnumMap$EntryIterator
Event: 53.031 loading class java/util/EnumMap$EnumMapIterator
Event: 53.031 loading class java/util/EnumMap$EnumMapIterator done
Event: 53.031 loading class java/util/EnumMap$EntryIterator done
Event: 53.031 loading class java/util/EnumMap$EntryIterator$Entry
Event: 53.031 loading class java/util/EnumMap$EntryIterator$Entry done
Event: 53.060 Thread 0x000001d3775c5b50 Thread added: 0x000001d3775c5b50
Event: 53.060 loading class jdk/internal/reflect/UnsafeBooleanFieldAccessorImpl
Event: 53.061 loading class jdk/internal/reflect/UnsafeBooleanFieldAccessorImpl done
Event: 54.180 loading class java/lang/ClassBeanInfo
Event: 54.180 loading class java/lang/ClassBeanInfo done
Event: 54.180 loading class java/lang/ClassBeanInfo
Event: 54.180 loading class java/lang/ClassBeanInfo done
Event: 54.180 loading class java/lang/ClassCustomizer
Event: 54.180 loading class java/lang/ClassCustomizer done
Event: 54.180 loading class java/lang/ClassCustomizer
Event: 54.181 loading class java/lang/ClassCustomizer done
Event: 54.533 loading class java/io/FilterReader
Event: 54.533 loading class java/io/FilterReader done


Dynamic libraries:
0x00007ff7cabe0000 - 0x00007ff7cabf0000 	C:\Program Files\Java\jdk-17.0.4\bin\java.exe
0x00007ffc62fb0000 - 0x00007ffc631a8000 	C:\Windows\SYSTEM32\ntdll.dll
0x00007ffc61100000 - 0x00007ffc611bd000 	C:\Windows\System32\KERNEL32.DLL
0x00007ffc60bc0000 - 0x00007ffc60eb6000 	C:\Windows\System32\KERNELBASE.dll
0x00007ffc609e0000 - 0x00007ffc60ae0000 	C:\Windows\System32\ucrtbase.dll
0x00007ffc5d7b0000 - 0x00007ffc5d7ca000 	C:\Program Files\Java\jdk-17.0.4\bin\VCRUNTIME140.dll
0x00007ffc5c230000 - 0x00007ffc5c248000 	C:\Program Files\Java\jdk-17.0.4\bin\jli.dll
0x00007ffc61220000 - 0x00007ffc612cf000 	C:\Windows\System32\ADVAPI32.dll
0x00007ffc61c30000 - 0x00007ffc61cce000 	C:\Windows\System32\msvcrt.dll
0x00007ffc61cd0000 - 0x00007ffc61d6c000 	C:\Windows\System32\sechost.dll
0x00007ffc61540000 - 0x00007ffc61666000 	C:\Windows\System32\RPCRT4.dll
0x00007ffc613a0000 - 0x00007ffc6153e000 	C:\Windows\System32\USER32.dll
0x00007ffc60ae0000 - 0x00007ffc60b02000 	C:\Windows\System32\win32u.dll
0x00007ffc4c3e0000 - 0x00007ffc4c67a000 	C:\Windows\WinSxS\amd64_microsoft.windows.common-controls_6595b64144ccf1df_6.0.19041.3636_none_60b6a03d71f818d5\COMCTL32.dll
0x00007ffc611c0000 - 0x00007ffc611ec000 	C:\Windows\System32\GDI32.dll
0x00007ffc60ef0000 - 0x00007ffc6100a000 	C:\Windows\System32\gdi32full.dll
0x00007ffc60940000 - 0x00007ffc609dd000 	C:\Windows\System32\msvcp_win.dll
0x00007ffc5ef00000 - 0x00007ffc5ef0a000 	C:\Windows\SYSTEM32\VERSION.dll
0x00007ffc611f0000 - 0x00007ffc61220000 	C:\Windows\System32\IMM32.DLL
0x00007ffc5ef10000 - 0x00007ffc5ef46000 	C:\Windows\system32\DriverStore\FileRepository\nvami.inf_amd64_1474122a0ce2f241\nvinitx.dll
0x00007ffc61f20000 - 0x00007ffc62665000 	C:\Windows\System32\Shell32.dll
0x00007ffc5e700000 - 0x00007ffc5ee9b000 	C:\Windows\SYSTEM32\windows.storage.dll
0x00007ffc616e0000 - 0x00007ffc61a34000 	C:\Windows\System32\combase.dll
0x00007ffc600d0000 - 0x00007ffc600fd000 	C:\Windows\SYSTEM32\Wldp.dll
0x00007ffc61a50000 - 0x00007ffc61afd000 	C:\Windows\System32\SHCORE.dll
0x00007ffc627f0000 - 0x00007ffc62845000 	C:\Windows\System32\shlwapi.dll
0x0000000075be0000 - 0x0000000075be6000 	C:\Program Files\NVIDIA Corporation\CoProcManager\_etoured.dll
0x00007ffc59000000 - 0x00007ffc59043000 	C:\Program Files\NVIDIA Corporation\CoProcManager\nvd3d9wrapx.dll
0x00007ffc62a00000 - 0x00007ffc62e6e000 	C:\Windows\System32\SETUPAPI.dll
0x00007ffc608f0000 - 0x00007ffc6093e000 	C:\Windows\System32\cfgmgr32.dll
0x00007ffc60ec0000 - 0x00007ffc60ee7000 	C:\Windows\System32\bcrypt.dll
0x00007ffc58fd0000 - 0x00007ffc58ffd000 	C:\Program Files\NVIDIA Corporation\CoProcManager\nvdxgiwrapx.dll
0x00007ffc5dfc0000 - 0x00007ffc5dfcc000 	C:\Program Files\Java\jdk-17.0.4\bin\vcruntime140_1.dll
0x00007ffc3cc40000 - 0x00007ffc3cccd000 	C:\Program Files\Java\jdk-17.0.4\bin\msvcp140.dll
0x00007ffc25a00000 - 0x00007ffc265c2000 	C:\Program Files\Java\jdk-17.0.4\bin\server\jvm.dll
0x00007ffc62e70000 - 0x00007ffc62e78000 	C:\Windows\System32\PSAPI.DLL
0x00007ffc57cb0000 - 0x00007ffc57cd7000 	C:\Windows\SYSTEM32\WINMM.dll
0x00007ffc2e930000 - 0x00007ffc2e939000 	C:\Windows\SYSTEM32\WSOCK32.dll
0x00007ffc61670000 - 0x00007ffc616db000 	C:\Windows\System32\ws2_32.DLL
0x00007ffc5e590000 - 0x00007ffc5e5a2000 	C:\Windows\SYSTEM32\kernel.appcore.dll
0x00007ffc5c270000 - 0x00007ffc5c27a000 	C:\Program Files\Java\jdk-17.0.4\bin\jimage.dll
0x00007ffc4f300000 - 0x00007ffc4f4e4000 	C:\Windows\SYSTEM32\DBGHELP.DLL
0x00007ffc4f2b0000 - 0x00007ffc4f2e4000 	C:\Windows\SYSTEM32\dbgcore.DLL
0x00007ffc60700000 - 0x00007ffc60782000 	C:\Windows\System32\bcryptPrimitives.dll
0x00007ffc5a1a0000 - 0x00007ffc5a1c5000 	C:\Program Files\Java\jdk-17.0.4\bin\java.dll
0x00007ffc3a890000 - 0x00007ffc3a966000 	C:\Program Files\Java\jdk-17.0.4\bin\jsvml.dll
0x00007ffc605c0000 - 0x00007ffc605e5000 	C:\Windows\SYSTEM32\profapi.dll
0x00007ffc56b30000 - 0x00007ffc56b49000 	C:\Program Files\Java\jdk-17.0.4\bin\net.dll
0x00007ffc55010000 - 0x00007ffc5511a000 	C:\Windows\SYSTEM32\WINHTTP.dll
0x00007ffc5fe30000 - 0x00007ffc5fe9a000 	C:\Windows\system32\mswsock.dll
0x00007ffc54ce0000 - 0x00007ffc54cf6000 	C:\Program Files\Java\jdk-17.0.4\bin\nio.dll
0x00007ffc54c10000 - 0x00007ffc54c28000 	C:\Program Files\Java\jdk-17.0.4\bin\zip.dll
0x00007ffc5c200000 - 0x00007ffc5c210000 	C:\Program Files\Java\jdk-17.0.4\bin\verify.dll
0x00007ffc3d5d0000 - 0x00007ffc3d5f7000 	C:\Users\Aadhil Ahamed\.gradle\native\68d5fa5c4cc2d200863cafc0d521ce42e7d3e7ee720ec0a83991735586a16f82\windows-amd64\native-platform.dll
0x00007ffc362c0000 - 0x00007ffc36404000 	C:\Users\Aadhil Ahamed\.gradle\native\e376f236ea51e6404a007f0833ffe2c6e607c4080706a723a18a27aeea778392\windows-amd64\native-platform-file-events.dll
0x00007ffc5b420000 - 0x00007ffc5b429000 	C:\Program Files\Java\jdk-17.0.4\bin\management.dll
0x00007ffc5a460000 - 0x00007ffc5a46b000 	C:\Program Files\Java\jdk-17.0.4\bin\management_ext.dll
0x00007ffc60020000 - 0x00007ffc60038000 	C:\Windows\SYSTEM32\CRYPTSP.dll
0x00007ffc5f6f0000 - 0x00007ffc5f724000 	C:\Windows\system32\rsaenh.dll
0x00007ffc60540000 - 0x00007ffc6056e000 	C:\Windows\SYSTEM32\USERENV.dll
0x00007ffc60040000 - 0x00007ffc6004c000 	C:\Windows\SYSTEM32\CRYPTBASE.dll
0x00007ffc5fad0000 - 0x00007ffc5fb0b000 	C:\Windows\SYSTEM32\IPHLPAPI.DLL
0x00007ffc62f60000 - 0x00007ffc62f68000 	C:\Windows\System32\NSI.dll
0x00007ffc552a0000 - 0x00007ffc552b7000 	C:\Windows\SYSTEM32\dhcpcsvc6.DLL
0x00007ffc55370000 - 0x00007ffc5538d000 	C:\Windows\SYSTEM32\dhcpcsvc.DLL
0x00007ffc5fb60000 - 0x00007ffc5fc2a000 	C:\Windows\SYSTEM32\DNSAPI.dll
0x00007ffc5a2d0000 - 0x00007ffc5a2de000 	C:\Program Files\Java\jdk-17.0.4\bin\sunmscapi.dll
0x00007ffc60790000 - 0x00007ffc608ed000 	C:\Windows\System32\CRYPT32.dll
0x00007ffc60140000 - 0x00007ffc60167000 	C:\Windows\SYSTEM32\ncrypt.dll
0x00007ffc60100000 - 0x00007ffc6013b000 	C:\Windows\SYSTEM32\NTASN1.dll
0x00007ffc2e940000 - 0x00007ffc2e947000 	C:\Windows\system32\wshunix.dll
0x00007ffc53d50000 - 0x00007ffc53d5a000 	C:\Windows\System32\rasadhlp.dll
0x00007ffc54890000 - 0x00007ffc54910000 	C:\Windows\System32\fwpuclnt.dll

dbghelp: loaded successfully - version: 4.0.5 - missing functions: none
symbol engine: initialized successfully - sym options: 0x614 - pdb path: .;C:\Program Files\Java\jdk-17.0.4\bin;C:\Windows\SYSTEM32;C:\Windows\WinSxS\amd64_microsoft.windows.common-controls_6595b64144ccf1df_6.0.19041.3636_none_60b6a03d71f818d5;C:\Windows\system32\DriverStore\FileRepository\nvami.inf_amd64_1474122a0ce2f241;C:\Program Files\NVIDIA Corporation\CoProcManager;C:\Program Files\Java\jdk-17.0.4\bin\server;C:\Users\Aadhil Ahamed\.gradle\native\68d5fa5c4cc2d200863cafc0d521ce42e7d3e7ee720ec0a83991735586a16f82\windows-amd64;C:\Users\Aadhil Ahamed\.gradle\native\e376f236ea51e6404a007f0833ffe2c6e607c4080706a723a18a27aeea778392\windows-amd64

VM Arguments:
jvm_args: --add-opens=java.base/java.util=ALL-UNNAMED --add-opens=java.base/java.lang=ALL-UNNAMED --add-opens=java.base/java.lang.invoke=ALL-UNNAMED --add-opens=java.prefs/java.util.prefs=ALL-UNNAMED --add-opens=java.base/java.nio.charset=ALL-UNNAMED --add-opens=java.base/java.net=ALL-UNNAMED --add-opens=java.base/java.util.concurrent.atomic=ALL-UNNAMED -Xmx2048m -Dfile.encoding=UTF-8 -Duser.country=US -Duser.language=en -Duser.variant 
java_command: org.gradle.launcher.daemon.bootstrap.GradleDaemon 8.0
java_class_path (initial): C:\Users\Aadhil Ahamed\.gradle\wrapper\dists\gradle-8.0-bin\ca5e32bp14vu59qr306oxotwh\gradle-8.0\lib\gradle-launcher-8.0.jar
Launcher Type: SUN_STANDARD

[Global flags]
     intx CICompilerCount                          = 3                                         {product} {ergonomic}
     uint ConcGCThreads                            = 1                                         {product} {ergonomic}
     uint G1ConcRefinementThreads                  = 4                                         {product} {ergonomic}
   size_t G1HeapRegionSize                         = 1048576                                   {product} {ergonomic}
    uintx GCDrainStackTargetSize                   = 64                                        {product} {ergonomic}
   size_t InitialHeapSize                          = 134217728                                 {product} {ergonomic}
   size_t MarkStackSize                            = 4194304                                   {product} {ergonomic}
   size_t MaxHeapSize                              = 2147483648                                {product} {command line}
   size_t MaxNewSize                               = 1287651328                                {product} {ergonomic}
   size_t MinHeapDeltaBytes                        = 1048576                                   {product} {ergonomic}
   size_t MinHeapSize                              = 8388608                                   {product} {ergonomic}
    uintx NonNMethodCodeHeapSize                   = 5832780                                {pd product} {ergonomic}
    uintx NonProfiledCodeHeapSize                  = 122912730                              {pd product} {ergonomic}
    uintx ProfiledCodeHeapSize                     = 122912730                              {pd product} {ergonomic}
    uintx ReservedCodeCacheSize                    = 251658240                              {pd product} {ergonomic}
     bool SegmentedCodeCache                       = true                                      {product} {ergonomic}
   size_t SoftMaxHeapSize                          = 2147483648                             {manageable} {ergonomic}
     bool UseCompressedClassPointers               = true                           {product lp64_product} {ergonomic}
     bool UseCompressedOops                        = true                           {product lp64_product} {ergonomic}
     bool UseG1GC                                  = true                                      {product} {ergonomic}
     bool UseLargePagesIndividualAllocation        = false                                  {pd product} {ergonomic}

Logging:
Log output configuration:
 #0: stdout all=warning uptime,level,tags
 #1: stderr all=off uptime,level,tags

Environment Variables:
JAVA_HOME=C:\Program Files\Java\jdk-17.0.4
PATH=C:\Program Files\Java\jdk-17.0.4;C:\Program Files\Microsoft\jdk-11.0.19.7-hotspot;C:\Python311\Scripts\;C:\Python311\;C:\Program Files\Common Files\Oracle\Java\javapath;C:\Windows\system32;C:\Windows;C:\Windows\System32\Wbem;C:\Windows\System32\WindowsPowerShell\v1.0\;C:\Windows\System32\OpenSSH\;C:\Program Files (x86)\NVIDIA Corporation\PhysX\Common;C:\Program Files\Git\cmd;C:\Program Files (x86)\Microsoft SQL Server\160\DTS\Binn\;C:\Program Files\Azure Data Studio\bin;C:\Program Files (x86)\Microsoft SQL Server\150\Tools\Binn\;C:\Program Files\Microsoft SQL Server\150\Tools\Binn\;C:\Program Files (x86)\Microsoft SQL Server\150\DTS\Binn\;C:\Program Files\Microsoft SQL Server\150\DTS\Binn\;C:\Program Files\Microsoft SQL Server\Client SDK\ODBC\170\Tools\Binn\;C:\xampp\php;C:\ProgramData\chocolatey\bin;C:\Program Files\nodejs\;C:\Program Files\MySQL\MySQL Shell 8.0\bin\;C:\Users\Aadhil Ahamed\AppData\Local\Programs\Python\Python39-32\Scripts\;C:\Users\Aadhil Ahamed\AppData\Local\Programs\Python\Python39-32\;C:\Users\Aadhil Ahamed\AppData\Local\Microsoft\WindowsApps;D:\Microsoft VS Code\bin;C:\Program Files\Java\jdk-11.0.16;C:\Program Files (x86)\Java\jdk 1.8.0_271\bin;C:\Program Files\Java\jdk-18.0.2\bin;C:\Program Files\Azure Data Studio\bin;C:\Users\Aadhil Ahamed\AppData\Roaming\npm
USERNAME=Aadhil Ahamed
OS=Windows_NT
PROCESSOR_IDENTIFIER=Intel64 Family 6 Model 42 Stepping 7, GenuineIntel



---------------  S Y S T E M  ---------------

OS:
 Windows 10 , 64 bit Build 19041 (10.0.19041.3636)
OS uptime: 0 days 11:30 hours

CPU: total 4 (initial active 4) (2 cores per cpu, 2 threads per core) family 6 model 42 stepping 7 microcode 0x2f, cx8, cmov, fxsr, ht, mmx, sse, sse2, sse3, ssse3, sse4.1, sse4.2, popcnt, tsc, tscinvbit, avx, aes, clmul, vzeroupper, clflush

Memory: 4k page, system-wide physical 8103M (873M free)
TotalPageFile size 10151M (AvailPageFile size 63M)
current process WorkingSet (physical memory assigned to process): 346M, peak: 351M
current process commit charge ("private bytes"): 390M, peak: 511M

vm_info: Java HotSpot(TM) 64-Bit Server VM (17.0.4+11-LTS-179) for windows-amd64 JRE (17.0.4+11-LTS-179), built on Jun 28 2022 08:23:05 by "mach5one" with MS VC++ 16.8 / 16.9 (VS2019)

END.
